[1.562s] Invoking command in '/home/pi/workspace/ControlTower/build/interface_package': CMAKE_PREFIX_PATH=/opt/ros/humble /usr/bin/cmake /home/pi/workspace/ControlTower/src/interface_package -DCMAKE_INSTALL_PREFIX=/home/pi/workspace/ControlTower/install/interface_package
[2.644s] -- The C compiler identification is GNU 11.4.0
[3.395s] -- The CXX compiler identification is GNU 11.4.0
[3.452s] -- Detecting C compiler ABI info
[3.990s] -- Detecting C compiler ABI info - done
[4.020s] -- Check for working C compiler: /usr/bin/cc - skipped
[4.030s] -- Detecting C compile features
[4.031s] -- Detecting C compile features - done
[4.045s] -- Detecting CXX compiler ABI info
[4.556s] -- Detecting CXX compiler ABI info - done
[4.587s] -- Check for working CXX compiler: /usr/bin/c++ - skipped
[4.589s] -- Detecting CXX compile features
[4.591s] -- Detecting CXX compile features - done
[4.619s] -- Found ament_cmake: 1.3.10 (/opt/ros/humble/share/ament_cmake/cmake)
[5.651s] -- Found Python3: /usr/bin/python3 (found version "3.10.12") found components: Interpreter 
[6.401s] -- Found builtin_interfaces: 1.2.1 (/opt/ros/humble/share/builtin_interfaces/cmake)
[6.679s] -- Found rosidl_generator_c: 3.1.5 (/opt/ros/humble/share/rosidl_generator_c/cmake)
[6.722s] -- Found rosidl_adapter: 3.1.5 (/opt/ros/humble/share/rosidl_adapter/cmake)
[6.782s] -- Found rosidl_generator_cpp: 3.1.5 (/opt/ros/humble/share/rosidl_generator_cpp/cmake)
[6.861s] -- Using all available rosidl_typesupport_c: rosidl_typesupport_fastrtps_c;rosidl_typesupport_introspection_c
[6.965s] -- Using all available rosidl_typesupport_cpp: rosidl_typesupport_fastrtps_cpp;rosidl_typesupport_introspection_cpp
[7.069s] -- Found rosidl_default_generators: 1.2.0 (/opt/ros/humble/share/rosidl_default_generators/cmake)
[8.593s] -- Found ament_cmake_ros: 0.10.0 (/opt/ros/humble/share/ament_cmake_ros/cmake)
[10.316s] -- Using all available rosidl_typesupport_c: rosidl_typesupport_fastrtps_c;rosidl_typesupport_introspection_c
[10.977s] -- Using all available rosidl_typesupport_cpp: rosidl_typesupport_fastrtps_cpp;rosidl_typesupport_introspection_cpp
[11.107s] -- Found PythonInterp: /usr/bin/python3 (found suitable version "3.10.12", minimum required is "3.6") 
[11.127s] -- Found python_cmake_module: 0.10.0 (/opt/ros/humble/share/python_cmake_module/cmake)
[11.273s] -- Found PythonLibs: /usr/lib/aarch64-linux-gnu/libpython3.10.so (found suitable version "3.10.12", minimum required is "3.5") 
[11.273s] -- Using PYTHON_EXECUTABLE: /usr/bin/python3
[11.274s] -- Using PYTHON_INCLUDE_DIRS: /usr/include/python3.10
[11.274s] -- Using PYTHON_LIBRARIES: /usr/lib/aarch64-linux-gnu/libpython3.10.so
[11.399s] -- Found PythonExtra: .so  
[11.605s] -- Found ament_lint_auto: 0.12.11 (/opt/ros/humble/share/ament_lint_auto/cmake)
[11.788s] -- Added test 'cppcheck' to perform static code analysis on C / C++ code
[11.790s] -- Configured cppcheck include dirs: 
[11.791s] -- Configured cppcheck exclude dirs and/or files: 
[11.799s] -- Added test 'lint_cmake' to check CMake code style
[11.820s] -- Added test 'uncrustify' to check C / C++ code style
[11.820s] -- Configured uncrustify additional arguments: 
[11.824s] -- Added test 'xmllint' to check XML markup files
[11.843s] -- Configuring done
[12.069s] -- Generating done
[12.086s] -- Build files have been written to: /home/pi/workspace/ControlTower/build/interface_package
[12.114s] Invoked command in '/home/pi/workspace/ControlTower/build/interface_package' returned '0': CMAKE_PREFIX_PATH=/opt/ros/humble /usr/bin/cmake /home/pi/workspace/ControlTower/src/interface_package -DCMAKE_INSTALL_PREFIX=/home/pi/workspace/ControlTower/install/interface_package
[12.126s] Invoking command in '/home/pi/workspace/ControlTower/build/interface_package': CMAKE_PREFIX_PATH=/opt/ros/humble /usr/bin/cmake --build /home/pi/workspace/ControlTower/build/interface_package -- -j4 -l4
[12.337s] [  2%] [34m[1mGenerating C code for ROS interfaces[0m
[12.386s] [  4%] [34m[1mGenerating C++ code for ROS interfaces[0m
[12.456s] [  4%] Built target ament_cmake_python_copy_interface_package
[14.743s] running egg_info
[14.768s] creating interface_package.egg-info
[14.772s] writing interface_package.egg-info/PKG-INFO
[14.779s] writing dependency_links to interface_package.egg-info/dependency_links.txt
[14.784s] writing top-level names to interface_package.egg-info/top_level.txt
[14.787s] writing manifest file 'interface_package.egg-info/SOURCES.txt'
[14.807s] reading manifest file 'interface_package.egg-info/SOURCES.txt'
[14.815s] writing manifest file 'interface_package.egg-info/SOURCES.txt'
[15.091s] [  4%] Built target ament_cmake_python_build_interface_package_egg
[15.295s] [  6%] [32mBuilding C object CMakeFiles/interface_package__rosidl_generator_c.dir/rosidl_generator_c/interface_package/msg/detail/robot_log__functions.c.o[0m
[15.322s] [  8%] [32mBuilding C object CMakeFiles/interface_package__rosidl_generator_c.dir/rosidl_generator_c/interface_package/srv/detail/trash_info__functions.c.o[0m
[15.330s] [ 10%] [32mBuilding C object CMakeFiles/interface_package__rosidl_generator_c.dir/rosidl_generator_c/interface_package/srv/detail/node_num__functions.c.o[0m
[15.363s] [ 10%] Built target interface_package__cpp
[15.426s] [ 12%] [34m[1mGenerating C++ type support dispatch for ROS interfaces[0m
[15.861s] [ 14%] [34m[1mGenerating C++ type support for eProsima Fast-RTPS[0m
[15.904s] [ 17%] [34m[1mGenerating C++ introspection for ROS interfaces[0m
[15.973s] [ 19%] [32m[1mLinking C shared library libinterface_package__rosidl_generator_c.so[0m
[16.484s] [ 19%] Built target interface_package__rosidl_generator_c
[16.585s] [ 21%] [34m[1mGenerating C type support for eProsima Fast-RTPS[0m
[17.904s] [ 23%] [32mBuilding CXX object CMakeFiles/interface_package__rosidl_typesupport_cpp.dir/rosidl_typesupport_cpp/interface_package/msg/robot_log__type_support.cpp.o[0m
[18.782s] [ 25%] [32mBuilding CXX object CMakeFiles/interface_package__rosidl_typesupport_introspection_cpp.dir/rosidl_typesupport_introspection_cpp/interface_package/msg/detail/robot_log__type_support.cpp.o[0m
[19.288s] [ 27%] [32mBuilding CXX object CMakeFiles/interface_package__rosidl_typesupport_fastrtps_cpp.dir/rosidl_typesupport_fastrtps_cpp/interface_package/msg/detail/dds_fastrtps/robot_log__type_support.cpp.o[0m
[20.166s] [ 29%] [32mBuilding CXX object CMakeFiles/interface_package__rosidl_typesupport_fastrtps_c.dir/rosidl_typesupport_fastrtps_c/interface_package/msg/detail/robot_log__type_support_c.cpp.o[0m
[21.080s] [ 31%] [32mBuilding CXX object CMakeFiles/interface_package__rosidl_typesupport_cpp.dir/rosidl_typesupport_cpp/interface_package/srv/node_num__type_support.cpp.o[0m
[23.153s] [ 34%] [32mBuilding CXX object CMakeFiles/interface_package__rosidl_typesupport_introspection_cpp.dir/rosidl_typesupport_introspection_cpp/interface_package/srv/detail/node_num__type_support.cpp.o[0m
[23.387s] [ 36%] [32mBuilding CXX object CMakeFiles/interface_package__rosidl_typesupport_fastrtps_c.dir/rosidl_typesupport_fastrtps_c/interface_package/srv/detail/node_num__type_support_c.cpp.o[0m
[23.618s] [ 38%] [32mBuilding CXX object CMakeFiles/interface_package__rosidl_typesupport_fastrtps_cpp.dir/rosidl_typesupport_fastrtps_cpp/interface_package/srv/detail/dds_fastrtps/node_num__type_support.cpp.o[0m
[24.196s] [ 40%] [32mBuilding CXX object CMakeFiles/interface_package__rosidl_typesupport_cpp.dir/rosidl_typesupport_cpp/interface_package/srv/trash_info__type_support.cpp.o[0m
[26.839s] [ 42%] [32mBuilding CXX object CMakeFiles/interface_package__rosidl_typesupport_introspection_cpp.dir/rosidl_typesupport_introspection_cpp/interface_package/srv/detail/trash_info__type_support.cpp.o[0m
[26.942s] [ 44%] [32mBuilding CXX object CMakeFiles/interface_package__rosidl_typesupport_fastrtps_c.dir/rosidl_typesupport_fastrtps_c/interface_package/srv/detail/trash_info__type_support_c.cpp.o[0m
[27.334s] [ 46%] [32m[1mLinking CXX shared library libinterface_package__rosidl_typesupport_cpp.so[0m
[27.765s] [ 46%] Built target interface_package__rosidl_typesupport_cpp
[27.905s] [ 48%] [34m[1mGenerating C introspection for ROS interfaces[0m
[27.947s] [ 51%] [32mBuilding CXX object CMakeFiles/interface_package__rosidl_typesupport_fastrtps_cpp.dir/rosidl_typesupport_fastrtps_cpp/interface_package/srv/detail/dds_fastrtps/trash_info__type_support.cpp.o[0m
[30.644s] [ 53%] [32m[1mLinking CXX shared library libinterface_package__rosidl_typesupport_fastrtps_c.so[0m
[30.771s] [ 55%] [32m[1mLinking CXX shared library libinterface_package__rosidl_typesupport_introspection_cpp.so[0m
[31.453s] [ 55%] Built target interface_package__rosidl_typesupport_fastrtps_c
[31.487s] [ 55%] Built target interface_package__rosidl_typesupport_introspection_cpp
[31.575s] [ 57%] [34m[1mGenerating C type support dispatch for ROS interfaces[0m
[31.744s] [ 59%] [32mBuilding C object CMakeFiles/interface_package__rosidl_typesupport_introspection_c.dir/rosidl_typesupport_introspection_c/interface_package/srv/detail/node_num__type_support.c.o[0m
[31.787s] [ 61%] [32mBuilding C object CMakeFiles/interface_package__rosidl_typesupport_introspection_c.dir/rosidl_typesupport_introspection_c/interface_package/msg/detail/robot_log__type_support.c.o[0m
[32.040s] [ 63%] [32mBuilding C object CMakeFiles/interface_package__rosidl_typesupport_introspection_c.dir/rosidl_typesupport_introspection_c/interface_package/srv/detail/trash_info__type_support.c.o[0m
[32.328s] [ 65%] [32m[1mLinking C shared library libinterface_package__rosidl_typesupport_introspection_c.so[0m
[32.418s] [ 68%] [32m[1mLinking CXX shared library libinterface_package__rosidl_typesupport_fastrtps_cpp.so[0m
[32.532s] [ 68%] Built target interface_package__rosidl_typesupport_introspection_c
[32.863s] [ 68%] Built target interface_package__rosidl_typesupport_fastrtps_cpp
[33.557s] [ 70%] [32mBuilding CXX object CMakeFiles/interface_package__rosidl_typesupport_c.dir/rosidl_typesupport_c/interface_package/msg/robot_log__type_support.cpp.o[0m
[33.559s] [ 72%] [32mBuilding CXX object CMakeFiles/interface_package__rosidl_typesupport_c.dir/rosidl_typesupport_c/interface_package/srv/node_num__type_support.cpp.o[0m
[33.734s] [ 74%] [32mBuilding CXX object CMakeFiles/interface_package__rosidl_typesupport_c.dir/rosidl_typesupport_c/interface_package/srv/trash_info__type_support.cpp.o[0m
[33.907s] [ 76%] [32m[1mLinking CXX shared library libinterface_package__rosidl_typesupport_c.so[0m
[34.105s] [ 76%] Built target interface_package__rosidl_typesupport_c
[34.204s] [ 76%] Built target interface_package
[34.305s] [ 78%] [34m[1mGenerating Python code for ROS interfaces[0m
[37.535s] [ 78%] Built target interface_package__py
[37.639s] [ 80%] [32mBuilding C object CMakeFiles/interface_package__rosidl_generator_py.dir/rosidl_generator_py/interface_package/msg/_robot_log_s.c.o[0m
[37.640s] [ 82%] [32mBuilding C object CMakeFiles/interface_package__rosidl_generator_py.dir/rosidl_generator_py/interface_package/srv/_node_num_s.c.o[0m
[38.299s] [ 85%] [32mBuilding C object CMakeFiles/interface_package__rosidl_generator_py.dir/rosidl_generator_py/interface_package/srv/_trash_info_s.c.o[0m
[38.885s] [ 87%] [32m[1mLinking C shared library rosidl_generator_py/interface_package/libinterface_package__rosidl_generator_py.so[0m
[39.117s] [ 87%] Built target interface_package__rosidl_generator_py
[39.221s] [ 89%] [32mBuilding C object CMakeFiles/interface_package__rosidl_typesupport_fastrtps_c__pyext.dir/rosidl_generator_py/interface_package/_interface_package_s.ep.rosidl_typesupport_fastrtps_c.c.o[0m
[39.230s] [ 91%] [32mBuilding C object CMakeFiles/interface_package__rosidl_typesupport_introspection_c__pyext.dir/rosidl_generator_py/interface_package/_interface_package_s.ep.rosidl_typesupport_introspection_c.c.o[0m
[39.898s] [ 95%] [32m[1mLinking C shared library rosidl_generator_py/interface_package/interface_package_s__rosidl_typesupport_introspection_c.cpython-310-aarch64-linux-gnu.so[0m
[39.902s] [ 95%] [32m[1mLinking C shared library rosidl_generator_py/interface_package/interface_package_s__rosidl_typesupport_fastrtps_c.cpython-310-aarch64-linux-gnu.so[0m
[40.169s] [ 95%] Built target interface_package__rosidl_typesupport_introspection_c__pyext
[40.170s] [ 95%] Built target interface_package__rosidl_typesupport_fastrtps_c__pyext
[40.269s] [ 97%] [32mBuilding C object CMakeFiles/interface_package__rosidl_typesupport_c__pyext.dir/rosidl_generator_py/interface_package/_interface_package_s.ep.rosidl_typesupport_c.c.o[0m
[40.903s] [100%] [32m[1mLinking C shared library rosidl_generator_py/interface_package/interface_package_s__rosidl_typesupport_c.cpython-310-aarch64-linux-gnu.so[0m
[41.106s] [100%] Built target interface_package__rosidl_typesupport_c__pyext
[41.158s] Invoked command in '/home/pi/workspace/ControlTower/build/interface_package' returned '0': CMAKE_PREFIX_PATH=/opt/ros/humble /usr/bin/cmake --build /home/pi/workspace/ControlTower/build/interface_package -- -j4 -l4
[41.858s] Invoking command in '/home/pi/workspace/ControlTower/build/interface_package': CMAKE_PREFIX_PATH=/opt/ros/humble /usr/bin/cmake --install /home/pi/workspace/ControlTower/build/interface_package
[41.892s] -- Install configuration: ""
[41.893s] -- Installing: /home/pi/workspace/ControlTower/install/interface_package/share/ament_index/resource_index/rosidl_interfaces/interface_package
[41.895s] -- Installing: /home/pi/workspace/ControlTower/install/interface_package/include/interface_package/interface_package
[41.897s] -- Installing: /home/pi/workspace/ControlTower/install/interface_package/include/interface_package/interface_package/srv
[41.898s] -- Installing: /home/pi/workspace/ControlTower/install/interface_package/include/interface_package/interface_package/srv/detail
[41.899s] -- Installing: /home/pi/workspace/ControlTower/install/interface_package/include/interface_package/interface_package/srv/detail/node_num__functions.h
[41.901s] -- Installing: /home/pi/workspace/ControlTower/install/interface_package/include/interface_package/interface_package/srv/detail/node_num__struct.h
[41.902s] -- Installing: /home/pi/workspace/ControlTower/install/interface_package/include/interface_package/interface_package/srv/detail/trash_info__functions.h
[41.903s] -- Installing: /home/pi/workspace/ControlTower/install/interface_package/include/interface_package/interface_package/srv/detail/node_num__type_support.h
[41.904s] -- Installing: /home/pi/workspace/ControlTower/install/interface_package/include/interface_package/interface_package/srv/detail/trash_info__struct.h
[41.906s] -- Installing: /home/pi/workspace/ControlTower/install/interface_package/include/interface_package/interface_package/srv/detail/trash_info__functions.c
[41.907s] -- Installing: /home/pi/workspace/ControlTower/install/interface_package/include/interface_package/interface_package/srv/detail/trash_info__type_support.h
[41.909s] -- Installing: /home/pi/workspace/ControlTower/install/interface_package/include/interface_package/interface_package/srv/detail/node_num__functions.c
[41.910s] -- Installing: /home/pi/workspace/ControlTower/install/interface_package/include/interface_package/interface_package/srv/trash_info.h
[41.912s] -- Installing: /home/pi/workspace/ControlTower/install/interface_package/include/interface_package/interface_package/srv/node_num.h
[41.913s] -- Installing: /home/pi/workspace/ControlTower/install/interface_package/include/interface_package/interface_package/msg
[41.914s] -- Installing: /home/pi/workspace/ControlTower/install/interface_package/include/interface_package/interface_package/msg/detail
[41.915s] -- Installing: /home/pi/workspace/ControlTower/install/interface_package/include/interface_package/interface_package/msg/detail/robot_log__struct.h
[41.919s] -- Installing: /home/pi/workspace/ControlTower/install/interface_package/include/interface_package/interface_package/msg/detail/robot_log__functions.c
[41.919s] -- Installing: /home/pi/workspace/ControlTower/install/interface_package/include/interface_package/interface_package/msg/detail/robot_log__type_support.h
[41.920s] -- Installing: /home/pi/workspace/ControlTower/install/interface_package/include/interface_package/interface_package/msg/detail/robot_log__functions.h
[41.921s] -- Installing: /home/pi/workspace/ControlTower/install/interface_package/include/interface_package/interface_package/msg/robot_log.h
[41.922s] -- Installing: /home/pi/workspace/ControlTower/install/interface_package/include/interface_package/interface_package/msg/rosidl_generator_c__visibility_control.h
[41.924s] -- Installing: /home/pi/workspace/ControlTower/install/interface_package/share/interface_package/environment/library_path.sh
[41.926s] -- Installing: /home/pi/workspace/ControlTower/install/interface_package/share/interface_package/environment/library_path.dsv
[41.928s] -- Installing: /home/pi/workspace/ControlTower/install/interface_package/lib/libinterface_package__rosidl_generator_c.so
[41.933s] -- Set runtime path of "/home/pi/workspace/ControlTower/install/interface_package/lib/libinterface_package__rosidl_generator_c.so" to ""
[41.934s] -- Up-to-date: /home/pi/workspace/ControlTower/install/interface_package/include/interface_package/interface_package
[41.934s] -- Up-to-date: /home/pi/workspace/ControlTower/install/interface_package/include/interface_package/interface_package/srv
[41.935s] -- Up-to-date: /home/pi/workspace/ControlTower/install/interface_package/include/interface_package/interface_package/srv/detail
[41.935s] -- Installing: /home/pi/workspace/ControlTower/install/interface_package/include/interface_package/interface_package/srv/detail/trash_info__rosidl_typesupport_fastrtps_c.h
[41.936s] -- Installing: /home/pi/workspace/ControlTower/install/interface_package/include/interface_package/interface_package/srv/detail/node_num__rosidl_typesupport_fastrtps_c.h
[41.937s] -- Up-to-date: /home/pi/workspace/ControlTower/install/interface_package/include/interface_package/interface_package/msg
[41.937s] -- Up-to-date: /home/pi/workspace/ControlTower/install/interface_package/include/interface_package/interface_package/msg/detail
[41.937s] -- Installing: /home/pi/workspace/ControlTower/install/interface_package/include/interface_package/interface_package/msg/detail/robot_log__rosidl_typesupport_fastrtps_c.h
[41.939s] -- Installing: /home/pi/workspace/ControlTower/install/interface_package/include/interface_package/interface_package/msg/rosidl_typesupport_fastrtps_c__visibility_control.h
[41.940s] -- Installing: /home/pi/workspace/ControlTower/install/interface_package/lib/libinterface_package__rosidl_typesupport_fastrtps_c.so
[41.943s] -- Set runtime path of "/home/pi/workspace/ControlTower/install/interface_package/lib/libinterface_package__rosidl_typesupport_fastrtps_c.so" to ""
[41.944s] -- Up-to-date: /home/pi/workspace/ControlTower/install/interface_package/include/interface_package/interface_package
[41.944s] -- Up-to-date: /home/pi/workspace/ControlTower/install/interface_package/include/interface_package/interface_package/srv
[41.945s] -- Up-to-date: /home/pi/workspace/ControlTower/install/interface_package/include/interface_package/interface_package/srv/detail
[41.945s] -- Installing: /home/pi/workspace/ControlTower/install/interface_package/include/interface_package/interface_package/srv/detail/node_num__struct.hpp
[41.946s] -- Installing: /home/pi/workspace/ControlTower/install/interface_package/include/interface_package/interface_package/srv/detail/trash_info__struct.hpp
[41.948s] -- Installing: /home/pi/workspace/ControlTower/install/interface_package/include/interface_package/interface_package/srv/detail/node_num__builder.hpp
[41.952s] -- Installing: /home/pi/workspace/ControlTower/install/interface_package/include/interface_package/interface_package/srv/detail/trash_info__traits.hpp
[41.952s] -- Installing: /home/pi/workspace/ControlTower/install/interface_package/include/interface_package/interface_package/srv/detail/node_num__traits.hpp
[41.953s] -- Installing: /home/pi/workspace/ControlTower/install/interface_package/include/interface_package/interface_package/srv/detail/trash_info__builder.hpp
[41.954s] -- Installing: /home/pi/workspace/ControlTower/install/interface_package/include/interface_package/interface_package/srv/node_num.hpp
[41.955s] -- Installing: /home/pi/workspace/ControlTower/install/interface_package/include/interface_package/interface_package/srv/trash_info.hpp
[41.956s] -- Up-to-date: /home/pi/workspace/ControlTower/install/interface_package/include/interface_package/interface_package/msg
[41.957s] -- Up-to-date: /home/pi/workspace/ControlTower/install/interface_package/include/interface_package/interface_package/msg/detail
[41.957s] -- Installing: /home/pi/workspace/ControlTower/install/interface_package/include/interface_package/interface_package/msg/detail/robot_log__struct.hpp
[41.958s] -- Installing: /home/pi/workspace/ControlTower/install/interface_package/include/interface_package/interface_package/msg/detail/robot_log__builder.hpp
[41.960s] -- Installing: /home/pi/workspace/ControlTower/install/interface_package/include/interface_package/interface_package/msg/detail/robot_log__traits.hpp
[41.961s] -- Installing: /home/pi/workspace/ControlTower/install/interface_package/include/interface_package/interface_package/msg/robot_log.hpp
[41.962s] -- Up-to-date: /home/pi/workspace/ControlTower/install/interface_package/include/interface_package/interface_package
[41.964s] -- Up-to-date: /home/pi/workspace/ControlTower/install/interface_package/include/interface_package/interface_package/srv
[41.964s] -- Up-to-date: /home/pi/workspace/ControlTower/install/interface_package/include/interface_package/interface_package/srv/detail
[41.965s] -- Installing: /home/pi/workspace/ControlTower/install/interface_package/include/interface_package/interface_package/srv/detail/dds_fastrtps
[41.968s] -- Installing: /home/pi/workspace/ControlTower/install/interface_package/include/interface_package/interface_package/srv/detail/node_num__rosidl_typesupport_fastrtps_cpp.hpp
[41.968s] -- Installing: /home/pi/workspace/ControlTower/install/interface_package/include/interface_package/interface_package/srv/detail/trash_info__rosidl_typesupport_fastrtps_cpp.hpp
[41.969s] -- Up-to-date: /home/pi/workspace/ControlTower/install/interface_package/include/interface_package/interface_package/msg
[41.969s] -- Up-to-date: /home/pi/workspace/ControlTower/install/interface_package/include/interface_package/interface_package/msg/detail
[41.969s] -- Installing: /home/pi/workspace/ControlTower/install/interface_package/include/interface_package/interface_package/msg/detail/dds_fastrtps
[41.970s] -- Installing: /home/pi/workspace/ControlTower/install/interface_package/include/interface_package/interface_package/msg/detail/robot_log__rosidl_typesupport_fastrtps_cpp.hpp
[41.972s] -- Installing: /home/pi/workspace/ControlTower/install/interface_package/include/interface_package/interface_package/msg/rosidl_typesupport_fastrtps_cpp__visibility_control.h
[41.973s] -- Installing: /home/pi/workspace/ControlTower/install/interface_package/lib/libinterface_package__rosidl_typesupport_fastrtps_cpp.so
[41.977s] -- Set runtime path of "/home/pi/workspace/ControlTower/install/interface_package/lib/libinterface_package__rosidl_typesupport_fastrtps_cpp.so" to ""
[41.977s] -- Up-to-date: /home/pi/workspace/ControlTower/install/interface_package/include/interface_package/interface_package
[41.977s] -- Up-to-date: /home/pi/workspace/ControlTower/install/interface_package/include/interface_package/interface_package/srv
[41.978s] -- Up-to-date: /home/pi/workspace/ControlTower/install/interface_package/include/interface_package/interface_package/srv/detail
[41.979s] -- Installing: /home/pi/workspace/ControlTower/install/interface_package/include/interface_package/interface_package/srv/detail/node_num__rosidl_typesupport_introspection_c.h
[41.980s] -- Installing: /home/pi/workspace/ControlTower/install/interface_package/include/interface_package/interface_package/srv/detail/trash_info__type_support.c
[41.984s] -- Installing: /home/pi/workspace/ControlTower/install/interface_package/include/interface_package/interface_package/srv/detail/node_num__type_support.c
[41.985s] -- Installing: /home/pi/workspace/ControlTower/install/interface_package/include/interface_package/interface_package/srv/detail/trash_info__rosidl_typesupport_introspection_c.h
[41.985s] -- Up-to-date: /home/pi/workspace/ControlTower/install/interface_package/include/interface_package/interface_package/msg
[41.986s] -- Up-to-date: /home/pi/workspace/ControlTower/install/interface_package/include/interface_package/interface_package/msg/detail
[41.986s] -- Installing: /home/pi/workspace/ControlTower/install/interface_package/include/interface_package/interface_package/msg/detail/robot_log__type_support.c
[41.988s] -- Installing: /home/pi/workspace/ControlTower/install/interface_package/include/interface_package/interface_package/msg/detail/robot_log__rosidl_typesupport_introspection_c.h
[41.989s] -- Installing: /home/pi/workspace/ControlTower/install/interface_package/include/interface_package/interface_package/msg/rosidl_typesupport_introspection_c__visibility_control.h
[41.991s] -- Installing: /home/pi/workspace/ControlTower/install/interface_package/lib/libinterface_package__rosidl_typesupport_introspection_c.so
[41.993s] -- Set runtime path of "/home/pi/workspace/ControlTower/install/interface_package/lib/libinterface_package__rosidl_typesupport_introspection_c.so" to ""
[41.994s] -- Installing: /home/pi/workspace/ControlTower/install/interface_package/lib/libinterface_package__rosidl_typesupport_c.so
[41.997s] -- Set runtime path of "/home/pi/workspace/ControlTower/install/interface_package/lib/libinterface_package__rosidl_typesupport_c.so" to ""
[41.998s] -- Up-to-date: /home/pi/workspace/ControlTower/install/interface_package/include/interface_package/interface_package
[41.999s] -- Up-to-date: /home/pi/workspace/ControlTower/install/interface_package/include/interface_package/interface_package/srv
[42.000s] -- Up-to-date: /home/pi/workspace/ControlTower/install/interface_package/include/interface_package/interface_package/srv/detail
[42.001s] -- Installing: /home/pi/workspace/ControlTower/install/interface_package/include/interface_package/interface_package/srv/detail/node_num__rosidl_typesupport_introspection_cpp.hpp
[42.002s] -- Installing: /home/pi/workspace/ControlTower/install/interface_package/include/interface_package/interface_package/srv/detail/trash_info__type_support.cpp
[42.003s] -- Installing: /home/pi/workspace/ControlTower/install/interface_package/include/interface_package/interface_package/srv/detail/trash_info__rosidl_typesupport_introspection_cpp.hpp
[42.004s] -- Installing: /home/pi/workspace/ControlTower/install/interface_package/include/interface_package/interface_package/srv/detail/node_num__type_support.cpp
[42.005s] -- Up-to-date: /home/pi/workspace/ControlTower/install/interface_package/include/interface_package/interface_package/msg
[42.006s] -- Up-to-date: /home/pi/workspace/ControlTower/install/interface_package/include/interface_package/interface_package/msg/detail
[42.006s] -- Installing: /home/pi/workspace/ControlTower/install/interface_package/include/interface_package/interface_package/msg/detail/robot_log__rosidl_typesupport_introspection_cpp.hpp
[42.008s] -- Installing: /home/pi/workspace/ControlTower/install/interface_package/include/interface_package/interface_package/msg/detail/robot_log__type_support.cpp
[42.010s] -- Installing: /home/pi/workspace/ControlTower/install/interface_package/lib/libinterface_package__rosidl_typesupport_introspection_cpp.so
[42.015s] -- Set runtime path of "/home/pi/workspace/ControlTower/install/interface_package/lib/libinterface_package__rosidl_typesupport_introspection_cpp.so" to ""
[42.016s] -- Installing: /home/pi/workspace/ControlTower/install/interface_package/lib/libinterface_package__rosidl_typesupport_cpp.so
[42.019s] -- Set runtime path of "/home/pi/workspace/ControlTower/install/interface_package/lib/libinterface_package__rosidl_typesupport_cpp.so" to ""
[42.020s] -- Installing: /home/pi/workspace/ControlTower/install/interface_package/share/interface_package/environment/pythonpath.sh
[42.021s] -- Installing: /home/pi/workspace/ControlTower/install/interface_package/share/interface_package/environment/pythonpath.dsv
[42.022s] -- Installing: /home/pi/workspace/ControlTower/install/interface_package/local/lib/python3.10/dist-packages/interface_package-0.0.0-py3.10.egg-info
[42.023s] -- Installing: /home/pi/workspace/ControlTower/install/interface_package/local/lib/python3.10/dist-packages/interface_package-0.0.0-py3.10.egg-info/dependency_links.txt
[42.024s] -- Installing: /home/pi/workspace/ControlTower/install/interface_package/local/lib/python3.10/dist-packages/interface_package-0.0.0-py3.10.egg-info/top_level.txt
[42.025s] -- Installing: /home/pi/workspace/ControlTower/install/interface_package/local/lib/python3.10/dist-packages/interface_package-0.0.0-py3.10.egg-info/SOURCES.txt
[42.027s] -- Installing: /home/pi/workspace/ControlTower/install/interface_package/local/lib/python3.10/dist-packages/interface_package-0.0.0-py3.10.egg-info/PKG-INFO
[42.028s] -- Installing: /home/pi/workspace/ControlTower/install/interface_package/local/lib/python3.10/dist-packages/interface_package
[42.029s] -- Installing: /home/pi/workspace/ControlTower/install/interface_package/local/lib/python3.10/dist-packages/interface_package/interface_package_s__rosidl_typesupport_introspection_c.cpython-310-aarch64-linux-gnu.so
[42.032s] -- Installing: /home/pi/workspace/ControlTower/install/interface_package/local/lib/python3.10/dist-packages/interface_package/interface_package_s__rosidl_typesupport_c.cpython-310-aarch64-linux-gnu.so
[42.034s] -- Installing: /home/pi/workspace/ControlTower/install/interface_package/local/lib/python3.10/dist-packages/interface_package/interface_package_s__rosidl_typesupport_fastrtps_c.cpython-310-aarch64-linux-gnu.so
[42.036s] -- Installing: /home/pi/workspace/ControlTower/install/interface_package/local/lib/python3.10/dist-packages/interface_package/_interface_package_s.ep.rosidl_typesupport_c.c
[42.037s] -- Installing: /home/pi/workspace/ControlTower/install/interface_package/local/lib/python3.10/dist-packages/interface_package/srv
[42.038s] -- Installing: /home/pi/workspace/ControlTower/install/interface_package/local/lib/python3.10/dist-packages/interface_package/srv/_trash_info_s.c
[42.039s] -- Installing: /home/pi/workspace/ControlTower/install/interface_package/local/lib/python3.10/dist-packages/interface_package/srv/_node_num.py
[42.040s] -- Installing: /home/pi/workspace/ControlTower/install/interface_package/local/lib/python3.10/dist-packages/interface_package/srv/_trash_info.py
[42.042s] -- Installing: /home/pi/workspace/ControlTower/install/interface_package/local/lib/python3.10/dist-packages/interface_package/srv/_node_num_s.c
[42.043s] -- Installing: /home/pi/workspace/ControlTower/install/interface_package/local/lib/python3.10/dist-packages/interface_package/srv/__init__.py
[42.044s] -- Installing: /home/pi/workspace/ControlTower/install/interface_package/local/lib/python3.10/dist-packages/interface_package/libinterface_package__rosidl_generator_py.so
[42.046s] -- Installing: /home/pi/workspace/ControlTower/install/interface_package/local/lib/python3.10/dist-packages/interface_package/msg
[42.048s] -- Installing: /home/pi/workspace/ControlTower/install/interface_package/local/lib/python3.10/dist-packages/interface_package/msg/_robot_log_s.c
[42.049s] -- Installing: /home/pi/workspace/ControlTower/install/interface_package/local/lib/python3.10/dist-packages/interface_package/msg/_robot_log.py
[42.051s] -- Installing: /home/pi/workspace/ControlTower/install/interface_package/local/lib/python3.10/dist-packages/interface_package/msg/__init__.py
[42.052s] -- Installing: /home/pi/workspace/ControlTower/install/interface_package/local/lib/python3.10/dist-packages/interface_package/_interface_package_s.ep.rosidl_typesupport_introspection_c.c
[42.054s] -- Installing: /home/pi/workspace/ControlTower/install/interface_package/local/lib/python3.10/dist-packages/interface_package/_interface_package_s.ep.rosidl_typesupport_fastrtps_c.c
[42.055s] -- Installing: /home/pi/workspace/ControlTower/install/interface_package/local/lib/python3.10/dist-packages/interface_package/__init__.py
[42.263s] Listing '/home/pi/workspace/ControlTower/install/interface_package/local/lib/python3.10/dist-packages/interface_package'...
[42.264s] Compiling '/home/pi/workspace/ControlTower/install/interface_package/local/lib/python3.10/dist-packages/interface_package/__init__.py'...
[42.265s] Listing '/home/pi/workspace/ControlTower/install/interface_package/local/lib/python3.10/dist-packages/interface_package/msg'...
[42.266s] Compiling '/home/pi/workspace/ControlTower/install/interface_package/local/lib/python3.10/dist-packages/interface_package/msg/__init__.py'...
[42.267s] Compiling '/home/pi/workspace/ControlTower/install/interface_package/local/lib/python3.10/dist-packages/interface_package/msg/_robot_log.py'...
[42.268s] Listing '/home/pi/workspace/ControlTower/install/interface_package/local/lib/python3.10/dist-packages/interface_package/srv'...
[42.268s] Compiling '/home/pi/workspace/ControlTower/install/interface_package/local/lib/python3.10/dist-packages/interface_package/srv/__init__.py'...
[42.270s] Compiling '/home/pi/workspace/ControlTower/install/interface_package/local/lib/python3.10/dist-packages/interface_package/srv/_node_num.py'...
[42.277s] Compiling '/home/pi/workspace/ControlTower/install/interface_package/local/lib/python3.10/dist-packages/interface_package/srv/_trash_info.py'...
[42.296s] -- Installing: /home/pi/workspace/ControlTower/install/interface_package/local/lib/python3.10/dist-packages/interface_package/interface_package_s__rosidl_typesupport_fastrtps_c.cpython-310-aarch64-linux-gnu.so
[42.299s] -- Set runtime path of "/home/pi/workspace/ControlTower/install/interface_package/local/lib/python3.10/dist-packages/interface_package/interface_package_s__rosidl_typesupport_fastrtps_c.cpython-310-aarch64-linux-gnu.so" to ""
[42.301s] -- Installing: /home/pi/workspace/ControlTower/install/interface_package/local/lib/python3.10/dist-packages/interface_package/interface_package_s__rosidl_typesupport_introspection_c.cpython-310-aarch64-linux-gnu.so
[42.305s] -- Set runtime path of "/home/pi/workspace/ControlTower/install/interface_package/local/lib/python3.10/dist-packages/interface_package/interface_package_s__rosidl_typesupport_introspection_c.cpython-310-aarch64-linux-gnu.so" to ""
[42.306s] -- Installing: /home/pi/workspace/ControlTower/install/interface_package/local/lib/python3.10/dist-packages/interface_package/interface_package_s__rosidl_typesupport_c.cpython-310-aarch64-linux-gnu.so
[42.310s] -- Set runtime path of "/home/pi/workspace/ControlTower/install/interface_package/local/lib/python3.10/dist-packages/interface_package/interface_package_s__rosidl_typesupport_c.cpython-310-aarch64-linux-gnu.so" to ""
[42.311s] -- Installing: /home/pi/workspace/ControlTower/install/interface_package/lib/libinterface_package__rosidl_generator_py.so
[42.315s] -- Set runtime path of "/home/pi/workspace/ControlTower/install/interface_package/lib/libinterface_package__rosidl_generator_py.so" to ""
[42.316s] -- Installing: /home/pi/workspace/ControlTower/install/interface_package/share/interface_package/msg/RobotLog.idl
[42.320s] -- Installing: /home/pi/workspace/ControlTower/install/interface_package/share/interface_package/srv/NodeNum.idl
[42.321s] -- Installing: /home/pi/workspace/ControlTower/install/interface_package/share/interface_package/srv/TrashInfo.idl
[42.322s] -- Installing: /home/pi/workspace/ControlTower/install/interface_package/share/interface_package/msg/RobotLog.msg
[42.323s] -- Installing: /home/pi/workspace/ControlTower/install/interface_package/share/interface_package/srv/NodeNum.srv
[42.324s] -- Installing: /home/pi/workspace/ControlTower/install/interface_package/share/interface_package/srv/NodeNum_Request.msg
[42.326s] -- Installing: /home/pi/workspace/ControlTower/install/interface_package/share/interface_package/srv/NodeNum_Response.msg
[42.327s] -- Installing: /home/pi/workspace/ControlTower/install/interface_package/share/interface_package/srv/TrashInfo.srv
[42.328s] -- Installing: /home/pi/workspace/ControlTower/install/interface_package/share/interface_package/srv/TrashInfo_Request.msg
[42.330s] -- Installing: /home/pi/workspace/ControlTower/install/interface_package/share/interface_package/srv/TrashInfo_Response.msg
[42.332s] -- Installing: /home/pi/workspace/ControlTower/install/interface_package/share/ament_index/resource_index/package_run_dependencies/interface_package
[42.335s] -- Installing: /home/pi/workspace/ControlTower/install/interface_package/share/ament_index/resource_index/parent_prefix_path/interface_package
[42.336s] -- Installing: /home/pi/workspace/ControlTower/install/interface_package/share/interface_package/environment/ament_prefix_path.sh
[42.338s] -- Installing: /home/pi/workspace/ControlTower/install/interface_package/share/interface_package/environment/ament_prefix_path.dsv
[42.339s] -- Installing: /home/pi/workspace/ControlTower/install/interface_package/share/interface_package/environment/path.sh
[42.340s] -- Installing: /home/pi/workspace/ControlTower/install/interface_package/share/interface_package/environment/path.dsv
[42.342s] -- Installing: /home/pi/workspace/ControlTower/install/interface_package/share/interface_package/local_setup.bash
[42.343s] -- Installing: /home/pi/workspace/ControlTower/install/interface_package/share/interface_package/local_setup.sh
[42.344s] -- Installing: /home/pi/workspace/ControlTower/install/interface_package/share/interface_package/local_setup.zsh
[42.346s] -- Installing: /home/pi/workspace/ControlTower/install/interface_package/share/interface_package/local_setup.dsv
[42.348s] -- Installing: /home/pi/workspace/ControlTower/install/interface_package/share/interface_package/package.dsv
[42.352s] -- Installing: /home/pi/workspace/ControlTower/install/interface_package/share/ament_index/resource_index/packages/interface_package
[42.352s] -- Installing: /home/pi/workspace/ControlTower/install/interface_package/share/interface_package/cmake/export_interface_package__rosidl_generator_cExport.cmake
[42.354s] -- Installing: /home/pi/workspace/ControlTower/install/interface_package/share/interface_package/cmake/export_interface_package__rosidl_generator_cExport-noconfig.cmake
[42.355s] -- Installing: /home/pi/workspace/ControlTower/install/interface_package/share/interface_package/cmake/export_interface_package__rosidl_typesupport_fastrtps_cExport.cmake
[42.357s] -- Installing: /home/pi/workspace/ControlTower/install/interface_package/share/interface_package/cmake/export_interface_package__rosidl_typesupport_fastrtps_cExport-noconfig.cmake
[42.359s] -- Installing: /home/pi/workspace/ControlTower/install/interface_package/share/interface_package/cmake/export_interface_package__rosidl_generator_cppExport.cmake
[42.360s] -- Installing: /home/pi/workspace/ControlTower/install/interface_package/share/interface_package/cmake/export_interface_package__rosidl_typesupport_fastrtps_cppExport.cmake
[42.362s] -- Installing: /home/pi/workspace/ControlTower/install/interface_package/share/interface_package/cmake/export_interface_package__rosidl_typesupport_fastrtps_cppExport-noconfig.cmake
[42.364s] -- Installing: /home/pi/workspace/ControlTower/install/interface_package/share/interface_package/cmake/interface_package__rosidl_typesupport_introspection_cExport.cmake
[42.366s] -- Installing: /home/pi/workspace/ControlTower/install/interface_package/share/interface_package/cmake/interface_package__rosidl_typesupport_introspection_cExport-noconfig.cmake
[42.368s] -- Installing: /home/pi/workspace/ControlTower/install/interface_package/share/interface_package/cmake/interface_package__rosidl_typesupport_cExport.cmake
[42.370s] -- Installing: /home/pi/workspace/ControlTower/install/interface_package/share/interface_package/cmake/interface_package__rosidl_typesupport_cExport-noconfig.cmake
[42.372s] -- Installing: /home/pi/workspace/ControlTower/install/interface_package/share/interface_package/cmake/interface_package__rosidl_typesupport_introspection_cppExport.cmake
[42.373s] -- Installing: /home/pi/workspace/ControlTower/install/interface_package/share/interface_package/cmake/interface_package__rosidl_typesupport_introspection_cppExport-noconfig.cmake
[42.375s] -- Installing: /home/pi/workspace/ControlTower/install/interface_package/share/interface_package/cmake/interface_package__rosidl_typesupport_cppExport.cmake
[42.376s] -- Installing: /home/pi/workspace/ControlTower/install/interface_package/share/interface_package/cmake/interface_package__rosidl_typesupport_cppExport-noconfig.cmake
[42.378s] -- Installing: /home/pi/workspace/ControlTower/install/interface_package/share/interface_package/cmake/export_interface_package__rosidl_generator_pyExport.cmake
[42.380s] -- Installing: /home/pi/workspace/ControlTower/install/interface_package/share/interface_package/cmake/export_interface_package__rosidl_generator_pyExport-noconfig.cmake
[42.383s] -- Installing: /home/pi/workspace/ControlTower/install/interface_package/share/interface_package/cmake/rosidl_cmake-extras.cmake
[42.384s] -- Installing: /home/pi/workspace/ControlTower/install/interface_package/share/interface_package/cmake/ament_cmake_export_dependencies-extras.cmake
[42.386s] -- Installing: /home/pi/workspace/ControlTower/install/interface_package/share/interface_package/cmake/ament_cmake_export_include_directories-extras.cmake
[42.388s] -- Installing: /home/pi/workspace/ControlTower/install/interface_package/share/interface_package/cmake/ament_cmake_export_libraries-extras.cmake
[42.389s] -- Installing: /home/pi/workspace/ControlTower/install/interface_package/share/interface_package/cmake/ament_cmake_export_targets-extras.cmake
[42.391s] -- Installing: /home/pi/workspace/ControlTower/install/interface_package/share/interface_package/cmake/rosidl_cmake_export_typesupport_targets-extras.cmake
[42.392s] -- Installing: /home/pi/workspace/ControlTower/install/interface_package/share/interface_package/cmake/rosidl_cmake_export_typesupport_libraries-extras.cmake
[42.394s] -- Installing: /home/pi/workspace/ControlTower/install/interface_package/share/interface_package/cmake/interface_packageConfig.cmake
[42.395s] -- Installing: /home/pi/workspace/ControlTower/install/interface_package/share/interface_package/cmake/interface_packageConfig-version.cmake
[42.397s] -- Installing: /home/pi/workspace/ControlTower/install/interface_package/share/interface_package/package.xml
[42.407s] Invoked command in '/home/pi/workspace/ControlTower/build/interface_package' returned '0': CMAKE_PREFIX_PATH=/opt/ros/humble /usr/bin/cmake --install /home/pi/workspace/ControlTower/build/interface_package
