[0.459s] DEBUG:colcon:Command line arguments: ['/usr/bin/colcon', 'build']
[0.460s] DEBUG:colcon:Parsed command line arguments: Namespace(log_base=None, log_level=None, verb_name='build', build_base='build', install_base='install', merge_install=False, symlink_install=False, test_result_base=None, continue_on_error=False, executor='parallel', parallel_workers=4, event_handlers=None, ignore_user_meta=False, metas=['./colcon.meta'], base_paths=['.'], packages_ignore=None, packages_ignore_regex=None, paths=None, packages_up_to=None, packages_up_to_regex=None, packages_above=None, packages_above_and_dependencies=None, packages_above_depth=None, packages_select_by_dep=None, packages_skip_by_dep=None, packages_skip_up_to=None, packages_select_build_failed=False, packages_skip_build_finished=False, packages_select_test_failures=False, packages_skip_test_passed=False, packages_select=None, packages_skip=None, packages_select_regex=None, packages_skip_regex=None, packages_start=None, packages_end=None, allow_overriding=[], cmake_args=None, cmake_target=None, cmake_target_skip_unavailable=False, cmake_clean_cache=False, cmake_clean_first=False, cmake_force_configure=False, ament_cmake_args=None, catkin_cmake_args=None, catkin_skip_building_tests=False, mixin_files=None, mixin=None, verb_parser=<colcon_mixin.mixin.mixin_argument.MixinArgumentDecorator object at 0xffffa100db40>, verb_extension=<colcon_core.verb.build.BuildVerb object at 0xffffa113a170>, main=<bound method BuildVerb.main of <colcon_core.verb.build.BuildVerb object at 0xffffa113a170>>, mixin_verb=('build',))
[1.276s] Level 1:colcon.colcon_core.package_discovery:discover_packages(colcon_meta) check parameters
[1.277s] Level 1:colcon.colcon_core.package_discovery:discover_packages(recursive) check parameters
[1.277s] Level 1:colcon.colcon_core.package_discovery:discover_packages(ignore) check parameters
[1.277s] Level 1:colcon.colcon_core.package_discovery:discover_packages(path) check parameters
[1.278s] Level 1:colcon.colcon_core.package_discovery:discover_packages(colcon_meta) discover
[1.278s] Level 1:colcon.colcon_core.package_discovery:discover_packages(recursive) discover
[1.278s] INFO:colcon.colcon_core.package_discovery:Crawling recursively for packages in '/home/pi/workspace/ControlTower'
[1.279s] Level 1:colcon.colcon_core.package_identification:_identify(.) by extensions ['ignore', 'ignore_ament_install']
[1.279s] Level 1:colcon.colcon_core.package_identification:_identify(.) by extension 'ignore'
[1.279s] Level 1:colcon.colcon_core.package_identification:_identify(.) by extension 'ignore_ament_install'
[1.280s] Level 1:colcon.colcon_core.package_identification:_identify(.) by extensions ['colcon_pkg']
[1.280s] Level 1:colcon.colcon_core.package_identification:_identify(.) by extension 'colcon_pkg'
[1.280s] Level 1:colcon.colcon_core.package_identification:_identify(.) by extensions ['colcon_meta']
[1.280s] Level 1:colcon.colcon_core.package_identification:_identify(.) by extension 'colcon_meta'
[1.280s] Level 1:colcon.colcon_core.package_identification:_identify(.) by extensions ['ros']
[1.281s] Level 1:colcon.colcon_core.package_identification:_identify(.) by extension 'ros'
[1.328s] Level 1:colcon.colcon_core.package_identification:_identify(.) by extensions ['cmake', 'python']
[1.328s] Level 1:colcon.colcon_core.package_identification:_identify(.) by extension 'cmake'
[1.328s] Level 1:colcon.colcon_core.package_identification:_identify(.) by extension 'python'
[1.328s] Level 1:colcon.colcon_core.package_identification:_identify(.) by extensions ['python_setup_py']
[1.329s] Level 1:colcon.colcon_core.package_identification:_identify(.) by extension 'python_setup_py'
[1.329s] Level 1:colcon.colcon_core.package_identification:_identify(build) by extensions ['ignore', 'ignore_ament_install']
[1.330s] Level 1:colcon.colcon_core.package_identification:_identify(build) by extension 'ignore'
[1.330s] Level 1:colcon.colcon_core.package_identification:_identify(build) ignored
[1.331s] Level 1:colcon.colcon_core.package_identification:_identify(install) by extensions ['ignore', 'ignore_ament_install']
[1.331s] Level 1:colcon.colcon_core.package_identification:_identify(install) by extension 'ignore'
[1.331s] Level 1:colcon.colcon_core.package_identification:_identify(install) ignored
[1.332s] Level 1:colcon.colcon_core.package_identification:_identify(log) by extensions ['ignore', 'ignore_ament_install']
[1.332s] Level 1:colcon.colcon_core.package_identification:_identify(log) by extension 'ignore'
[1.333s] Level 1:colcon.colcon_core.package_identification:_identify(log) ignored
[1.333s] Level 1:colcon.colcon_core.package_identification:_identify(src) by extensions ['ignore', 'ignore_ament_install']
[1.333s] Level 1:colcon.colcon_core.package_identification:_identify(src) by extension 'ignore'
[1.334s] Level 1:colcon.colcon_core.package_identification:_identify(src) by extension 'ignore_ament_install'
[1.334s] Level 1:colcon.colcon_core.package_identification:_identify(src) by extensions ['colcon_pkg']
[1.334s] Level 1:colcon.colcon_core.package_identification:_identify(src) by extension 'colcon_pkg'
[1.334s] Level 1:colcon.colcon_core.package_identification:_identify(src) by extensions ['colcon_meta']
[1.335s] Level 1:colcon.colcon_core.package_identification:_identify(src) by extension 'colcon_meta'
[1.335s] Level 1:colcon.colcon_core.package_identification:_identify(src) by extensions ['ros']
[1.335s] Level 1:colcon.colcon_core.package_identification:_identify(src) by extension 'ros'
[1.335s] Level 1:colcon.colcon_core.package_identification:_identify(src) by extensions ['cmake', 'python']
[1.335s] Level 1:colcon.colcon_core.package_identification:_identify(src) by extension 'cmake'
[1.336s] Level 1:colcon.colcon_core.package_identification:_identify(src) by extension 'python'
[1.336s] Level 1:colcon.colcon_core.package_identification:_identify(src) by extensions ['python_setup_py']
[1.336s] Level 1:colcon.colcon_core.package_identification:_identify(src) by extension 'python_setup_py'
[1.336s] Level 1:colcon.colcon_core.package_identification:_identify(src/ct_package) by extensions ['ignore', 'ignore_ament_install']
[1.337s] Level 1:colcon.colcon_core.package_identification:_identify(src/ct_package) by extension 'ignore'
[1.337s] Level 1:colcon.colcon_core.package_identification:_identify(src/ct_package) by extension 'ignore_ament_install'
[1.337s] Level 1:colcon.colcon_core.package_identification:_identify(src/ct_package) by extensions ['colcon_pkg']
[1.337s] Level 1:colcon.colcon_core.package_identification:_identify(src/ct_package) by extension 'colcon_pkg'
[1.338s] Level 1:colcon.colcon_core.package_identification:_identify(src/ct_package) by extensions ['colcon_meta']
[1.338s] Level 1:colcon.colcon_core.package_identification:_identify(src/ct_package) by extension 'colcon_meta'
[1.338s] Level 1:colcon.colcon_core.package_identification:_identify(src/ct_package) by extensions ['ros']
[1.338s] Level 1:colcon.colcon_core.package_identification:_identify(src/ct_package) by extension 'ros'
[1.348s] DEBUG:colcon.colcon_core.package_identification:Package 'src/ct_package' with type 'ros.ament_python' and name 'ct_package'
[1.348s] Level 1:colcon.colcon_core.package_identification:_identify(src/interface_package) by extensions ['ignore', 'ignore_ament_install']
[1.349s] Level 1:colcon.colcon_core.package_identification:_identify(src/interface_package) by extension 'ignore'
[1.349s] Level 1:colcon.colcon_core.package_identification:_identify(src/interface_package) by extension 'ignore_ament_install'
[1.350s] Level 1:colcon.colcon_core.package_identification:_identify(src/interface_package) by extensions ['colcon_pkg']
[1.350s] Level 1:colcon.colcon_core.package_identification:_identify(src/interface_package) by extension 'colcon_pkg'
[1.350s] Level 1:colcon.colcon_core.package_identification:_identify(src/interface_package) by extensions ['colcon_meta']
[1.350s] Level 1:colcon.colcon_core.package_identification:_identify(src/interface_package) by extension 'colcon_meta'
[1.350s] Level 1:colcon.colcon_core.package_identification:_identify(src/interface_package) by extensions ['ros']
[1.351s] Level 1:colcon.colcon_core.package_identification:_identify(src/interface_package) by extension 'ros'
[1.354s] DEBUG:colcon.colcon_core.package_identification:Package 'src/interface_package' with type 'ros.ament_cmake' and name 'interface_package'
[1.354s] Level 1:colcon.colcon_core.package_discovery:discover_packages(recursive) using defaults
[1.355s] Level 1:colcon.colcon_core.package_discovery:discover_packages(ignore) discover
[1.355s] Level 1:colcon.colcon_core.package_discovery:discover_packages(ignore) using defaults
[1.355s] Level 1:colcon.colcon_core.package_discovery:discover_packages(path) discover
[1.355s] Level 1:colcon.colcon_core.package_discovery:discover_packages(path) using defaults
[1.431s] Level 1:colcon.colcon_core.package_discovery:discover_packages(prefix_path) check parameters
[1.432s] Level 1:colcon.colcon_core.package_discovery:discover_packages(prefix_path) discover
[1.446s] DEBUG:colcon.colcon_installed_package_information.package_discovery:Found 270 installed packages in /opt/ros/humble
[1.456s] Level 1:colcon.colcon_core.package_discovery:discover_packages(prefix_path) using defaults
[1.672s] Level 5:colcon.colcon_core.verb:set package 'ct_package' build argument 'cmake_args' from command line to 'None'
[1.673s] Level 5:colcon.colcon_core.verb:set package 'ct_package' build argument 'cmake_target' from command line to 'None'
[1.673s] Level 5:colcon.colcon_core.verb:set package 'ct_package' build argument 'cmake_target_skip_unavailable' from command line to 'False'
[1.673s] Level 5:colcon.colcon_core.verb:set package 'ct_package' build argument 'cmake_clean_cache' from command line to 'False'
[1.673s] Level 5:colcon.colcon_core.verb:set package 'ct_package' build argument 'cmake_clean_first' from command line to 'False'
[1.673s] Level 5:colcon.colcon_core.verb:set package 'ct_package' build argument 'cmake_force_configure' from command line to 'False'
[1.673s] Level 5:colcon.colcon_core.verb:set package 'ct_package' build argument 'ament_cmake_args' from command line to 'None'
[1.673s] Level 5:colcon.colcon_core.verb:set package 'ct_package' build argument 'catkin_cmake_args' from command line to 'None'
[1.673s] Level 5:colcon.colcon_core.verb:set package 'ct_package' build argument 'catkin_skip_building_tests' from command line to 'False'
[1.674s] DEBUG:colcon.colcon_core.verb:Building package 'ct_package' with the following arguments: {'ament_cmake_args': None, 'build_base': '/home/pi/workspace/ControlTower/build/ct_package', 'catkin_cmake_args': None, 'catkin_skip_building_tests': False, 'cmake_args': None, 'cmake_clean_cache': False, 'cmake_clean_first': False, 'cmake_force_configure': False, 'cmake_target': None, 'cmake_target_skip_unavailable': False, 'install_base': '/home/pi/workspace/ControlTower/install/ct_package', 'merge_install': False, 'path': '/home/pi/workspace/ControlTower/src/ct_package', 'symlink_install': False, 'test_result_base': None}
[1.675s] Level 5:colcon.colcon_core.verb:set package 'interface_package' build argument 'cmake_args' from command line to 'None'
[1.675s] Level 5:colcon.colcon_core.verb:set package 'interface_package' build argument 'cmake_target' from command line to 'None'
[1.676s] Level 5:colcon.colcon_core.verb:set package 'interface_package' build argument 'cmake_target_skip_unavailable' from command line to 'False'
[1.676s] Level 5:colcon.colcon_core.verb:set package 'interface_package' build argument 'cmake_clean_cache' from command line to 'False'
[1.676s] Level 5:colcon.colcon_core.verb:set package 'interface_package' build argument 'cmake_clean_first' from command line to 'False'
[1.676s] Level 5:colcon.colcon_core.verb:set package 'interface_package' build argument 'cmake_force_configure' from command line to 'False'
[1.676s] Level 5:colcon.colcon_core.verb:set package 'interface_package' build argument 'ament_cmake_args' from command line to 'None'
[1.676s] Level 5:colcon.colcon_core.verb:set package 'interface_package' build argument 'catkin_cmake_args' from command line to 'None'
[1.676s] Level 5:colcon.colcon_core.verb:set package 'interface_package' build argument 'catkin_skip_building_tests' from command line to 'False'
[1.677s] DEBUG:colcon.colcon_core.verb:Building package 'interface_package' with the following arguments: {'ament_cmake_args': None, 'build_base': '/home/pi/workspace/ControlTower/build/interface_package', 'catkin_cmake_args': None, 'catkin_skip_building_tests': False, 'cmake_args': None, 'cmake_clean_cache': False, 'cmake_clean_first': False, 'cmake_force_configure': False, 'cmake_target': None, 'cmake_target_skip_unavailable': False, 'install_base': '/home/pi/workspace/ControlTower/install/interface_package', 'merge_install': False, 'path': '/home/pi/workspace/ControlTower/src/interface_package', 'symlink_install': False, 'test_result_base': None}
[1.677s] INFO:colcon.colcon_core.executor:Executing jobs using 'parallel' executor
[1.680s] DEBUG:colcon.colcon_parallel_executor.executor.parallel:run_until_complete
[1.682s] INFO:colcon.colcon_ros.task.ament_python.build:Building ROS package in '/home/pi/workspace/ControlTower/src/ct_package' with build type 'ament_python'
[1.682s] Level 1:colcon.colcon_core.shell:create_environment_hook('ct_package', 'ament_prefix_path')
[1.692s] INFO:colcon.colcon_core.plugin_system:Skipping extension 'colcon_core.shell.bat': Not used on non-Windows systems
[1.693s] INFO:colcon.colcon_core.shell:Creating environment hook '/home/pi/workspace/ControlTower/install/ct_package/share/ct_package/hook/ament_prefix_path.ps1'
[1.696s] INFO:colcon.colcon_core.shell:Creating environment descriptor '/home/pi/workspace/ControlTower/install/ct_package/share/ct_package/hook/ament_prefix_path.dsv'
[1.698s] INFO:colcon.colcon_core.shell:Creating environment hook '/home/pi/workspace/ControlTower/install/ct_package/share/ct_package/hook/ament_prefix_path.sh'
[1.702s] INFO:colcon.colcon_core.shell:Skip shell extension 'powershell' for command environment: Not usable outside of PowerShell
[1.702s] DEBUG:colcon.colcon_core.shell:Skip shell extension 'dsv' for command environment
[1.717s] INFO:colcon.colcon_ros.task.ament_cmake.build:Building ROS package in '/home/pi/workspace/ControlTower/src/interface_package' with build type 'ament_cmake'
[1.718s] INFO:colcon.colcon_cmake.task.cmake.build:Building CMake package in '/home/pi/workspace/ControlTower/src/interface_package'
[1.719s] INFO:colcon.colcon_core.shell:Skip shell extension 'powershell' for command environment: Not usable outside of PowerShell
[1.720s] DEBUG:colcon.colcon_core.shell:Skip shell extension 'dsv' for command environment
[2.940s] INFO:colcon.colcon_core.task.python.build:Building Python package in '/home/pi/workspace/ControlTower/src/ct_package'
[2.942s] INFO:colcon.colcon_core.shell:Skip shell extension 'powershell' for command environment: Not usable outside of PowerShell
[2.942s] DEBUG:colcon.colcon_core.shell:Skip shell extension 'dsv' for command environment
[2.980s] DEBUG:colcon.colcon_core.event_handler.log_command:Invoking command in '/home/pi/workspace/ControlTower/build/interface_package': CMAKE_PREFIX_PATH=/opt/ros/humble /usr/bin/cmake --build /home/pi/workspace/ControlTower/build/interface_package -- -j4 -l4
[5.045s] DEBUG:colcon.colcon_core.event_handler.log_command:Invoking command in '/home/pi/workspace/ControlTower/src/ct_package': PYTHONPATH=/home/pi/workspace/ControlTower/build/ct_package/prefix_override:/usr/lib/python3/dist-packages/colcon_core/task/python/colcon_distutils_commands:/home/pi/workspace/ControlTower/install/ct_package/lib/python3.10/site-packages:${PYTHONPATH} /usr/bin/python3 -W ignore:setup.py install is deprecated setup.py egg_info --egg-base ../../build/ct_package build --build-base /home/pi/workspace/ControlTower/build/ct_package/build install --record /home/pi/workspace/ControlTower/build/ct_package/install.log --single-version-externally-managed install_data
[5.335s] DEBUG:colcon.colcon_core.event_handler.log_command:Invoked command in '/home/pi/workspace/ControlTower/build/interface_package' returned '0': CMAKE_PREFIX_PATH=/opt/ros/humble /usr/bin/cmake --build /home/pi/workspace/ControlTower/build/interface_package -- -j4 -l4
[5.966s] DEBUG:colcon.colcon_core.event_handler.log_command:Invoking command in '/home/pi/workspace/ControlTower/build/interface_package': CMAKE_PREFIX_PATH=/opt/ros/humble /usr/bin/cmake --install /home/pi/workspace/ControlTower/build/interface_package
[6.397s] Level 1:colcon.colcon_core.environment:create_environment_scripts_only(interface_package)
[6.399s] DEBUG:colcon.colcon_core.event_handler.log_command:Invoked command in '/home/pi/workspace/ControlTower/build/interface_package' returned '0': CMAKE_PREFIX_PATH=/opt/ros/humble /usr/bin/cmake --install /home/pi/workspace/ControlTower/build/interface_package
[6.409s] Level 1:colcon.colcon_core.environment:checking '/home/pi/workspace/ControlTower/install/interface_package' for CMake module files
[6.414s] Level 1:colcon.colcon_core.environment:checking '/home/pi/workspace/ControlTower/install/interface_package' for CMake config files
[6.417s] Level 1:colcon.colcon_core.shell:create_environment_hook('interface_package', 'cmake_prefix_path')
[6.418s] INFO:colcon.colcon_core.shell:Creating environment hook '/home/pi/workspace/ControlTower/install/interface_package/share/interface_package/hook/cmake_prefix_path.ps1'
[6.420s] INFO:colcon.colcon_core.shell:Creating environment descriptor '/home/pi/workspace/ControlTower/install/interface_package/share/interface_package/hook/cmake_prefix_path.dsv'
[6.422s] INFO:colcon.colcon_core.shell:Creating environment hook '/home/pi/workspace/ControlTower/install/interface_package/share/interface_package/hook/cmake_prefix_path.sh'
[6.426s] Level 1:colcon.colcon_core.environment:checking '/home/pi/workspace/ControlTower/install/interface_package/lib'
[6.427s] Level 1:colcon.colcon_core.shell:create_environment_hook('interface_package', 'ld_library_path_lib')
[6.428s] INFO:colcon.colcon_core.shell:Creating environment hook '/home/pi/workspace/ControlTower/install/interface_package/share/interface_package/hook/ld_library_path_lib.ps1'
[6.431s] INFO:colcon.colcon_core.shell:Creating environment descriptor '/home/pi/workspace/ControlTower/install/interface_package/share/interface_package/hook/ld_library_path_lib.dsv'
[6.433s] INFO:colcon.colcon_core.shell:Creating environment hook '/home/pi/workspace/ControlTower/install/interface_package/share/interface_package/hook/ld_library_path_lib.sh'
[6.436s] Level 1:colcon.colcon_core.environment:checking '/home/pi/workspace/ControlTower/install/interface_package/bin'
[6.436s] Level 1:colcon.colcon_core.environment:checking '/home/pi/workspace/ControlTower/install/interface_package/lib/pkgconfig/interface_package.pc'
[6.438s] Level 1:colcon.colcon_core.environment:checking '/home/pi/workspace/ControlTower/install/interface_package/lib/python3.10/site-packages'
[6.441s] Level 1:colcon.colcon_core.environment:checking '/home/pi/workspace/ControlTower/install/interface_package/bin'
[6.442s] INFO:colcon.colcon_core.shell:Creating package script '/home/pi/workspace/ControlTower/install/interface_package/share/interface_package/package.ps1'
[6.449s] INFO:colcon.colcon_core.shell:Creating package descriptor '/home/pi/workspace/ControlTower/install/interface_package/share/interface_package/package.dsv'
[6.452s] INFO:colcon.colcon_core.shell:Creating package script '/home/pi/workspace/ControlTower/install/interface_package/share/interface_package/package.sh'
[6.457s] INFO:colcon.colcon_core.shell:Creating package script '/home/pi/workspace/ControlTower/install/interface_package/share/interface_package/package.bash'
[6.462s] INFO:colcon.colcon_core.shell:Creating package script '/home/pi/workspace/ControlTower/install/interface_package/share/interface_package/package.zsh'
[6.466s] Level 1:colcon.colcon_core.environment:create_file_with_runtime_dependencies(/home/pi/workspace/ControlTower/install/interface_package/share/colcon-core/packages/interface_package)
[7.000s] Level 1:colcon.colcon_core.environment:checking '/home/pi/workspace/ControlTower/install/ct_package' for CMake module files
[7.002s] DEBUG:colcon.colcon_core.event_handler.log_command:Invoked command in '/home/pi/workspace/ControlTower/src/ct_package' returned '0': PYTHONPATH=/home/pi/workspace/ControlTower/build/ct_package/prefix_override:/usr/lib/python3/dist-packages/colcon_core/task/python/colcon_distutils_commands:/home/pi/workspace/ControlTower/install/ct_package/lib/python3.10/site-packages:${PYTHONPATH} /usr/bin/python3 -W ignore:setup.py install is deprecated setup.py egg_info --egg-base ../../build/ct_package build --build-base /home/pi/workspace/ControlTower/build/ct_package/build install --record /home/pi/workspace/ControlTower/build/ct_package/install.log --single-version-externally-managed install_data
[7.006s] Level 1:colcon.colcon_core.environment:checking '/home/pi/workspace/ControlTower/install/ct_package' for CMake config files
[7.022s] Level 1:colcon.colcon_core.environment:checking '/home/pi/workspace/ControlTower/install/ct_package/lib'
[7.023s] Level 1:colcon.colcon_core.environment:checking '/home/pi/workspace/ControlTower/install/ct_package/bin'
[7.024s] Level 1:colcon.colcon_core.environment:checking '/home/pi/workspace/ControlTower/install/ct_package/lib/pkgconfig/ct_package.pc'
[7.027s] Level 1:colcon.colcon_core.environment:checking '/home/pi/workspace/ControlTower/install/ct_package/lib/python3.10/site-packages'
[7.027s] Level 1:colcon.colcon_core.shell:create_environment_hook('ct_package', 'pythonpath')
[7.029s] INFO:colcon.colcon_core.shell:Creating environment hook '/home/pi/workspace/ControlTower/install/ct_package/share/ct_package/hook/pythonpath.ps1'
[7.036s] INFO:colcon.colcon_core.shell:Creating environment descriptor '/home/pi/workspace/ControlTower/install/ct_package/share/ct_package/hook/pythonpath.dsv'
[7.039s] INFO:colcon.colcon_core.shell:Creating environment hook '/home/pi/workspace/ControlTower/install/ct_package/share/ct_package/hook/pythonpath.sh'
[7.043s] Level 1:colcon.colcon_core.environment:checking '/home/pi/workspace/ControlTower/install/ct_package/bin'
[7.044s] Level 1:colcon.colcon_core.environment:create_environment_scripts_only(ct_package)
[7.049s] INFO:colcon.colcon_core.shell:Creating package script '/home/pi/workspace/ControlTower/install/ct_package/share/ct_package/package.ps1'
[7.054s] INFO:colcon.colcon_core.shell:Creating package descriptor '/home/pi/workspace/ControlTower/install/ct_package/share/ct_package/package.dsv'
[7.058s] INFO:colcon.colcon_core.shell:Creating package script '/home/pi/workspace/ControlTower/install/ct_package/share/ct_package/package.sh'
[7.062s] INFO:colcon.colcon_core.shell:Creating package script '/home/pi/workspace/ControlTower/install/ct_package/share/ct_package/package.bash'
[7.065s] INFO:colcon.colcon_core.shell:Creating package script '/home/pi/workspace/ControlTower/install/ct_package/share/ct_package/package.zsh'
[7.067s] Level 1:colcon.colcon_core.environment:create_file_with_runtime_dependencies(/home/pi/workspace/ControlTower/install/ct_package/share/colcon-core/packages/ct_package)
[7.296s] Level 1:colcon.colcon_core.environment:create_environment_scripts_only(interface_package)
[7.297s] Level 1:colcon.colcon_core.environment:checking '/home/pi/workspace/ControlTower/install/interface_package' for CMake module files
[7.303s] Level 1:colcon.colcon_core.environment:checking '/home/pi/workspace/ControlTower/install/interface_package' for CMake config files
[7.306s] Level 1:colcon.colcon_core.shell:create_environment_hook('interface_package', 'cmake_prefix_path')
[7.308s] INFO:colcon.colcon_core.shell:Creating environment hook '/home/pi/workspace/ControlTower/install/interface_package/share/interface_package/hook/cmake_prefix_path.ps1'
[7.310s] INFO:colcon.colcon_core.shell:Creating environment descriptor '/home/pi/workspace/ControlTower/install/interface_package/share/interface_package/hook/cmake_prefix_path.dsv'
[7.312s] INFO:colcon.colcon_core.shell:Creating environment hook '/home/pi/workspace/ControlTower/install/interface_package/share/interface_package/hook/cmake_prefix_path.sh'
[7.315s] Level 1:colcon.colcon_core.environment:checking '/home/pi/workspace/ControlTower/install/interface_package/lib'
[7.316s] Level 1:colcon.colcon_core.shell:create_environment_hook('interface_package', 'ld_library_path_lib')
[7.317s] INFO:colcon.colcon_core.shell:Creating environment hook '/home/pi/workspace/ControlTower/install/interface_package/share/interface_package/hook/ld_library_path_lib.ps1'
[7.319s] INFO:colcon.colcon_core.shell:Creating environment descriptor '/home/pi/workspace/ControlTower/install/interface_package/share/interface_package/hook/ld_library_path_lib.dsv'
[7.321s] INFO:colcon.colcon_core.shell:Creating environment hook '/home/pi/workspace/ControlTower/install/interface_package/share/interface_package/hook/ld_library_path_lib.sh'
[7.323s] Level 1:colcon.colcon_core.environment:checking '/home/pi/workspace/ControlTower/install/interface_package/bin'
[7.323s] Level 1:colcon.colcon_core.environment:checking '/home/pi/workspace/ControlTower/install/interface_package/lib/pkgconfig/interface_package.pc'
[7.324s] Level 1:colcon.colcon_core.environment:checking '/home/pi/workspace/ControlTower/install/interface_package/lib/python3.10/site-packages'
[7.325s] Level 1:colcon.colcon_core.environment:checking '/home/pi/workspace/ControlTower/install/interface_package/bin'
[7.327s] INFO:colcon.colcon_core.shell:Creating package script '/home/pi/workspace/ControlTower/install/interface_package/share/interface_package/package.ps1'
[7.329s] INFO:colcon.colcon_core.shell:Creating package descriptor '/home/pi/workspace/ControlTower/install/interface_package/share/interface_package/package.dsv'
[7.332s] INFO:colcon.colcon_core.shell:Creating package script '/home/pi/workspace/ControlTower/install/interface_package/share/interface_package/package.sh'
[7.334s] INFO:colcon.colcon_core.shell:Creating package script '/home/pi/workspace/ControlTower/install/interface_package/share/interface_package/package.bash'
[7.337s] INFO:colcon.colcon_core.shell:Creating package script '/home/pi/workspace/ControlTower/install/interface_package/share/interface_package/package.zsh'
[7.339s] Level 1:colcon.colcon_core.environment:create_file_with_runtime_dependencies(/home/pi/workspace/ControlTower/install/interface_package/share/colcon-core/packages/interface_package)
[7.340s] DEBUG:colcon.colcon_parallel_executor.executor.parallel:closing loop
[7.341s] DEBUG:colcon.colcon_parallel_executor.executor.parallel:loop closed
[7.342s] DEBUG:colcon.colcon_parallel_executor.executor.parallel:run_until_complete finished with '0'
[7.342s] DEBUG:colcon.colcon_core.event_reactor:joining thread
[7.366s] INFO:colcon.colcon_core.plugin_system:Skipping extension 'colcon_notification.desktop_notification.terminal_notifier': Not used on non-Darwin systems
[7.366s] INFO:colcon.colcon_core.plugin_system:Skipping extension 'colcon_notification.desktop_notification.win32': Not used on non-Windows systems
[7.367s] INFO:colcon.colcon_notification.desktop_notification:Sending desktop notification using 'notify2'
[7.405s] DEBUG:colcon.colcon_core.event_reactor:joined thread
[7.406s] INFO:colcon.colcon_core.shell:Creating prefix script '/home/pi/workspace/ControlTower/install/local_setup.ps1'
[7.410s] INFO:colcon.colcon_core.shell:Creating prefix util module '/home/pi/workspace/ControlTower/install/_local_setup_util_ps1.py'
[7.415s] INFO:colcon.colcon_core.shell:Creating prefix chain script '/home/pi/workspace/ControlTower/install/setup.ps1'
[7.420s] INFO:colcon.colcon_core.shell:Creating prefix script '/home/pi/workspace/ControlTower/install/local_setup.sh'
[7.423s] INFO:colcon.colcon_core.shell:Creating prefix util module '/home/pi/workspace/ControlTower/install/_local_setup_util_sh.py'
[7.425s] INFO:colcon.colcon_core.shell:Creating prefix chain script '/home/pi/workspace/ControlTower/install/setup.sh'
[7.430s] INFO:colcon.colcon_core.shell:Creating prefix script '/home/pi/workspace/ControlTower/install/local_setup.bash'
[7.432s] INFO:colcon.colcon_core.shell:Creating prefix chain script '/home/pi/workspace/ControlTower/install/setup.bash'
[7.437s] INFO:colcon.colcon_core.shell:Creating prefix script '/home/pi/workspace/ControlTower/install/local_setup.zsh'
[7.439s] INFO:colcon.colcon_core.shell:Creating prefix chain script '/home/pi/workspace/ControlTower/install/setup.zsh'
