[3.695s] Invoking command in '/home/pi/workspace/ControlTower/src/ct_package': PYTHONPATH=/home/pi/workspace/ControlTower/build/ct_package/prefix_override:/usr/lib/python3/dist-packages/colcon_core/task/python/colcon_distutils_commands:/home/pi/workspace/ControlTower/install/ct_package/lib/python3.10/site-packages:${PYTHONPATH} /usr/bin/python3 -W ignore:setup.py install is deprecated setup.py egg_info --egg-base ../../build/ct_package build --build-base /home/pi/workspace/ControlTower/build/ct_package/build install --record /home/pi/workspace/ControlTower/build/ct_package/install.log --single-version-externally-managed install_data
[5.177s] running egg_info
[5.180s] writing ../../build/ct_package/ct_package.egg-info/PKG-INFO
[5.182s] writing dependency_links to ../../build/ct_package/ct_package.egg-info/dependency_links.txt
[5.183s] writing entry points to ../../build/ct_package/ct_package.egg-info/entry_points.txt
[5.184s] writing requirements to ../../build/ct_package/ct_package.egg-info/requires.txt
[5.186s] writing top-level names to ../../build/ct_package/ct_package.egg-info/top_level.txt
[5.197s] reading manifest file '../../build/ct_package/ct_package.egg-info/SOURCES.txt'
[5.205s] writing manifest file '../../build/ct_package/ct_package.egg-info/SOURCES.txt'
[5.213s] running build
[5.216s] running build_py
[5.218s] copying ct_package/mqtt_communication.py -> /home/pi/workspace/ControlTower/build/ct_package/build/lib/ct_package
[5.221s] running install
[5.224s] running install_lib
[5.226s] copying /home/pi/workspace/ControlTower/build/ct_package/build/lib/ct_package/mqtt_communication.py -> /home/pi/workspace/ControlTower/install/ct_package/lib/python3.10/site-packages/ct_package
[5.231s] byte-compiling /home/pi/workspace/ControlTower/install/ct_package/lib/python3.10/site-packages/ct_package/mqtt_communication.py to mqtt_communication.cpython-310.pyc
[5.232s] running install_data
[5.234s] running install_egg_info
[5.240s] removing '/home/pi/workspace/ControlTower/install/ct_package/lib/python3.10/site-packages/ct_package-0.0.0-py3.10.egg-info' (and everything under it)
[5.242s] Copying ../../build/ct_package/ct_package.egg-info to /home/pi/workspace/ControlTower/install/ct_package/lib/python3.10/site-packages/ct_package-0.0.0-py3.10.egg-info
[5.249s] running install_scripts
[5.343s] Installing arm_planner script to /home/pi/workspace/ControlTower/install/ct_package/lib/ct_package
[5.344s] Installing cam_coord_transform script to /home/pi/workspace/ControlTower/install/ct_package/lib/ct_package
[5.345s] Installing camera_calibration script to /home/pi/workspace/ControlTower/install/ct_package/lib/ct_package
[5.346s] Installing camera_subscriber script to /home/pi/workspace/ControlTower/install/ct_package/lib/ct_package
[5.347s] Installing data_publisher script to /home/pi/workspace/ControlTower/install/ct_package/lib/ct_package
[5.348s] Installing mqtt_communication script to /home/pi/workspace/ControlTower/install/ct_package/lib/ct_package
[5.350s] Installing trash_detector script to /home/pi/workspace/ControlTower/install/ct_package/lib/ct_package
[5.358s] writing list of installed files to '/home/pi/workspace/ControlTower/build/ct_package/install.log'
[5.483s] Invoked command in '/home/pi/workspace/ControlTower/src/ct_package' returned '0': PYTHONPATH=/home/pi/workspace/ControlTower/build/ct_package/prefix_override:/usr/lib/python3/dist-packages/colcon_core/task/python/colcon_distutils_commands:/home/pi/workspace/ControlTower/install/ct_package/lib/python3.10/site-packages:${PYTHONPATH} /usr/bin/python3 -W ignore:setup.py install is deprecated setup.py egg_info --egg-base ../../build/ct_package build --build-base /home/pi/workspace/ControlTower/build/ct_package/build install --record /home/pi/workspace/ControlTower/build/ct_package/install.log --single-version-externally-managed install_data
