-- Found ament_cmake: 1.3.10 (/opt/ros/humble/share/ament_cmake/cmake)
-- Found builtin_interfaces: 1.2.1 (/opt/ros/humble/share/builtin_interfaces/cmake)
-- Found rosidl_generator_c: 3.1.5 (/opt/ros/humble/share/rosidl_generator_c/cmake)
-- Found rosidl_adapter: 3.1.5 (/opt/ros/humble/share/rosidl_adapter/cmake)
-- Found rosidl_generator_cpp: 3.1.5 (/opt/ros/humble/share/rosidl_generator_cpp/cmake)
-- Using all available rosidl_typesupport_c: rosidl_typesupport_fastrtps_c;rosidl_typesupport_introspection_c
-- Using all available rosidl_typesupport_cpp: rosidl_typesupport_fastrtps_cpp;rosidl_typesupport_introspection_cpp
-- Found rosidl_default_generators: 1.2.0 (/opt/ros/humble/share/rosidl_default_generators/cmake)
-- Found ament_cmake_ros: 0.10.0 (/opt/ros/humble/share/ament_cmake_ros/cmake)
-- Using all available rosidl_typesupport_c: rosidl_typesupport_fastrtps_c;rosidl_typesupport_introspection_c
-- Using all available rosidl_typesupport_cpp: rosidl_typesupport_fastrtps_cpp;rosidl_typesupport_introspection_cpp
-- Found python_cmake_module: 0.10.0 (/opt/ros/humble/share/python_cmake_module/cmake)
-- Using PYTHON_EXECUTABLE: /usr/bin/python3
-- Using PYTHON_INCLUDE_DIRS: /usr/include/python3.10
-- Using PYTHON_LIBRARIES: /usr/lib/aarch64-linux-gnu/libpython3.10.so
-- Found ament_lint_auto: 0.12.11 (/opt/ros/humble/share/ament_lint_auto/cmake)
-- Added test 'cppcheck' to perform static code analysis on C / C++ code
-- Configured cppcheck include dirs: 
-- Configured cppcheck exclude dirs and/or files: 
-- Added test 'lint_cmake' to check CMake code style
-- Added test 'uncrustify' to check C / C++ code style
-- Configured uncrustify additional arguments: 
-- Added test 'xmllint' to check XML markup files
-- Configuring done
-- Generating done
-- Build files have been written to: /home/pi/workspace/ControlTower/build/interface_package
[  2%] [34m[1mGenerating C code for ROS interfaces[0m
[  4%] [34m[1mGenerating C++ code for ROS interfaces[0m
[  4%] Built target ament_cmake_python_copy_interface_package
running egg_info
writing interface_package.egg-info/PKG-INFO
writing dependency_links to interface_package.egg-info/dependency_links.txt
writing top-level names to interface_package.egg-info/top_level.txt
reading manifest file 'interface_package.egg-info/SOURCES.txt'
writing manifest file 'interface_package.egg-info/SOURCES.txt'
[  4%] Built target ament_cmake_python_build_interface_package_egg
[  4%] Built target interface_package__cpp
[35m[1mConsolidate compiler generated dependencies of target interface_package__rosidl_generator_c[0m
[  6%] [34m[1mGenerating C++ type support dispatch for ROS interfaces[0m
[  8%] [34m[1mGenerating C++ type support for eProsima Fast-RTPS[0m
[ 10%] [34m[1mGenerating C++ introspection for ROS interfaces[0m
[ 12%] [32mBuilding C object CMakeFiles/interface_package__rosidl_generator_c.dir/rosidl_generator_c/interface_package/msg/detail/robot_log__functions.c.o[0m
[ 14%] [32mBuilding C object CMakeFiles/interface_package__rosidl_generator_c.dir/rosidl_generator_c/interface_package/srv/detail/node_num__functions.c.o[0m
[ 17%] [32mBuilding C object CMakeFiles/interface_package__rosidl_generator_c.dir/rosidl_generator_c/interface_package/srv/detail/trash_info__functions.c.o[0m
[ 19%] [32m[1mLinking C shared library libinterface_package__rosidl_generator_c.so[0m
[ 19%] Built target interface_package__rosidl_generator_c
[ 21%] [34m[1mGenerating C type support for eProsima Fast-RTPS[0m
[35m[1mConsolidate compiler generated dependencies of target interface_package__rosidl_typesupport_cpp[0m
[ 23%] [32mBuilding CXX object CMakeFiles/interface_package__rosidl_typesupport_cpp.dir/rosidl_typesupport_cpp/interface_package/msg/robot_log__type_support.cpp.o[0m
[35m[1mConsolidate compiler generated dependencies of target interface_package__rosidl_typesupport_introspection_cpp[0m
[ 25%] [32mBuilding CXX object CMakeFiles/interface_package__rosidl_typesupport_introspection_cpp.dir/rosidl_typesupport_introspection_cpp/interface_package/msg/detail/robot_log__type_support.cpp.o[0m
[35m[1mConsolidate compiler generated dependencies of target interface_package__rosidl_typesupport_fastrtps_cpp[0m
[ 27%] [32mBuilding CXX object CMakeFiles/interface_package__rosidl_typesupport_fastrtps_cpp.dir/rosidl_typesupport_fastrtps_cpp/interface_package/msg/detail/dds_fastrtps/robot_log__type_support.cpp.o[0m
[ 29%] [32mBuilding CXX object CMakeFiles/interface_package__rosidl_typesupport_cpp.dir/rosidl_typesupport_cpp/interface_package/srv/node_num__type_support.cpp.o[0m
[35m[1mConsolidate compiler generated dependencies of target interface_package__rosidl_typesupport_fastrtps_c[0m
[ 31%] [32mBuilding CXX object CMakeFiles/interface_package__rosidl_typesupport_fastrtps_c.dir/rosidl_typesupport_fastrtps_c/interface_package/msg/detail/robot_log__type_support_c.cpp.o[0m
[ 34%] [32mBuilding CXX object CMakeFiles/interface_package__rosidl_typesupport_introspection_cpp.dir/rosidl_typesupport_introspection_cpp/interface_package/srv/detail/node_num__type_support.cpp.o[0m
[ 36%] [32mBuilding CXX object CMakeFiles/interface_package__rosidl_typesupport_cpp.dir/rosidl_typesupport_cpp/interface_package/srv/trash_info__type_support.cpp.o[0m
[ 38%] [32mBuilding CXX object CMakeFiles/interface_package__rosidl_typesupport_fastrtps_cpp.dir/rosidl_typesupport_fastrtps_cpp/interface_package/srv/detail/dds_fastrtps/node_num__type_support.cpp.o[0m
[ 40%] [32mBuilding CXX object CMakeFiles/interface_package__rosidl_typesupport_fastrtps_c.dir/rosidl_typesupport_fastrtps_c/interface_package/srv/detail/node_num__type_support_c.cpp.o[0m
[ 42%] [32m[1mLinking CXX shared library libinterface_package__rosidl_typesupport_cpp.so[0m
[ 42%] Built target interface_package__rosidl_typesupport_cpp
[ 44%] [34m[1mGenerating C introspection for ROS interfaces[0m
[ 46%] [32mBuilding CXX object CMakeFiles/interface_package__rosidl_typesupport_introspection_cpp.dir/rosidl_typesupport_introspection_cpp/interface_package/srv/detail/trash_info__type_support.cpp.o[0m
[ 48%] [32mBuilding CXX object CMakeFiles/interface_package__rosidl_typesupport_fastrtps_cpp.dir/rosidl_typesupport_fastrtps_cpp/interface_package/srv/detail/dds_fastrtps/trash_info__type_support.cpp.o[0m
[ 51%] [32mBuilding CXX object CMakeFiles/interface_package__rosidl_typesupport_fastrtps_c.dir/rosidl_typesupport_fastrtps_c/interface_package/srv/detail/trash_info__type_support_c.cpp.o[0m
[35m[1mConsolidate compiler generated dependencies of target interface_package__rosidl_typesupport_introspection_c[0m
[ 53%] [32mBuilding C object CMakeFiles/interface_package__rosidl_typesupport_introspection_c.dir/rosidl_typesupport_introspection_c/interface_package/msg/detail/robot_log__type_support.c.o[0m
[ 55%] [32m[1mLinking CXX shared library libinterface_package__rosidl_typesupport_introspection_cpp.so[0m
[ 57%] [32mBuilding C object CMakeFiles/interface_package__rosidl_typesupport_introspection_c.dir/rosidl_typesupport_introspection_c/interface_package/srv/detail/node_num__type_support.c.o[0m
[ 57%] Built target interface_package__rosidl_typesupport_introspection_cpp
[ 59%] [32mBuilding C object CMakeFiles/interface_package__rosidl_typesupport_introspection_c.dir/rosidl_typesupport_introspection_c/interface_package/srv/detail/trash_info__type_support.c.o[0m
[ 61%] [34m[1mGenerating C type support dispatch for ROS interfaces[0m
[ 63%] [32m[1mLinking C shared library libinterface_package__rosidl_typesupport_introspection_c.so[0m
[ 65%] [32m[1mLinking CXX shared library libinterface_package__rosidl_typesupport_fastrtps_cpp.so[0m
[ 65%] Built target interface_package__rosidl_typesupport_introspection_c
[ 68%] [32m[1mLinking CXX shared library libinterface_package__rosidl_typesupport_fastrtps_c.so[0m
[ 68%] Built target interface_package__rosidl_typesupport_fastrtps_cpp
[ 68%] Built target interface_package__rosidl_typesupport_fastrtps_c
[35m[1mConsolidate compiler generated dependencies of target interface_package__rosidl_typesupport_c[0m
[ 70%] [32mBuilding CXX object CMakeFiles/interface_package__rosidl_typesupport_c.dir/rosidl_typesupport_c/interface_package/msg/robot_log__type_support.cpp.o[0m
[ 72%] [32mBuilding CXX object CMakeFiles/interface_package__rosidl_typesupport_c.dir/rosidl_typesupport_c/interface_package/srv/node_num__type_support.cpp.o[0m
[ 74%] [32mBuilding CXX object CMakeFiles/interface_package__rosidl_typesupport_c.dir/rosidl_typesupport_c/interface_package/srv/trash_info__type_support.cpp.o[0m
[ 76%] [32m[1mLinking CXX shared library libinterface_package__rosidl_typesupport_c.so[0m
[ 76%] Built target interface_package__rosidl_typesupport_c
[ 76%] Built target interface_package
[ 78%] [34m[1mGenerating Python code for ROS interfaces[0m
[ 78%] Built target interface_package__py
[35m[1mConsolidate compiler generated dependencies of target interface_package__rosidl_generator_py[0m
[ 80%] [32mBuilding C object CMakeFiles/interface_package__rosidl_generator_py.dir/rosidl_generator_py/interface_package/msg/_robot_log_s.c.o[0m
[ 82%] [32mBuilding C object CMakeFiles/interface_package__rosidl_generator_py.dir/rosidl_generator_py/interface_package/srv/_trash_info_s.c.o[0m
[ 85%] [32mBuilding C object CMakeFiles/interface_package__rosidl_generator_py.dir/rosidl_generator_py/interface_package/srv/_node_num_s.c.o[0m
[ 87%] [32m[1mLinking C shared library rosidl_generator_py/interface_package/libinterface_package__rosidl_generator_py.so[0m
[ 87%] Built target interface_package__rosidl_generator_py
[35m[1mConsolidate compiler generated dependencies of target interface_package__rosidl_typesupport_introspection_c__pyext[0m
[35m[1mConsolidate compiler generated dependencies of target interface_package__rosidl_typesupport_fastrtps_c__pyext[0m
[35m[1mConsolidate compiler generated dependencies of target interface_package__rosidl_typesupport_c__pyext[0m
[ 89%] [32mBuilding C object CMakeFiles/interface_package__rosidl_typesupport_c__pyext.dir/rosidl_generator_py/interface_package/_interface_package_s.ep.rosidl_typesupport_c.c.o[0m
[ 91%] [32mBuilding C object CMakeFiles/interface_package__rosidl_typesupport_fastrtps_c__pyext.dir/rosidl_generator_py/interface_package/_interface_package_s.ep.rosidl_typesupport_fastrtps_c.c.o[0m
[ 93%] [32mBuilding C object CMakeFiles/interface_package__rosidl_typesupport_introspection_c__pyext.dir/rosidl_generator_py/interface_package/_interface_package_s.ep.rosidl_typesupport_introspection_c.c.o[0m
[ 95%] [32m[1mLinking C shared library rosidl_generator_py/interface_package/interface_package_s__rosidl_typesupport_fastrtps_c.cpython-310-aarch64-linux-gnu.so[0m
[ 97%] [32m[1mLinking C shared library rosidl_generator_py/interface_package/interface_package_s__rosidl_typesupport_introspection_c.cpython-310-aarch64-linux-gnu.so[0m
[100%] [32m[1mLinking C shared library rosidl_generator_py/interface_package/interface_package_s__rosidl_typesupport_c.cpython-310-aarch64-linux-gnu.so[0m
[100%] Built target interface_package__rosidl_typesupport_fastrtps_c__pyext
[100%] Built target interface_package__rosidl_typesupport_introspection_c__pyext
[100%] Built target interface_package__rosidl_typesupport_c__pyext
-- Install configuration: ""
-- Up-to-date: /home/pi/workspace/ControlTower/install/interface_package/share/ament_index/resource_index/rosidl_interfaces/interface_package
-- Up-to-date: /home/pi/workspace/ControlTower/install/interface_package/include/interface_package/interface_package
-- Up-to-date: /home/pi/workspace/ControlTower/install/interface_package/include/interface_package/interface_package/srv
-- Up-to-date: /home/pi/workspace/ControlTower/install/interface_package/include/interface_package/interface_package/srv/detail
-- Installing: /home/pi/workspace/ControlTower/install/interface_package/include/interface_package/interface_package/srv/detail/node_num__functions.h
-- Installing: /home/pi/workspace/ControlTower/install/interface_package/include/interface_package/interface_package/srv/detail/node_num__struct.h
-- Installing: /home/pi/workspace/ControlTower/install/interface_package/include/interface_package/interface_package/srv/detail/trash_info__functions.h
-- Installing: /home/pi/workspace/ControlTower/install/interface_package/include/interface_package/interface_package/srv/detail/node_num__type_support.h
-- Installing: /home/pi/workspace/ControlTower/install/interface_package/include/interface_package/interface_package/srv/detail/trash_info__struct.h
-- Installing: /home/pi/workspace/ControlTower/install/interface_package/include/interface_package/interface_package/srv/detail/trash_info__functions.c
-- Installing: /home/pi/workspace/ControlTower/install/interface_package/include/interface_package/interface_package/srv/detail/trash_info__type_support.h
-- Installing: /home/pi/workspace/ControlTower/install/interface_package/include/interface_package/interface_package/srv/detail/node_num__functions.c
-- Installing: /home/pi/workspace/ControlTower/install/interface_package/include/interface_package/interface_package/srv/trash_info.h
-- Installing: /home/pi/workspace/ControlTower/install/interface_package/include/interface_package/interface_package/srv/node_num.h
-- Up-to-date: /home/pi/workspace/ControlTower/install/interface_package/include/interface_package/interface_package/msg
-- Up-to-date: /home/pi/workspace/ControlTower/install/interface_package/include/interface_package/interface_package/msg/detail
-- Installing: /home/pi/workspace/ControlTower/install/interface_package/include/interface_package/interface_package/msg/detail/robot_log__struct.h
-- Installing: /home/pi/workspace/ControlTower/install/interface_package/include/interface_package/interface_package/msg/detail/robot_log__functions.c
-- Installing: /home/pi/workspace/ControlTower/install/interface_package/include/interface_package/interface_package/msg/detail/robot_log__type_support.h
-- Installing: /home/pi/workspace/ControlTower/install/interface_package/include/interface_package/interface_package/msg/detail/robot_log__functions.h
-- Installing: /home/pi/workspace/ControlTower/install/interface_package/include/interface_package/interface_package/msg/robot_log.h
-- Up-to-date: /home/pi/workspace/ControlTower/install/interface_package/include/interface_package/interface_package/msg/rosidl_generator_c__visibility_control.h
-- Up-to-date: /home/pi/workspace/ControlTower/install/interface_package/share/interface_package/environment/library_path.sh
-- Installing: /home/pi/workspace/ControlTower/install/interface_package/share/interface_package/environment/library_path.dsv
-- Installing: /home/pi/workspace/ControlTower/install/interface_package/lib/libinterface_package__rosidl_generator_c.so
-- Set runtime path of "/home/pi/workspace/ControlTower/install/interface_package/lib/libinterface_package__rosidl_generator_c.so" to ""
-- Up-to-date: /home/pi/workspace/ControlTower/install/interface_package/include/interface_package/interface_package
-- Up-to-date: /home/pi/workspace/ControlTower/install/interface_package/include/interface_package/interface_package/srv
-- Up-to-date: /home/pi/workspace/ControlTower/install/interface_package/include/interface_package/interface_package/srv/detail
-- Installing: /home/pi/workspace/ControlTower/install/interface_package/include/interface_package/interface_package/srv/detail/trash_info__rosidl_typesupport_fastrtps_c.h
-- Installing: /home/pi/workspace/ControlTower/install/interface_package/include/interface_package/interface_package/srv/detail/node_num__rosidl_typesupport_fastrtps_c.h
-- Up-to-date: /home/pi/workspace/ControlTower/install/interface_package/include/interface_package/interface_package/msg
-- Up-to-date: /home/pi/workspace/ControlTower/install/interface_package/include/interface_package/interface_package/msg/detail
-- Installing: /home/pi/workspace/ControlTower/install/interface_package/include/interface_package/interface_package/msg/detail/robot_log__rosidl_typesupport_fastrtps_c.h
-- Up-to-date: /home/pi/workspace/ControlTower/install/interface_package/include/interface_package/interface_package/msg/rosidl_typesupport_fastrtps_c__visibility_control.h
-- Installing: /home/pi/workspace/ControlTower/install/interface_package/lib/libinterface_package__rosidl_typesupport_fastrtps_c.so
-- Set runtime path of "/home/pi/workspace/ControlTower/install/interface_package/lib/libinterface_package__rosidl_typesupport_fastrtps_c.so" to ""
-- Up-to-date: /home/pi/workspace/ControlTower/install/interface_package/include/interface_package/interface_package
-- Up-to-date: /home/pi/workspace/ControlTower/install/interface_package/include/interface_package/interface_package/srv
-- Up-to-date: /home/pi/workspace/ControlTower/install/interface_package/include/interface_package/interface_package/srv/detail
-- Installing: /home/pi/workspace/ControlTower/install/interface_package/include/interface_package/interface_package/srv/detail/node_num__struct.hpp
-- Installing: /home/pi/workspace/ControlTower/install/interface_package/include/interface_package/interface_package/srv/detail/trash_info__struct.hpp
-- Installing: /home/pi/workspace/ControlTower/install/interface_package/include/interface_package/interface_package/srv/detail/node_num__builder.hpp
-- Installing: /home/pi/workspace/ControlTower/install/interface_package/include/interface_package/interface_package/srv/detail/trash_info__traits.hpp
-- Installing: /home/pi/workspace/ControlTower/install/interface_package/include/interface_package/interface_package/srv/detail/node_num__traits.hpp
-- Installing: /home/pi/workspace/ControlTower/install/interface_package/include/interface_package/interface_package/srv/detail/trash_info__builder.hpp
-- Installing: /home/pi/workspace/ControlTower/install/interface_package/include/interface_package/interface_package/srv/node_num.hpp
-- Installing: /home/pi/workspace/ControlTower/install/interface_package/include/interface_package/interface_package/srv/trash_info.hpp
-- Up-to-date: /home/pi/workspace/ControlTower/install/interface_package/include/interface_package/interface_package/msg
-- Up-to-date: /home/pi/workspace/ControlTower/install/interface_package/include/interface_package/interface_package/msg/detail
-- Installing: /home/pi/workspace/ControlTower/install/interface_package/include/interface_package/interface_package/msg/detail/robot_log__struct.hpp
-- Installing: /home/pi/workspace/ControlTower/install/interface_package/include/interface_package/interface_package/msg/detail/robot_log__builder.hpp
-- Installing: /home/pi/workspace/ControlTower/install/interface_package/include/interface_package/interface_package/msg/detail/robot_log__traits.hpp
-- Installing: /home/pi/workspace/ControlTower/install/interface_package/include/interface_package/interface_package/msg/robot_log.hpp
-- Up-to-date: /home/pi/workspace/ControlTower/install/interface_package/include/interface_package/interface_package
-- Up-to-date: /home/pi/workspace/ControlTower/install/interface_package/include/interface_package/interface_package/srv
-- Up-to-date: /home/pi/workspace/ControlTower/install/interface_package/include/interface_package/interface_package/srv/detail
-- Up-to-date: /home/pi/workspace/ControlTower/install/interface_package/include/interface_package/interface_package/srv/detail/dds_fastrtps
-- Installing: /home/pi/workspace/ControlTower/install/interface_package/include/interface_package/interface_package/srv/detail/node_num__rosidl_typesupport_fastrtps_cpp.hpp
-- Installing: /home/pi/workspace/ControlTower/install/interface_package/include/interface_package/interface_package/srv/detail/trash_info__rosidl_typesupport_fastrtps_cpp.hpp
-- Up-to-date: /home/pi/workspace/ControlTower/install/interface_package/include/interface_package/interface_package/msg
-- Up-to-date: /home/pi/workspace/ControlTower/install/interface_package/include/interface_package/interface_package/msg/detail
-- Up-to-date: /home/pi/workspace/ControlTower/install/interface_package/include/interface_package/interface_package/msg/detail/dds_fastrtps
-- Installing: /home/pi/workspace/ControlTower/install/interface_package/include/interface_package/interface_package/msg/detail/robot_log__rosidl_typesupport_fastrtps_cpp.hpp
-- Up-to-date: /home/pi/workspace/ControlTower/install/interface_package/include/interface_package/interface_package/msg/rosidl_typesupport_fastrtps_cpp__visibility_control.h
-- Installing: /home/pi/workspace/ControlTower/install/interface_package/lib/libinterface_package__rosidl_typesupport_fastrtps_cpp.so
-- Set runtime path of "/home/pi/workspace/ControlTower/install/interface_package/lib/libinterface_package__rosidl_typesupport_fastrtps_cpp.so" to ""
-- Up-to-date: /home/pi/workspace/ControlTower/install/interface_package/include/interface_package/interface_package
-- Up-to-date: /home/pi/workspace/ControlTower/install/interface_package/include/interface_package/interface_package/srv
-- Up-to-date: /home/pi/workspace/ControlTower/install/interface_package/include/interface_package/interface_package/srv/detail
-- Installing: /home/pi/workspace/ControlTower/install/interface_package/include/interface_package/interface_package/srv/detail/node_num__rosidl_typesupport_introspection_c.h
-- Installing: /home/pi/workspace/ControlTower/install/interface_package/include/interface_package/interface_package/srv/detail/trash_info__type_support.c
-- Installing: /home/pi/workspace/ControlTower/install/interface_package/include/interface_package/interface_package/srv/detail/node_num__type_support.c
-- Installing: /home/pi/workspace/ControlTower/install/interface_package/include/interface_package/interface_package/srv/detail/trash_info__rosidl_typesupport_introspection_c.h
-- Up-to-date: /home/pi/workspace/ControlTower/install/interface_package/include/interface_package/interface_package/msg
-- Up-to-date: /home/pi/workspace/ControlTower/install/interface_package/include/interface_package/interface_package/msg/detail
-- Installing: /home/pi/workspace/ControlTower/install/interface_package/include/interface_package/interface_package/msg/detail/robot_log__type_support.c
-- Installing: /home/pi/workspace/ControlTower/install/interface_package/include/interface_package/interface_package/msg/detail/robot_log__rosidl_typesupport_introspection_c.h
-- Up-to-date: /home/pi/workspace/ControlTower/install/interface_package/include/interface_package/interface_package/msg/rosidl_typesupport_introspection_c__visibility_control.h
-- Installing: /home/pi/workspace/ControlTower/install/interface_package/lib/libinterface_package__rosidl_typesupport_introspection_c.so
-- Set runtime path of "/home/pi/workspace/ControlTower/install/interface_package/lib/libinterface_package__rosidl_typesupport_introspection_c.so" to ""
-- Installing: /home/pi/workspace/ControlTower/install/interface_package/lib/libinterface_package__rosidl_typesupport_c.so
-- Set runtime path of "/home/pi/workspace/ControlTower/install/interface_package/lib/libinterface_package__rosidl_typesupport_c.so" to ""
-- Up-to-date: /home/pi/workspace/ControlTower/install/interface_package/include/interface_package/interface_package
-- Up-to-date: /home/pi/workspace/ControlTower/install/interface_package/include/interface_package/interface_package/srv
-- Up-to-date: /home/pi/workspace/ControlTower/install/interface_package/include/interface_package/interface_package/srv/detail
-- Installing: /home/pi/workspace/ControlTower/install/interface_package/include/interface_package/interface_package/srv/detail/node_num__rosidl_typesupport_introspection_cpp.hpp
-- Installing: /home/pi/workspace/ControlTower/install/interface_package/include/interface_package/interface_package/srv/detail/trash_info__type_support.cpp
-- Installing: /home/pi/workspace/ControlTower/install/interface_package/include/interface_package/interface_package/srv/detail/trash_info__rosidl_typesupport_introspection_cpp.hpp
-- Installing: /home/pi/workspace/ControlTower/install/interface_package/include/interface_package/interface_package/srv/detail/node_num__type_support.cpp
-- Up-to-date: /home/pi/workspace/ControlTower/install/interface_package/include/interface_package/interface_package/msg
-- Up-to-date: /home/pi/workspace/ControlTower/install/interface_package/include/interface_package/interface_package/msg/detail
-- Installing: /home/pi/workspace/ControlTower/install/interface_package/include/interface_package/interface_package/msg/detail/robot_log__rosidl_typesupport_introspection_cpp.hpp
-- Installing: /home/pi/workspace/ControlTower/install/interface_package/include/interface_package/interface_package/msg/detail/robot_log__type_support.cpp
-- Installing: /home/pi/workspace/ControlTower/install/interface_package/lib/libinterface_package__rosidl_typesupport_introspection_cpp.so
-- Set runtime path of "/home/pi/workspace/ControlTower/install/interface_package/lib/libinterface_package__rosidl_typesupport_introspection_cpp.so" to ""
-- Installing: /home/pi/workspace/ControlTower/install/interface_package/lib/libinterface_package__rosidl_typesupport_cpp.so
-- Set runtime path of "/home/pi/workspace/ControlTower/install/interface_package/lib/libinterface_package__rosidl_typesupport_cpp.so" to ""
-- Up-to-date: /home/pi/workspace/ControlTower/install/interface_package/share/interface_package/environment/pythonpath.sh
-- Installing: /home/pi/workspace/ControlTower/install/interface_package/share/interface_package/environment/pythonpath.dsv
-- Up-to-date: /home/pi/workspace/ControlTower/install/interface_package/local/lib/python3.10/dist-packages/interface_package-0.0.0-py3.10.egg-info
-- Installing: /home/pi/workspace/ControlTower/install/interface_package/local/lib/python3.10/dist-packages/interface_package-0.0.0-py3.10.egg-info/dependency_links.txt
-- Installing: /home/pi/workspace/ControlTower/install/interface_package/local/lib/python3.10/dist-packages/interface_package-0.0.0-py3.10.egg-info/top_level.txt
-- Installing: /home/pi/workspace/ControlTower/install/interface_package/local/lib/python3.10/dist-packages/interface_package-0.0.0-py3.10.egg-info/SOURCES.txt
-- Installing: /home/pi/workspace/ControlTower/install/interface_package/local/lib/python3.10/dist-packages/interface_package-0.0.0-py3.10.egg-info/PKG-INFO
-- Up-to-date: /home/pi/workspace/ControlTower/install/interface_package/local/lib/python3.10/dist-packages/interface_package
-- Installing: /home/pi/workspace/ControlTower/install/interface_package/local/lib/python3.10/dist-packages/interface_package/interface_package_s__rosidl_typesupport_introspection_c.cpython-310-aarch64-linux-gnu.so
-- Installing: /home/pi/workspace/ControlTower/install/interface_package/local/lib/python3.10/dist-packages/interface_package/interface_package_s__rosidl_typesupport_c.cpython-310-aarch64-linux-gnu.so
-- Installing: /home/pi/workspace/ControlTower/install/interface_package/local/lib/python3.10/dist-packages/interface_package/interface_package_s__rosidl_typesupport_fastrtps_c.cpython-310-aarch64-linux-gnu.so
-- Installing: /home/pi/workspace/ControlTower/install/interface_package/local/lib/python3.10/dist-packages/interface_package/_interface_package_s.ep.rosidl_typesupport_c.c
-- Up-to-date: /home/pi/workspace/ControlTower/install/interface_package/local/lib/python3.10/dist-packages/interface_package/srv
-- Installing: /home/pi/workspace/ControlTower/install/interface_package/local/lib/python3.10/dist-packages/interface_package/srv/_trash_info_s.c
-- Installing: /home/pi/workspace/ControlTower/install/interface_package/local/lib/python3.10/dist-packages/interface_package/srv/_node_num.py
-- Installing: /home/pi/workspace/ControlTower/install/interface_package/local/lib/python3.10/dist-packages/interface_package/srv/_trash_info.py
-- Installing: /home/pi/workspace/ControlTower/install/interface_package/local/lib/python3.10/dist-packages/interface_package/srv/_node_num_s.c
-- Installing: /home/pi/workspace/ControlTower/install/interface_package/local/lib/python3.10/dist-packages/interface_package/srv/__init__.py
-- Installing: /home/pi/workspace/ControlTower/install/interface_package/local/lib/python3.10/dist-packages/interface_package/libinterface_package__rosidl_generator_py.so
-- Up-to-date: /home/pi/workspace/ControlTower/install/interface_package/local/lib/python3.10/dist-packages/interface_package/msg
-- Installing: /home/pi/workspace/ControlTower/install/interface_package/local/lib/python3.10/dist-packages/interface_package/msg/_robot_log_s.c
-- Installing: /home/pi/workspace/ControlTower/install/interface_package/local/lib/python3.10/dist-packages/interface_package/msg/_robot_log.py
-- Installing: /home/pi/workspace/ControlTower/install/interface_package/local/lib/python3.10/dist-packages/interface_package/msg/__init__.py
-- Installing: /home/pi/workspace/ControlTower/install/interface_package/local/lib/python3.10/dist-packages/interface_package/_interface_package_s.ep.rosidl_typesupport_introspection_c.c
-- Installing: /home/pi/workspace/ControlTower/install/interface_package/local/lib/python3.10/dist-packages/interface_package/_interface_package_s.ep.rosidl_typesupport_fastrtps_c.c
-- Installing: /home/pi/workspace/ControlTower/install/interface_package/local/lib/python3.10/dist-packages/interface_package/__init__.py
Listing '/home/pi/workspace/ControlTower/install/interface_package/local/lib/python3.10/dist-packages/interface_package'...
Compiling '/home/pi/workspace/ControlTower/install/interface_package/local/lib/python3.10/dist-packages/interface_package/__init__.py'...
Listing '/home/pi/workspace/ControlTower/install/interface_package/local/lib/python3.10/dist-packages/interface_package/msg'...
Compiling '/home/pi/workspace/ControlTower/install/interface_package/local/lib/python3.10/dist-packages/interface_package/msg/__init__.py'...
Compiling '/home/pi/workspace/ControlTower/install/interface_package/local/lib/python3.10/dist-packages/interface_package/msg/_robot_log.py'...
Listing '/home/pi/workspace/ControlTower/install/interface_package/local/lib/python3.10/dist-packages/interface_package/srv'...
Compiling '/home/pi/workspace/ControlTower/install/interface_package/local/lib/python3.10/dist-packages/interface_package/srv/__init__.py'...
Compiling '/home/pi/workspace/ControlTower/install/interface_package/local/lib/python3.10/dist-packages/interface_package/srv/_node_num.py'...
Compiling '/home/pi/workspace/ControlTower/install/interface_package/local/lib/python3.10/dist-packages/interface_package/srv/_trash_info.py'...
-- Installing: /home/pi/workspace/ControlTower/install/interface_package/local/lib/python3.10/dist-packages/interface_package/interface_package_s__rosidl_typesupport_fastrtps_c.cpython-310-aarch64-linux-gnu.so
-- Set runtime path of "/home/pi/workspace/ControlTower/install/interface_package/local/lib/python3.10/dist-packages/interface_package/interface_package_s__rosidl_typesupport_fastrtps_c.cpython-310-aarch64-linux-gnu.so" to ""
-- Installing: /home/pi/workspace/ControlTower/install/interface_package/local/lib/python3.10/dist-packages/interface_package/interface_package_s__rosidl_typesupport_introspection_c.cpython-310-aarch64-linux-gnu.so
-- Set runtime path of "/home/pi/workspace/ControlTower/install/interface_package/local/lib/python3.10/dist-packages/interface_package/interface_package_s__rosidl_typesupport_introspection_c.cpython-310-aarch64-linux-gnu.so" to ""
-- Installing: /home/pi/workspace/ControlTower/install/interface_package/local/lib/python3.10/dist-packages/interface_package/interface_package_s__rosidl_typesupport_c.cpython-310-aarch64-linux-gnu.so
-- Set runtime path of "/home/pi/workspace/ControlTower/install/interface_package/local/lib/python3.10/dist-packages/interface_package/interface_package_s__rosidl_typesupport_c.cpython-310-aarch64-linux-gnu.so" to ""
-- Installing: /home/pi/workspace/ControlTower/install/interface_package/lib/libinterface_package__rosidl_generator_py.so
-- Set runtime path of "/home/pi/workspace/ControlTower/install/interface_package/lib/libinterface_package__rosidl_generator_py.so" to ""
-- Installing: /home/pi/workspace/ControlTower/install/interface_package/share/interface_package/msg/RobotLog.idl
-- Up-to-date: /home/pi/workspace/ControlTower/install/interface_package/share/interface_package/srv/NodeNum.idl
-- Up-to-date: /home/pi/workspace/ControlTower/install/interface_package/share/interface_package/srv/TrashInfo.idl
-- Installing: /home/pi/workspace/ControlTower/install/interface_package/share/interface_package/msg/RobotLog.msg
-- Up-to-date: /home/pi/workspace/ControlTower/install/interface_package/share/interface_package/srv/NodeNum.srv
-- Up-to-date: /home/pi/workspace/ControlTower/install/interface_package/share/interface_package/srv/NodeNum_Request.msg
-- Up-to-date: /home/pi/workspace/ControlTower/install/interface_package/share/interface_package/srv/NodeNum_Response.msg
-- Up-to-date: /home/pi/workspace/ControlTower/install/interface_package/share/interface_package/srv/TrashInfo.srv
-- Up-to-date: /home/pi/workspace/ControlTower/install/interface_package/share/interface_package/srv/TrashInfo_Request.msg
-- Up-to-date: /home/pi/workspace/ControlTower/install/interface_package/share/interface_package/srv/TrashInfo_Response.msg
-- Up-to-date: /home/pi/workspace/ControlTower/install/interface_package/share/ament_index/resource_index/package_run_dependencies/interface_package
-- Up-to-date: /home/pi/workspace/ControlTower/install/interface_package/share/ament_index/resource_index/parent_prefix_path/interface_package
-- Up-to-date: /home/pi/workspace/ControlTower/install/interface_package/share/interface_package/environment/ament_prefix_path.sh
-- Installing: /home/pi/workspace/ControlTower/install/interface_package/share/interface_package/environment/ament_prefix_path.dsv
-- Up-to-date: /home/pi/workspace/ControlTower/install/interface_package/share/interface_package/environment/path.sh
-- Installing: /home/pi/workspace/ControlTower/install/interface_package/share/interface_package/environment/path.dsv
-- Up-to-date: /home/pi/workspace/ControlTower/install/interface_package/share/interface_package/local_setup.bash
-- Up-to-date: /home/pi/workspace/ControlTower/install/interface_package/share/interface_package/local_setup.sh
-- Up-to-date: /home/pi/workspace/ControlTower/install/interface_package/share/interface_package/local_setup.zsh
-- Installing: /home/pi/workspace/ControlTower/install/interface_package/share/interface_package/local_setup.dsv
-- Installing: /home/pi/workspace/ControlTower/install/interface_package/share/interface_package/package.dsv
-- Up-to-date: /home/pi/workspace/ControlTower/install/interface_package/share/ament_index/resource_index/packages/interface_package
-- Up-to-date: /home/pi/workspace/ControlTower/install/interface_package/share/interface_package/cmake/export_interface_package__rosidl_generator_cExport.cmake
-- Up-to-date: /home/pi/workspace/ControlTower/install/interface_package/share/interface_package/cmake/export_interface_package__rosidl_generator_cExport-noconfig.cmake
-- Up-to-date: /home/pi/workspace/ControlTower/install/interface_package/share/interface_package/cmake/export_interface_package__rosidl_typesupport_fastrtps_cExport.cmake
-- Up-to-date: /home/pi/workspace/ControlTower/install/interface_package/share/interface_package/cmake/export_interface_package__rosidl_typesupport_fastrtps_cExport-noconfig.cmake
-- Up-to-date: /home/pi/workspace/ControlTower/install/interface_package/share/interface_package/cmake/export_interface_package__rosidl_generator_cppExport.cmake
-- Up-to-date: /home/pi/workspace/ControlTower/install/interface_package/share/interface_package/cmake/export_interface_package__rosidl_typesupport_fastrtps_cppExport.cmake
-- Up-to-date: /home/pi/workspace/ControlTower/install/interface_package/share/interface_package/cmake/export_interface_package__rosidl_typesupport_fastrtps_cppExport-noconfig.cmake
-- Up-to-date: /home/pi/workspace/ControlTower/install/interface_package/share/interface_package/cmake/interface_package__rosidl_typesupport_introspection_cExport.cmake
-- Up-to-date: /home/pi/workspace/ControlTower/install/interface_package/share/interface_package/cmake/interface_package__rosidl_typesupport_introspection_cExport-noconfig.cmake
-- Up-to-date: /home/pi/workspace/ControlTower/install/interface_package/share/interface_package/cmake/interface_package__rosidl_typesupport_cExport.cmake
-- Up-to-date: /home/pi/workspace/ControlTower/install/interface_package/share/interface_package/cmake/interface_package__rosidl_typesupport_cExport-noconfig.cmake
-- Up-to-date: /home/pi/workspace/ControlTower/install/interface_package/share/interface_package/cmake/interface_package__rosidl_typesupport_introspection_cppExport.cmake
-- Up-to-date: /home/pi/workspace/ControlTower/install/interface_package/share/interface_package/cmake/interface_package__rosidl_typesupport_introspection_cppExport-noconfig.cmake
-- Up-to-date: /home/pi/workspace/ControlTower/install/interface_package/share/interface_package/cmake/interface_package__rosidl_typesupport_cppExport.cmake
-- Up-to-date: /home/pi/workspace/ControlTower/install/interface_package/share/interface_package/cmake/interface_package__rosidl_typesupport_cppExport-noconfig.cmake
-- Up-to-date: /home/pi/workspace/ControlTower/install/interface_package/share/interface_package/cmake/export_interface_package__rosidl_generator_pyExport.cmake
-- Up-to-date: /home/pi/workspace/ControlTower/install/interface_package/share/interface_package/cmake/export_interface_package__rosidl_generator_pyExport-noconfig.cmake
-- Up-to-date: /home/pi/workspace/ControlTower/install/interface_package/share/interface_package/cmake/rosidl_cmake-extras.cmake
-- Up-to-date: /home/pi/workspace/ControlTower/install/interface_package/share/interface_package/cmake/ament_cmake_export_dependencies-extras.cmake
-- Up-to-date: /home/pi/workspace/ControlTower/install/interface_package/share/interface_package/cmake/ament_cmake_export_include_directories-extras.cmake
-- Up-to-date: /home/pi/workspace/ControlTower/install/interface_package/share/interface_package/cmake/ament_cmake_export_libraries-extras.cmake
-- Up-to-date: /home/pi/workspace/ControlTower/install/interface_package/share/interface_package/cmake/ament_cmake_export_targets-extras.cmake
-- Up-to-date: /home/pi/workspace/ControlTower/install/interface_package/share/interface_package/cmake/rosidl_cmake_export_typesupport_targets-extras.cmake
-- Up-to-date: /home/pi/workspace/ControlTower/install/interface_package/share/interface_package/cmake/rosidl_cmake_export_typesupport_libraries-extras.cmake
-- Up-to-date: /home/pi/workspace/ControlTower/install/interface_package/share/interface_package/cmake/interface_packageConfig.cmake
-- Up-to-date: /home/pi/workspace/ControlTower/install/interface_package/share/interface_package/cmake/interface_packageConfig-version.cmake
-- Up-to-date: /home/pi/workspace/ControlTower/install/interface_package/share/interface_package/package.xml
