[1.272s] Invoking command in '/home/pi/workspace/ControlTower/build/interface_package': CMAKE_PREFIX_PATH=/opt/ros/humble /usr/bin/cmake --build /home/pi/workspace/ControlTower/build/interface_package -- -j4 -l4
[1.723s] [  2%] Built target interface_package__cpp
[1.800s] [ 12%] Built target interface_package__rosidl_generator_c
[1.818s] [ 12%] Built target ament_cmake_python_copy_interface_package
[1.923s] [ 23%] Built target interface_package__rosidl_typesupport_cpp
[1.977s] [ 34%] Built target interface_package__rosidl_typesupport_introspection_cpp
[1.984s] [ 44%] Built target interface_package__rosidl_typesupport_fastrtps_cpp
[2.016s] [ 55%] Built target interface_package__rosidl_typesupport_fastrtps_c
[2.100s] [ 65%] Built target interface_package__rosidl_typesupport_introspection_c
[2.136s] [ 76%] Built target interface_package__rosidl_typesupport_c
[2.259s] [ 76%] Built target interface_package
[2.360s] [ 78%] Built target interface_package__py
[2.489s] [ 87%] Built target interface_package__rosidl_generator_py
[2.645s] [ 91%] Built target interface_package__rosidl_typesupport_introspection_c__pyext
[2.664s] [ 95%] Built target interface_package__rosidl_typesupport_fastrtps_c__pyext
[2.697s] [100%] Built target interface_package__rosidl_typesupport_c__pyext
[3.581s] running egg_info
[3.585s] writing interface_package.egg-info/PKG-INFO
[3.586s] writing dependency_links to interface_package.egg-info/dependency_links.txt
[3.588s] writing top-level names to interface_package.egg-info/top_level.txt
[3.600s] reading manifest file 'interface_package.egg-info/SOURCES.txt'
[3.603s] writing manifest file 'interface_package.egg-info/SOURCES.txt'
[3.754s] [100%] Built target ament_cmake_python_build_interface_package_egg
[3.803s] Invoked command in '/home/pi/workspace/ControlTower/build/interface_package' returned '0': CMAKE_PREFIX_PATH=/opt/ros/humble /usr/bin/cmake --build /home/pi/workspace/ControlTower/build/interface_package -- -j4 -l4
[4.404s] Invoking command in '/home/pi/workspace/ControlTower/build/interface_package': CMAKE_PREFIX_PATH=/opt/ros/humble /usr/bin/cmake --install /home/pi/workspace/ControlTower/build/interface_package
[4.435s] -- Install configuration: ""
[4.437s] -- Up-to-date: /home/pi/workspace/ControlTower/install/interface_package/share/ament_index/resource_index/rosidl_interfaces/interface_package
[4.439s] -- Up-to-date: /home/pi/workspace/ControlTower/install/interface_package/include/interface_package/interface_package
[4.440s] -- Up-to-date: /home/pi/workspace/ControlTower/install/interface_package/include/interface_package/interface_package/srv
[4.443s] -- Up-to-date: /home/pi/workspace/ControlTower/install/interface_package/include/interface_package/interface_package/srv/detail
[4.445s] -- Up-to-date: /home/pi/workspace/ControlTower/install/interface_package/include/interface_package/interface_package/srv/detail/node_num__functions.h
[4.448s] -- Up-to-date: /home/pi/workspace/ControlTower/install/interface_package/include/interface_package/interface_package/srv/detail/node_num__struct.h
[4.449s] -- Up-to-date: /home/pi/workspace/ControlTower/install/interface_package/include/interface_package/interface_package/srv/detail/trash_info__functions.h
[4.449s] -- Up-to-date: /home/pi/workspace/ControlTower/install/interface_package/include/interface_package/interface_package/srv/detail/node_num__type_support.h
[4.450s] -- Up-to-date: /home/pi/workspace/ControlTower/install/interface_package/include/interface_package/interface_package/srv/detail/trash_info__struct.h
[4.451s] -- Up-to-date: /home/pi/workspace/ControlTower/install/interface_package/include/interface_package/interface_package/srv/detail/trash_info__functions.c
[4.451s] -- Up-to-date: /home/pi/workspace/ControlTower/install/interface_package/include/interface_package/interface_package/srv/detail/trash_info__type_support.h
[4.452s] -- Up-to-date: /home/pi/workspace/ControlTower/install/interface_package/include/interface_package/interface_package/srv/detail/node_num__functions.c
[4.453s] -- Up-to-date: /home/pi/workspace/ControlTower/install/interface_package/include/interface_package/interface_package/srv/trash_info.h
[4.454s] -- Up-to-date: /home/pi/workspace/ControlTower/install/interface_package/include/interface_package/interface_package/srv/node_num.h
[4.454s] -- Up-to-date: /home/pi/workspace/ControlTower/install/interface_package/include/interface_package/interface_package/msg
[4.455s] -- Up-to-date: /home/pi/workspace/ControlTower/install/interface_package/include/interface_package/interface_package/msg/detail
[4.456s] -- Up-to-date: /home/pi/workspace/ControlTower/install/interface_package/include/interface_package/interface_package/msg/detail/robot_log__struct.h
[4.457s] -- Up-to-date: /home/pi/workspace/ControlTower/install/interface_package/include/interface_package/interface_package/msg/detail/robot_log__functions.c
[4.458s] -- Up-to-date: /home/pi/workspace/ControlTower/install/interface_package/include/interface_package/interface_package/msg/detail/robot_log__type_support.h
[4.462s] -- Up-to-date: /home/pi/workspace/ControlTower/install/interface_package/include/interface_package/interface_package/msg/detail/robot_log__functions.h
[4.465s] -- Up-to-date: /home/pi/workspace/ControlTower/install/interface_package/include/interface_package/interface_package/msg/robot_log.h
[4.466s] -- Up-to-date: /home/pi/workspace/ControlTower/install/interface_package/include/interface_package/interface_package/msg/rosidl_generator_c__visibility_control.h
[4.466s] -- Up-to-date: /home/pi/workspace/ControlTower/install/interface_package/share/interface_package/environment/library_path.sh
[4.467s] -- Up-to-date: /home/pi/workspace/ControlTower/install/interface_package/share/interface_package/environment/library_path.dsv
[4.468s] -- Up-to-date: /home/pi/workspace/ControlTower/install/interface_package/lib/libinterface_package__rosidl_generator_c.so
[4.468s] -- Up-to-date: /home/pi/workspace/ControlTower/install/interface_package/include/interface_package/interface_package
[4.473s] -- Up-to-date: /home/pi/workspace/ControlTower/install/interface_package/include/interface_package/interface_package/srv
[4.473s] -- Up-to-date: /home/pi/workspace/ControlTower/install/interface_package/include/interface_package/interface_package/srv/detail
[4.474s] -- Up-to-date: /home/pi/workspace/ControlTower/install/interface_package/include/interface_package/interface_package/srv/detail/trash_info__rosidl_typesupport_fastrtps_c.h
[4.474s] -- Up-to-date: /home/pi/workspace/ControlTower/install/interface_package/include/interface_package/interface_package/srv/detail/node_num__rosidl_typesupport_fastrtps_c.h
[4.479s] -- Up-to-date: /home/pi/workspace/ControlTower/install/interface_package/include/interface_package/interface_package/msg
[4.482s] -- Up-to-date: /home/pi/workspace/ControlTower/install/interface_package/include/interface_package/interface_package/msg/detail
[4.482s] -- Up-to-date: /home/pi/workspace/ControlTower/install/interface_package/include/interface_package/interface_package/msg/detail/robot_log__rosidl_typesupport_fastrtps_c.h
[4.482s] -- Up-to-date: /home/pi/workspace/ControlTower/install/interface_package/include/interface_package/interface_package/msg/rosidl_typesupport_fastrtps_c__visibility_control.h
[4.485s] -- Up-to-date: /home/pi/workspace/ControlTower/install/interface_package/lib/libinterface_package__rosidl_typesupport_fastrtps_c.so
[4.486s] -- Up-to-date: /home/pi/workspace/ControlTower/install/interface_package/include/interface_package/interface_package
[4.486s] -- Up-to-date: /home/pi/workspace/ControlTower/install/interface_package/include/interface_package/interface_package/srv
[4.486s] -- Up-to-date: /home/pi/workspace/ControlTower/install/interface_package/include/interface_package/interface_package/srv/detail
[4.487s] -- Up-to-date: /home/pi/workspace/ControlTower/install/interface_package/include/interface_package/interface_package/srv/detail/node_num__struct.hpp
[4.491s] -- Up-to-date: /home/pi/workspace/ControlTower/install/interface_package/include/interface_package/interface_package/srv/detail/trash_info__struct.hpp
[4.493s] -- Up-to-date: /home/pi/workspace/ControlTower/install/interface_package/include/interface_package/interface_package/srv/detail/node_num__builder.hpp
[4.494s] -- Up-to-date: /home/pi/workspace/ControlTower/install/interface_package/include/interface_package/interface_package/srv/detail/trash_info__traits.hpp
[4.494s] -- Up-to-date: /home/pi/workspace/ControlTower/install/interface_package/include/interface_package/interface_package/srv/detail/node_num__traits.hpp
[4.495s] -- Up-to-date: /home/pi/workspace/ControlTower/install/interface_package/include/interface_package/interface_package/srv/detail/trash_info__builder.hpp
[4.496s] -- Up-to-date: /home/pi/workspace/ControlTower/install/interface_package/include/interface_package/interface_package/srv/node_num.hpp
[4.496s] -- Up-to-date: /home/pi/workspace/ControlTower/install/interface_package/include/interface_package/interface_package/srv/trash_info.hpp
[4.504s] -- Up-to-date: /home/pi/workspace/ControlTower/install/interface_package/include/interface_package/interface_package/msg
[4.504s] -- Up-to-date: /home/pi/workspace/ControlTower/install/interface_package/include/interface_package/interface_package/msg/detail
[4.505s] -- Up-to-date: /home/pi/workspace/ControlTower/install/interface_package/include/interface_package/interface_package/msg/detail/robot_log__struct.hpp
[4.505s] -- Up-to-date: /home/pi/workspace/ControlTower/install/interface_package/include/interface_package/interface_package/msg/detail/robot_log__builder.hpp
[4.506s] -- Up-to-date: /home/pi/workspace/ControlTower/install/interface_package/include/interface_package/interface_package/msg/detail/robot_log__traits.hpp
[4.506s] -- Up-to-date: /home/pi/workspace/ControlTower/install/interface_package/include/interface_package/interface_package/msg/robot_log.hpp
[4.506s] -- Up-to-date: /home/pi/workspace/ControlTower/install/interface_package/include/interface_package/interface_package
[4.507s] -- Up-to-date: /home/pi/workspace/ControlTower/install/interface_package/include/interface_package/interface_package/srv
[4.508s] -- Up-to-date: /home/pi/workspace/ControlTower/install/interface_package/include/interface_package/interface_package/srv/detail
[4.515s] -- Up-to-date: /home/pi/workspace/ControlTower/install/interface_package/include/interface_package/interface_package/srv/detail/dds_fastrtps
[4.519s] -- Up-to-date: /home/pi/workspace/ControlTower/install/interface_package/include/interface_package/interface_package/srv/detail/node_num__rosidl_typesupport_fastrtps_cpp.hpp
[4.520s] -- Up-to-date: /home/pi/workspace/ControlTower/install/interface_package/include/interface_package/interface_package/srv/detail/trash_info__rosidl_typesupport_fastrtps_cpp.hpp
[4.520s] -- Up-to-date: /home/pi/workspace/ControlTower/install/interface_package/include/interface_package/interface_package/msg
[4.521s] -- Up-to-date: /home/pi/workspace/ControlTower/install/interface_package/include/interface_package/interface_package/msg/detail
[4.524s] -- Up-to-date: /home/pi/workspace/ControlTower/install/interface_package/include/interface_package/interface_package/msg/detail/dds_fastrtps
[4.525s] -- Up-to-date: /home/pi/workspace/ControlTower/install/interface_package/include/interface_package/interface_package/msg/detail/robot_log__rosidl_typesupport_fastrtps_cpp.hpp
[4.528s] -- Up-to-date: /home/pi/workspace/ControlTower/install/interface_package/include/interface_package/interface_package/msg/rosidl_typesupport_fastrtps_cpp__visibility_control.h
[4.529s] -- Up-to-date: /home/pi/workspace/ControlTower/install/interface_package/lib/libinterface_package__rosidl_typesupport_fastrtps_cpp.so
[4.529s] -- Up-to-date: /home/pi/workspace/ControlTower/install/interface_package/include/interface_package/interface_package
[4.530s] -- Up-to-date: /home/pi/workspace/ControlTower/install/interface_package/include/interface_package/interface_package/srv
[4.530s] -- Up-to-date: /home/pi/workspace/ControlTower/install/interface_package/include/interface_package/interface_package/srv/detail
[4.531s] -- Up-to-date: /home/pi/workspace/ControlTower/install/interface_package/include/interface_package/interface_package/srv/detail/node_num__rosidl_typesupport_introspection_c.h
[4.531s] -- Up-to-date: /home/pi/workspace/ControlTower/install/interface_package/include/interface_package/interface_package/srv/detail/trash_info__type_support.c
[4.538s] -- Up-to-date: /home/pi/workspace/ControlTower/install/interface_package/include/interface_package/interface_package/srv/detail/node_num__type_support.c
[4.539s] -- Up-to-date: /home/pi/workspace/ControlTower/install/interface_package/include/interface_package/interface_package/srv/detail/trash_info__rosidl_typesupport_introspection_c.h
[4.539s] -- Up-to-date: /home/pi/workspace/ControlTower/install/interface_package/include/interface_package/interface_package/msg
[4.543s] -- Up-to-date: /home/pi/workspace/ControlTower/install/interface_package/include/interface_package/interface_package/msg/detail
[4.544s] -- Up-to-date: /home/pi/workspace/ControlTower/install/interface_package/include/interface_package/interface_package/msg/detail/robot_log__type_support.c
[4.544s] -- Up-to-date: /home/pi/workspace/ControlTower/install/interface_package/include/interface_package/interface_package/msg/detail/robot_log__rosidl_typesupport_introspection_c.h
[4.545s] -- Up-to-date: /home/pi/workspace/ControlTower/install/interface_package/include/interface_package/interface_package/msg/rosidl_typesupport_introspection_c__visibility_control.h
[4.545s] -- Up-to-date: /home/pi/workspace/ControlTower/install/interface_package/lib/libinterface_package__rosidl_typesupport_introspection_c.so
[4.546s] -- Up-to-date: /home/pi/workspace/ControlTower/install/interface_package/lib/libinterface_package__rosidl_typesupport_c.so
[4.549s] -- Up-to-date: /home/pi/workspace/ControlTower/install/interface_package/include/interface_package/interface_package
[4.550s] -- Up-to-date: /home/pi/workspace/ControlTower/install/interface_package/include/interface_package/interface_package/srv
[4.552s] -- Up-to-date: /home/pi/workspace/ControlTower/install/interface_package/include/interface_package/interface_package/srv/detail
[4.552s] -- Up-to-date: /home/pi/workspace/ControlTower/install/interface_package/include/interface_package/interface_package/srv/detail/node_num__rosidl_typesupport_introspection_cpp.hpp
[4.555s] -- Up-to-date: /home/pi/workspace/ControlTower/install/interface_package/include/interface_package/interface_package/srv/detail/trash_info__type_support.cpp
[4.556s] -- Up-to-date: /home/pi/workspace/ControlTower/install/interface_package/include/interface_package/interface_package/srv/detail/trash_info__rosidl_typesupport_introspection_cpp.hpp
[4.556s] -- Up-to-date: /home/pi/workspace/ControlTower/install/interface_package/include/interface_package/interface_package/srv/detail/node_num__type_support.cpp
[4.559s] -- Up-to-date: /home/pi/workspace/ControlTower/install/interface_package/include/interface_package/interface_package/msg
[4.560s] -- Up-to-date: /home/pi/workspace/ControlTower/install/interface_package/include/interface_package/interface_package/msg/detail
[4.560s] -- Up-to-date: /home/pi/workspace/ControlTower/install/interface_package/include/interface_package/interface_package/msg/detail/robot_log__rosidl_typesupport_introspection_cpp.hpp
[4.561s] -- Up-to-date: /home/pi/workspace/ControlTower/install/interface_package/include/interface_package/interface_package/msg/detail/robot_log__type_support.cpp
[4.566s] -- Up-to-date: /home/pi/workspace/ControlTower/install/interface_package/lib/libinterface_package__rosidl_typesupport_introspection_cpp.so
[4.571s] -- Up-to-date: /home/pi/workspace/ControlTower/install/interface_package/lib/libinterface_package__rosidl_typesupport_cpp.so
[4.573s] -- Up-to-date: /home/pi/workspace/ControlTower/install/interface_package/share/interface_package/environment/pythonpath.sh
[4.583s] -- Up-to-date: /home/pi/workspace/ControlTower/install/interface_package/share/interface_package/environment/pythonpath.dsv
[4.585s] -- Up-to-date: /home/pi/workspace/ControlTower/install/interface_package/local/lib/python3.10/dist-packages/interface_package-0.0.0-py3.10.egg-info
[4.587s] -- Installing: /home/pi/workspace/ControlTower/install/interface_package/local/lib/python3.10/dist-packages/interface_package-0.0.0-py3.10.egg-info/dependency_links.txt
[4.591s] -- Installing: /home/pi/workspace/ControlTower/install/interface_package/local/lib/python3.10/dist-packages/interface_package-0.0.0-py3.10.egg-info/top_level.txt
[4.595s] -- Installing: /home/pi/workspace/ControlTower/install/interface_package/local/lib/python3.10/dist-packages/interface_package-0.0.0-py3.10.egg-info/SOURCES.txt
[4.600s] -- Installing: /home/pi/workspace/ControlTower/install/interface_package/local/lib/python3.10/dist-packages/interface_package-0.0.0-py3.10.egg-info/PKG-INFO
[4.603s] -- Up-to-date: /home/pi/workspace/ControlTower/install/interface_package/local/lib/python3.10/dist-packages/interface_package
[4.606s] -- Up-to-date: /home/pi/workspace/ControlTower/install/interface_package/local/lib/python3.10/dist-packages/interface_package/interface_package_s__rosidl_typesupport_introspection_c.cpython-310-aarch64-linux-gnu.so
[4.607s] -- Up-to-date: /home/pi/workspace/ControlTower/install/interface_package/local/lib/python3.10/dist-packages/interface_package/interface_package_s__rosidl_typesupport_c.cpython-310-aarch64-linux-gnu.so
[4.609s] -- Up-to-date: /home/pi/workspace/ControlTower/install/interface_package/local/lib/python3.10/dist-packages/interface_package/interface_package_s__rosidl_typesupport_fastrtps_c.cpython-310-aarch64-linux-gnu.so
[4.610s] -- Up-to-date: /home/pi/workspace/ControlTower/install/interface_package/local/lib/python3.10/dist-packages/interface_package/_interface_package_s.ep.rosidl_typesupport_c.c
[4.611s] -- Up-to-date: /home/pi/workspace/ControlTower/install/interface_package/local/lib/python3.10/dist-packages/interface_package/srv
[4.613s] -- Up-to-date: /home/pi/workspace/ControlTower/install/interface_package/local/lib/python3.10/dist-packages/interface_package/srv/_trash_info_s.c
[4.614s] -- Up-to-date: /home/pi/workspace/ControlTower/install/interface_package/local/lib/python3.10/dist-packages/interface_package/srv/_node_num.py
[4.616s] -- Up-to-date: /home/pi/workspace/ControlTower/install/interface_package/local/lib/python3.10/dist-packages/interface_package/srv/_trash_info.py
[4.618s] -- Up-to-date: /home/pi/workspace/ControlTower/install/interface_package/local/lib/python3.10/dist-packages/interface_package/srv/_node_num_s.c
[4.620s] -- Up-to-date: /home/pi/workspace/ControlTower/install/interface_package/local/lib/python3.10/dist-packages/interface_package/srv/__init__.py
[4.621s] -- Up-to-date: /home/pi/workspace/ControlTower/install/interface_package/local/lib/python3.10/dist-packages/interface_package/libinterface_package__rosidl_generator_py.so
[4.624s] -- Up-to-date: /home/pi/workspace/ControlTower/install/interface_package/local/lib/python3.10/dist-packages/interface_package/msg
[4.630s] -- Up-to-date: /home/pi/workspace/ControlTower/install/interface_package/local/lib/python3.10/dist-packages/interface_package/msg/_robot_log_s.c
[4.631s] -- Up-to-date: /home/pi/workspace/ControlTower/install/interface_package/local/lib/python3.10/dist-packages/interface_package/msg/_robot_log.py
[4.632s] -- Up-to-date: /home/pi/workspace/ControlTower/install/interface_package/local/lib/python3.10/dist-packages/interface_package/msg/__init__.py
[4.632s] -- Up-to-date: /home/pi/workspace/ControlTower/install/interface_package/local/lib/python3.10/dist-packages/interface_package/_interface_package_s.ep.rosidl_typesupport_introspection_c.c
[4.633s] -- Up-to-date: /home/pi/workspace/ControlTower/install/interface_package/local/lib/python3.10/dist-packages/interface_package/_interface_package_s.ep.rosidl_typesupport_fastrtps_c.c
[4.633s] -- Up-to-date: /home/pi/workspace/ControlTower/install/interface_package/local/lib/python3.10/dist-packages/interface_package/__init__.py
[4.793s] Listing '/home/pi/workspace/ControlTower/install/interface_package/local/lib/python3.10/dist-packages/interface_package'...
[4.798s] Listing '/home/pi/workspace/ControlTower/install/interface_package/local/lib/python3.10/dist-packages/interface_package/msg'...
[4.799s] Listing '/home/pi/workspace/ControlTower/install/interface_package/local/lib/python3.10/dist-packages/interface_package/srv'...
[4.816s] -- Up-to-date: /home/pi/workspace/ControlTower/install/interface_package/local/lib/python3.10/dist-packages/interface_package/interface_package_s__rosidl_typesupport_fastrtps_c.cpython-310-aarch64-linux-gnu.so
[4.837s] -- Up-to-date: /home/pi/workspace/ControlTower/install/interface_package/local/lib/python3.10/dist-packages/interface_package/interface_package_s__rosidl_typesupport_introspection_c.cpython-310-aarch64-linux-gnu.so
[4.837s] -- Up-to-date: /home/pi/workspace/ControlTower/install/interface_package/local/lib/python3.10/dist-packages/interface_package/interface_package_s__rosidl_typesupport_c.cpython-310-aarch64-linux-gnu.so
[4.838s] -- Up-to-date: /home/pi/workspace/ControlTower/install/interface_package/lib/libinterface_package__rosidl_generator_py.so
[4.838s] -- Up-to-date: /home/pi/workspace/ControlTower/install/interface_package/share/interface_package/msg/RobotLog.idl
[4.838s] -- Up-to-date: /home/pi/workspace/ControlTower/install/interface_package/share/interface_package/srv/NodeNum.idl
[4.839s] -- Up-to-date: /home/pi/workspace/ControlTower/install/interface_package/share/interface_package/srv/TrashInfo.idl
[4.839s] -- Up-to-date: /home/pi/workspace/ControlTower/install/interface_package/share/interface_package/msg/RobotLog.msg
[4.840s] -- Up-to-date: /home/pi/workspace/ControlTower/install/interface_package/share/interface_package/srv/NodeNum.srv
[4.840s] -- Up-to-date: /home/pi/workspace/ControlTower/install/interface_package/share/interface_package/srv/NodeNum_Request.msg
[4.840s] -- Up-to-date: /home/pi/workspace/ControlTower/install/interface_package/share/interface_package/srv/NodeNum_Response.msg
[4.841s] -- Up-to-date: /home/pi/workspace/ControlTower/install/interface_package/share/interface_package/srv/TrashInfo.srv
[4.841s] -- Up-to-date: /home/pi/workspace/ControlTower/install/interface_package/share/interface_package/srv/TrashInfo_Request.msg
[4.842s] -- Up-to-date: /home/pi/workspace/ControlTower/install/interface_package/share/interface_package/srv/TrashInfo_Response.msg
[4.842s] -- Up-to-date: /home/pi/workspace/ControlTower/install/interface_package/share/ament_index/resource_index/package_run_dependencies/interface_package
[4.843s] -- Up-to-date: /home/pi/workspace/ControlTower/install/interface_package/share/ament_index/resource_index/parent_prefix_path/interface_package
[4.845s] -- Up-to-date: /home/pi/workspace/ControlTower/install/interface_package/share/interface_package/environment/ament_prefix_path.sh
[4.847s] -- Up-to-date: /home/pi/workspace/ControlTower/install/interface_package/share/interface_package/environment/ament_prefix_path.dsv
[4.855s] -- Up-to-date: /home/pi/workspace/ControlTower/install/interface_package/share/interface_package/environment/path.sh
[4.855s] -- Up-to-date: /home/pi/workspace/ControlTower/install/interface_package/share/interface_package/environment/path.dsv
[4.856s] -- Up-to-date: /home/pi/workspace/ControlTower/install/interface_package/share/interface_package/local_setup.bash
[4.856s] -- Up-to-date: /home/pi/workspace/ControlTower/install/interface_package/share/interface_package/local_setup.sh
[4.857s] -- Up-to-date: /home/pi/workspace/ControlTower/install/interface_package/share/interface_package/local_setup.zsh
[4.857s] -- Up-to-date: /home/pi/workspace/ControlTower/install/interface_package/share/interface_package/local_setup.dsv
[4.858s] -- Installing: /home/pi/workspace/ControlTower/install/interface_package/share/interface_package/package.dsv
[4.859s] -- Up-to-date: /home/pi/workspace/ControlTower/install/interface_package/share/ament_index/resource_index/packages/interface_package
[4.859s] -- Up-to-date: /home/pi/workspace/ControlTower/install/interface_package/share/interface_package/cmake/export_interface_package__rosidl_generator_cExport.cmake
[4.861s] -- Up-to-date: /home/pi/workspace/ControlTower/install/interface_package/share/interface_package/cmake/export_interface_package__rosidl_generator_cExport-noconfig.cmake
[4.863s] -- Up-to-date: /home/pi/workspace/ControlTower/install/interface_package/share/interface_package/cmake/export_interface_package__rosidl_typesupport_fastrtps_cExport.cmake
[4.864s] -- Up-to-date: /home/pi/workspace/ControlTower/install/interface_package/share/interface_package/cmake/export_interface_package__rosidl_typesupport_fastrtps_cExport-noconfig.cmake
[4.866s] -- Up-to-date: /home/pi/workspace/ControlTower/install/interface_package/share/interface_package/cmake/export_interface_package__rosidl_generator_cppExport.cmake
[4.868s] -- Up-to-date: /home/pi/workspace/ControlTower/install/interface_package/share/interface_package/cmake/export_interface_package__rosidl_typesupport_fastrtps_cppExport.cmake
[4.869s] -- Up-to-date: /home/pi/workspace/ControlTower/install/interface_package/share/interface_package/cmake/export_interface_package__rosidl_typesupport_fastrtps_cppExport-noconfig.cmake
[4.871s] -- Up-to-date: /home/pi/workspace/ControlTower/install/interface_package/share/interface_package/cmake/interface_package__rosidl_typesupport_introspection_cExport.cmake
[4.873s] -- Up-to-date: /home/pi/workspace/ControlTower/install/interface_package/share/interface_package/cmake/interface_package__rosidl_typesupport_introspection_cExport-noconfig.cmake
[4.875s] -- Up-to-date: /home/pi/workspace/ControlTower/install/interface_package/share/interface_package/cmake/interface_package__rosidl_typesupport_cExport.cmake
[4.876s] -- Up-to-date: /home/pi/workspace/ControlTower/install/interface_package/share/interface_package/cmake/interface_package__rosidl_typesupport_cExport-noconfig.cmake
[4.878s] -- Up-to-date: /home/pi/workspace/ControlTower/install/interface_package/share/interface_package/cmake/interface_package__rosidl_typesupport_introspection_cppExport.cmake
[4.880s] -- Up-to-date: /home/pi/workspace/ControlTower/install/interface_package/share/interface_package/cmake/interface_package__rosidl_typesupport_introspection_cppExport-noconfig.cmake
[4.882s] -- Up-to-date: /home/pi/workspace/ControlTower/install/interface_package/share/interface_package/cmake/interface_package__rosidl_typesupport_cppExport.cmake
[4.883s] -- Up-to-date: /home/pi/workspace/ControlTower/install/interface_package/share/interface_package/cmake/interface_package__rosidl_typesupport_cppExport-noconfig.cmake
[4.885s] -- Up-to-date: /home/pi/workspace/ControlTower/install/interface_package/share/interface_package/cmake/export_interface_package__rosidl_generator_pyExport.cmake
[4.888s] -- Up-to-date: /home/pi/workspace/ControlTower/install/interface_package/share/interface_package/cmake/export_interface_package__rosidl_generator_pyExport-noconfig.cmake
[4.888s] -- Up-to-date: /home/pi/workspace/ControlTower/install/interface_package/share/interface_package/cmake/rosidl_cmake-extras.cmake
[4.890s] -- Up-to-date: /home/pi/workspace/ControlTower/install/interface_package/share/interface_package/cmake/ament_cmake_export_dependencies-extras.cmake
[4.891s] -- Up-to-date: /home/pi/workspace/ControlTower/install/interface_package/share/interface_package/cmake/ament_cmake_export_include_directories-extras.cmake
[4.893s] -- Up-to-date: /home/pi/workspace/ControlTower/install/interface_package/share/interface_package/cmake/ament_cmake_export_libraries-extras.cmake
[4.894s] -- Up-to-date: /home/pi/workspace/ControlTower/install/interface_package/share/interface_package/cmake/ament_cmake_export_targets-extras.cmake
[4.895s] -- Up-to-date: /home/pi/workspace/ControlTower/install/interface_package/share/interface_package/cmake/rosidl_cmake_export_typesupport_targets-extras.cmake
[4.897s] -- Up-to-date: /home/pi/workspace/ControlTower/install/interface_package/share/interface_package/cmake/rosidl_cmake_export_typesupport_libraries-extras.cmake
[4.899s] -- Up-to-date: /home/pi/workspace/ControlTower/install/interface_package/share/interface_package/cmake/interface_packageConfig.cmake
[4.900s] -- Up-to-date: /home/pi/workspace/ControlTower/install/interface_package/share/interface_package/cmake/interface_packageConfig-version.cmake
[4.901s] -- Up-to-date: /home/pi/workspace/ControlTower/install/interface_package/share/interface_package/package.xml
[4.915s] Invoked command in '/home/pi/workspace/ControlTower/build/interface_package' returned '0': CMAKE_PREFIX_PATH=/opt/ros/humble /usr/bin/cmake --install /home/pi/workspace/ControlTower/build/interface_package
