/home/pi/workspace/ControlTower/install/ct_package/lib/python3.10/site-packages/ct_package/trash_detector.py
/home/pi/workspace/ControlTower/install/ct_package/lib/python3.10/site-packages/ct_package/camera_subscriber.py
/home/pi/workspace/ControlTower/install/ct_package/lib/python3.10/site-packages/ct_package/command_line_utils.py
/home/pi/workspace/ControlTower/install/ct_package/lib/python3.10/site-packages/ct_package/robot_coord_transform.py
/home/pi/workspace/ControlTower/install/ct_package/lib/python3.10/site-packages/ct_package/cam_coord_transform.py
/home/pi/workspace/ControlTower/install/ct_package/lib/python3.10/site-packages/ct_package/arm_planner.py
/home/pi/workspace/ControlTower/install/ct_package/lib/python3.10/site-packages/ct_package/data_publisher.py
/home/pi/workspace/ControlTower/install/ct_package/lib/python3.10/site-packages/ct_package/path_planner.py
/home/pi/workspace/ControlTower/install/ct_package/lib/python3.10/site-packages/ct_package/__init__.py
/home/pi/workspace/ControlTower/install/ct_package/lib/python3.10/site-packages/ct_package/camera_calibration.py
/home/pi/workspace/ControlTower/install/ct_package/lib/python3.10/site-packages/ct_package/mqtt_communication.py
/home/pi/workspace/ControlTower/install/ct_package/lib/python3.10/site-packages/ct_package/__pycache__/trash_detector.cpython-310.pyc
/home/pi/workspace/ControlTower/install/ct_package/lib/python3.10/site-packages/ct_package/__pycache__/camera_subscriber.cpython-310.pyc
/home/pi/workspace/ControlTower/install/ct_package/lib/python3.10/site-packages/ct_package/__pycache__/command_line_utils.cpython-310.pyc
/home/pi/workspace/ControlTower/install/ct_package/lib/python3.10/site-packages/ct_package/__pycache__/robot_coord_transform.cpython-310.pyc
/home/pi/workspace/ControlTower/install/ct_package/lib/python3.10/site-packages/ct_package/__pycache__/cam_coord_transform.cpython-310.pyc
/home/pi/workspace/ControlTower/install/ct_package/lib/python3.10/site-packages/ct_package/__pycache__/arm_planner.cpython-310.pyc
/home/pi/workspace/ControlTower/install/ct_package/lib/python3.10/site-packages/ct_package/__pycache__/data_publisher.cpython-310.pyc
/home/pi/workspace/ControlTower/install/ct_package/lib/python3.10/site-packages/ct_package/__pycache__/path_planner.cpython-310.pyc
/home/pi/workspace/ControlTower/install/ct_package/lib/python3.10/site-packages/ct_package/__pycache__/__init__.cpython-310.pyc
/home/pi/workspace/ControlTower/install/ct_package/lib/python3.10/site-packages/ct_package/__pycache__/camera_calibration.cpython-310.pyc
/home/pi/workspace/ControlTower/install/ct_package/lib/python3.10/site-packages/ct_package/__pycache__/mqtt_communication.cpython-310.pyc
/home/pi/workspace/ControlTower/install/ct_package/share/ament_index/resource_index/packages/ct_package
/home/pi/workspace/ControlTower/install/ct_package/share/ct_package/package.xml
/home/pi/workspace/ControlTower/install/ct_package/share/ct_package/launch/mqtt_communication.launch.py
/home/pi/workspace/ControlTower/install/ct_package/share/ct_package/launch/map_server.launch.py
/home/pi/workspace/ControlTower/install/ct_package/share/ct_package/launch/robot_arm.launch.py
/home/pi/workspace/ControlTower/install/ct_package/share/ct_package/params/mqtt_param.yaml
/home/pi/workspace/ControlTower/install/ct_package/lib/python3.10/site-packages/ct_package-0.0.0-py3.10.egg-info/dependency_links.txt
/home/pi/workspace/ControlTower/install/ct_package/lib/python3.10/site-packages/ct_package-0.0.0-py3.10.egg-info/top_level.txt
/home/pi/workspace/ControlTower/install/ct_package/lib/python3.10/site-packages/ct_package-0.0.0-py3.10.egg-info/requires.txt
/home/pi/workspace/ControlTower/install/ct_package/lib/python3.10/site-packages/ct_package-0.0.0-py3.10.egg-info/entry_points.txt
/home/pi/workspace/ControlTower/install/ct_package/lib/python3.10/site-packages/ct_package-0.0.0-py3.10.egg-info/SOURCES.txt
/home/pi/workspace/ControlTower/install/ct_package/lib/python3.10/site-packages/ct_package-0.0.0-py3.10.egg-info/zip-safe
/home/pi/workspace/ControlTower/install/ct_package/lib/python3.10/site-packages/ct_package-0.0.0-py3.10.egg-info/PKG-INFO
/home/pi/workspace/ControlTower/install/ct_package/lib/ct_package/arm_planner
/home/pi/workspace/ControlTower/install/ct_package/lib/ct_package/cam_coord_transform
/home/pi/workspace/ControlTower/install/ct_package/lib/ct_package/camera_calibration
/home/pi/workspace/ControlTower/install/ct_package/lib/ct_package/camera_subscriber
/home/pi/workspace/ControlTower/install/ct_package/lib/ct_package/data_publisher
/home/pi/workspace/ControlTower/install/ct_package/lib/ct_package/mqtt_communication
/home/pi/workspace/ControlTower/install/ct_package/lib/ct_package/trash_detector
