[3.172s] Invoking command in '/home/pi/workspace/ControlTower/src/ct_package': PYTHONPATH=/home/pi/workspace/ControlTower/build/ct_package/prefix_override:/usr/lib/python3/dist-packages/colcon_core/task/python/colcon_distutils_commands:/home/pi/workspace/ControlTower/install/ct_package/lib/python3.10/site-packages:${PYTHONPATH} /usr/bin/python3 -W ignore:setup.py install is deprecated setup.py egg_info --egg-base ../../build/ct_package build --build-base /home/pi/workspace/ControlTower/build/ct_package/build install --record /home/pi/workspace/ControlTower/build/ct_package/install.log --single-version-externally-managed install_data
[4.587s] running egg_info
[4.593s] writing ../../build/ct_package/ct_package.egg-info/PKG-INFO
[4.602s] writing dependency_links to ../../build/ct_package/ct_package.egg-info/dependency_links.txt
[4.605s] writing entry points to ../../build/ct_package/ct_package.egg-info/entry_points.txt
[4.608s] writing requirements to ../../build/ct_package/ct_package.egg-info/requires.txt
[4.610s] writing top-level names to ../../build/ct_package/ct_package.egg-info/top_level.txt
[4.615s] reading manifest file '../../build/ct_package/ct_package.egg-info/SOURCES.txt'
[4.618s] writing manifest file '../../build/ct_package/ct_package.egg-info/SOURCES.txt'
[4.619s] running build
[4.620s] running build_py
[4.624s] copying ct_package/data_publisher.py -> /home/pi/workspace/ControlTower/build/ct_package/build/lib/ct_package
[4.625s] copying ct_package/mqtt_communication.py -> /home/pi/workspace/ControlTower/build/ct_package/build/lib/ct_package
[4.627s] running install
[4.628s] running install_lib
[4.633s] copying /home/pi/workspace/ControlTower/build/ct_package/build/lib/ct_package/data_publisher.py -> /home/pi/workspace/ControlTower/install/ct_package/lib/python3.10/site-packages/ct_package
[4.636s] copying /home/pi/workspace/ControlTower/build/ct_package/build/lib/ct_package/mqtt_communication.py -> /home/pi/workspace/ControlTower/install/ct_package/lib/python3.10/site-packages/ct_package
[4.640s] byte-compiling /home/pi/workspace/ControlTower/install/ct_package/lib/python3.10/site-packages/ct_package/data_publisher.py to data_publisher.cpython-310.pyc
[4.647s] byte-compiling /home/pi/workspace/ControlTower/install/ct_package/lib/python3.10/site-packages/ct_package/mqtt_communication.py to mqtt_communication.cpython-310.pyc
[4.652s] running install_data
[4.654s] copying params/mqtt_param.yaml -> /home/pi/workspace/ControlTower/install/ct_package/share/ct_package/params
[4.655s] running install_egg_info
[4.662s] removing '/home/pi/workspace/ControlTower/install/ct_package/lib/python3.10/site-packages/ct_package-0.0.0-py3.10.egg-info' (and everything under it)
[4.664s] Copying ../../build/ct_package/ct_package.egg-info to /home/pi/workspace/ControlTower/install/ct_package/lib/python3.10/site-packages/ct_package-0.0.0-py3.10.egg-info
[4.677s] running install_scripts
[4.786s] Installing arm_planner script to /home/pi/workspace/ControlTower/install/ct_package/lib/ct_package
[4.788s] Installing cam_coord_transform script to /home/pi/workspace/ControlTower/install/ct_package/lib/ct_package
[4.789s] Installing camera_calibration script to /home/pi/workspace/ControlTower/install/ct_package/lib/ct_package
[4.798s] Installing camera_subscriber script to /home/pi/workspace/ControlTower/install/ct_package/lib/ct_package
[4.802s] Installing data_publisher script to /home/pi/workspace/ControlTower/install/ct_package/lib/ct_package
[4.804s] Installing mqtt_communication script to /home/pi/workspace/ControlTower/install/ct_package/lib/ct_package
[4.806s] Installing trash_detector script to /home/pi/workspace/ControlTower/install/ct_package/lib/ct_package
[4.815s] writing list of installed files to '/home/pi/workspace/ControlTower/build/ct_package/install.log'
[4.922s] Invoked command in '/home/pi/workspace/ControlTower/src/ct_package' returned '0': PYTHONPATH=/home/pi/workspace/ControlTower/build/ct_package/prefix_override:/usr/lib/python3/dist-packages/colcon_core/task/python/colcon_distutils_commands:/home/pi/workspace/ControlTower/install/ct_package/lib/python3.10/site-packages:${PYTHONPATH} /usr/bin/python3 -W ignore:setup.py install is deprecated setup.py egg_info --egg-base ../../build/ct_package build --build-base /home/pi/workspace/ControlTower/build/ct_package/build install --record /home/pi/workspace/ControlTower/build/ct_package/install.log --single-version-externally-managed install_data
