[1.299s] Invoking command in '/home/pi/workspace/ControlTower/build/interface_package': CMAKE_PREFIX_PATH=${CMAKE_PREFIX_PATH}:/home/pi/workspace/ControlTower/install/ct_package:/opt/ros/humble /usr/bin/cmake --build /home/pi/workspace/ControlTower/build/interface_package -- -j4 -l4
[1.607s] [ 10%] Built target interface_package__rosidl_generator_c
[1.609s] [ 10%] Built target ament_cmake_python_copy_interface_package
[1.618s] [ 12%] Built target interface_package__cpp
[1.749s] [ 23%] Built target interface_package__rosidl_typesupport_c
[1.801s] [ 34%] Built target interface_package__rosidl_typesupport_introspection_c
[1.836s] [ 44%] Built target interface_package__rosidl_typesupport_fastrtps_c
[1.948s] [ 55%] Built target interface_package__rosidl_typesupport_cpp
[1.977s] [ 65%] Built target interface_package__rosidl_typesupport_introspection_cpp
[2.002s] [ 76%] Built target interface_package__rosidl_typesupport_fastrtps_cpp
[2.126s] [ 76%] Built target interface_package
[2.228s] [ 78%] Built target interface_package__py
[2.354s] [ 87%] Built target interface_package__rosidl_generator_py
[2.566s] [ 91%] Built target interface_package__rosidl_typesupport_introspection_c__pyext
[2.571s] [ 95%] Built target interface_package__rosidl_typesupport_fastrtps_c__pyext
[2.616s] [100%] Built target interface_package__rosidl_typesupport_c__pyext
[3.167s] running egg_info
[3.170s] writing interface_package.egg-info/PKG-INFO
[3.172s] writing dependency_links to interface_package.egg-info/dependency_links.txt
[3.173s] writing top-level names to interface_package.egg-info/top_level.txt
[3.186s] reading manifest file 'interface_package.egg-info/SOURCES.txt'
[3.189s] writing manifest file 'interface_package.egg-info/SOURCES.txt'
[3.348s] [100%] Built target ament_cmake_python_build_interface_package_egg
[3.413s] Invoked command in '/home/pi/workspace/ControlTower/build/interface_package' returned '0': CMAKE_PREFIX_PATH=${CMAKE_PREFIX_PATH}:/home/pi/workspace/ControlTower/install/ct_package:/opt/ros/humble /usr/bin/cmake --build /home/pi/workspace/ControlTower/build/interface_package -- -j4 -l4
[4.112s] Invoking command in '/home/pi/workspace/ControlTower/build/interface_package': CMAKE_PREFIX_PATH=${CMAKE_PREFIX_PATH}:/home/pi/workspace/ControlTower/install/ct_package:/opt/ros/humble /usr/bin/cmake --install /home/pi/workspace/ControlTower/build/interface_package
[4.145s] -- Install configuration: ""
[4.148s] -- Up-to-date: /home/pi/workspace/ControlTower/install/interface_package/share/ament_index/resource_index/rosidl_interfaces/interface_package
[4.149s] -- Up-to-date: /home/pi/workspace/ControlTower/install/interface_package/include/interface_package/interface_package
[4.150s] -- Up-to-date: /home/pi/workspace/ControlTower/install/interface_package/include/interface_package/interface_package/srv
[4.150s] -- Up-to-date: /home/pi/workspace/ControlTower/install/interface_package/include/interface_package/interface_package/srv/detail
[4.151s] -- Up-to-date: /home/pi/workspace/ControlTower/install/interface_package/include/interface_package/interface_package/srv/detail/node_num__functions.h
[4.152s] -- Up-to-date: /home/pi/workspace/ControlTower/install/interface_package/include/interface_package/interface_package/srv/detail/node_num__struct.h
[4.153s] -- Up-to-date: /home/pi/workspace/ControlTower/install/interface_package/include/interface_package/interface_package/srv/detail/trash_info__functions.h
[4.154s] -- Up-to-date: /home/pi/workspace/ControlTower/install/interface_package/include/interface_package/interface_package/srv/detail/node_num__type_support.h
[4.156s] -- Up-to-date: /home/pi/workspace/ControlTower/install/interface_package/include/interface_package/interface_package/srv/detail/trash_info__struct.h
[4.156s] -- Up-to-date: /home/pi/workspace/ControlTower/install/interface_package/include/interface_package/interface_package/srv/detail/trash_info__functions.c
[4.157s] -- Up-to-date: /home/pi/workspace/ControlTower/install/interface_package/include/interface_package/interface_package/srv/detail/trash_info__type_support.h
[4.157s] -- Up-to-date: /home/pi/workspace/ControlTower/install/interface_package/include/interface_package/interface_package/srv/detail/node_num__functions.c
[4.158s] -- Up-to-date: /home/pi/workspace/ControlTower/install/interface_package/include/interface_package/interface_package/srv/trash_info.h
[4.159s] -- Up-to-date: /home/pi/workspace/ControlTower/install/interface_package/include/interface_package/interface_package/srv/node_num.h
[4.159s] -- Up-to-date: /home/pi/workspace/ControlTower/install/interface_package/include/interface_package/interface_package/msg
[4.161s] -- Up-to-date: /home/pi/workspace/ControlTower/install/interface_package/include/interface_package/interface_package/msg/detail
[4.163s] -- Up-to-date: /home/pi/workspace/ControlTower/install/interface_package/include/interface_package/interface_package/msg/detail/robot_log__struct.h
[4.166s] -- Up-to-date: /home/pi/workspace/ControlTower/install/interface_package/include/interface_package/interface_package/msg/detail/robot_log__functions.c
[4.167s] -- Up-to-date: /home/pi/workspace/ControlTower/install/interface_package/include/interface_package/interface_package/msg/detail/robot_log__type_support.h
[4.167s] -- Up-to-date: /home/pi/workspace/ControlTower/install/interface_package/include/interface_package/interface_package/msg/detail/robot_log__functions.h
[4.167s] -- Up-to-date: /home/pi/workspace/ControlTower/install/interface_package/include/interface_package/interface_package/msg/robot_log.h
[4.168s] -- Up-to-date: /home/pi/workspace/ControlTower/install/interface_package/include/interface_package/interface_package/msg/rosidl_generator_c__visibility_control.h
[4.168s] -- Up-to-date: /home/pi/workspace/ControlTower/install/interface_package/share/interface_package/environment/library_path.sh
[4.169s] -- Up-to-date: /home/pi/workspace/ControlTower/install/interface_package/share/interface_package/environment/library_path.dsv
[4.169s] -- Up-to-date: /home/pi/workspace/ControlTower/install/interface_package/lib/libinterface_package__rosidl_generator_c.so
[4.170s] -- Up-to-date: /home/pi/workspace/ControlTower/install/interface_package/include/interface_package/interface_package
[4.171s] -- Up-to-date: /home/pi/workspace/ControlTower/install/interface_package/include/interface_package/interface_package/srv
[4.171s] -- Up-to-date: /home/pi/workspace/ControlTower/install/interface_package/include/interface_package/interface_package/srv/detail
[4.172s] -- Up-to-date: /home/pi/workspace/ControlTower/install/interface_package/include/interface_package/interface_package/srv/detail/trash_info__rosidl_typesupport_fastrtps_c.h
[4.172s] -- Up-to-date: /home/pi/workspace/ControlTower/install/interface_package/include/interface_package/interface_package/srv/detail/node_num__rosidl_typesupport_fastrtps_c.h
[4.173s] -- Up-to-date: /home/pi/workspace/ControlTower/install/interface_package/include/interface_package/interface_package/msg
[4.173s] -- Up-to-date: /home/pi/workspace/ControlTower/install/interface_package/include/interface_package/interface_package/msg/detail
[4.174s] -- Up-to-date: /home/pi/workspace/ControlTower/install/interface_package/include/interface_package/interface_package/msg/detail/robot_log__rosidl_typesupport_fastrtps_c.h
[4.174s] -- Up-to-date: /home/pi/workspace/ControlTower/install/interface_package/include/interface_package/interface_package/msg/rosidl_typesupport_fastrtps_c__visibility_control.h
[4.175s] -- Up-to-date: /home/pi/workspace/ControlTower/install/interface_package/lib/libinterface_package__rosidl_typesupport_fastrtps_c.so
[4.176s] -- Up-to-date: /home/pi/workspace/ControlTower/install/interface_package/include/interface_package/interface_package
[4.176s] -- Up-to-date: /home/pi/workspace/ControlTower/install/interface_package/include/interface_package/interface_package/srv
[4.177s] -- Up-to-date: /home/pi/workspace/ControlTower/install/interface_package/include/interface_package/interface_package/srv/detail
[4.177s] -- Up-to-date: /home/pi/workspace/ControlTower/install/interface_package/include/interface_package/interface_package/srv/detail/node_num__struct.hpp
[4.178s] -- Up-to-date: /home/pi/workspace/ControlTower/install/interface_package/include/interface_package/interface_package/srv/detail/trash_info__struct.hpp
[4.179s] -- Up-to-date: /home/pi/workspace/ControlTower/install/interface_package/include/interface_package/interface_package/srv/detail/node_num__builder.hpp
[4.179s] -- Up-to-date: /home/pi/workspace/ControlTower/install/interface_package/include/interface_package/interface_package/srv/detail/trash_info__traits.hpp
[4.180s] -- Up-to-date: /home/pi/workspace/ControlTower/install/interface_package/include/interface_package/interface_package/srv/detail/node_num__traits.hpp
[4.181s] -- Up-to-date: /home/pi/workspace/ControlTower/install/interface_package/include/interface_package/interface_package/srv/detail/trash_info__builder.hpp
[4.181s] -- Up-to-date: /home/pi/workspace/ControlTower/install/interface_package/include/interface_package/interface_package/srv/node_num.hpp
[4.182s] -- Up-to-date: /home/pi/workspace/ControlTower/install/interface_package/include/interface_package/interface_package/srv/trash_info.hpp
[4.183s] -- Up-to-date: /home/pi/workspace/ControlTower/install/interface_package/include/interface_package/interface_package/msg
[4.183s] -- Up-to-date: /home/pi/workspace/ControlTower/install/interface_package/include/interface_package/interface_package/msg/detail
[4.184s] -- Up-to-date: /home/pi/workspace/ControlTower/install/interface_package/include/interface_package/interface_package/msg/detail/robot_log__struct.hpp
[4.184s] -- Up-to-date: /home/pi/workspace/ControlTower/install/interface_package/include/interface_package/interface_package/msg/detail/robot_log__builder.hpp
[4.185s] -- Up-to-date: /home/pi/workspace/ControlTower/install/interface_package/include/interface_package/interface_package/msg/detail/robot_log__traits.hpp
[4.186s] -- Up-to-date: /home/pi/workspace/ControlTower/install/interface_package/include/interface_package/interface_package/msg/robot_log.hpp
[4.186s] -- Up-to-date: /home/pi/workspace/ControlTower/install/interface_package/include/interface_package/interface_package
[4.187s] -- Up-to-date: /home/pi/workspace/ControlTower/install/interface_package/include/interface_package/interface_package/srv
[4.187s] -- Up-to-date: /home/pi/workspace/ControlTower/install/interface_package/include/interface_package/interface_package/srv/detail
[4.187s] -- Up-to-date: /home/pi/workspace/ControlTower/install/interface_package/include/interface_package/interface_package/srv/detail/dds_fastrtps
[4.188s] -- Up-to-date: /home/pi/workspace/ControlTower/install/interface_package/include/interface_package/interface_package/srv/detail/node_num__rosidl_typesupport_fastrtps_cpp.hpp
[4.188s] -- Up-to-date: /home/pi/workspace/ControlTower/install/interface_package/include/interface_package/interface_package/srv/detail/trash_info__rosidl_typesupport_fastrtps_cpp.hpp
[4.189s] -- Up-to-date: /home/pi/workspace/ControlTower/install/interface_package/include/interface_package/interface_package/msg
[4.189s] -- Up-to-date: /home/pi/workspace/ControlTower/install/interface_package/include/interface_package/interface_package/msg/detail
[4.190s] -- Up-to-date: /home/pi/workspace/ControlTower/install/interface_package/include/interface_package/interface_package/msg/detail/dds_fastrtps
[4.191s] -- Up-to-date: /home/pi/workspace/ControlTower/install/interface_package/include/interface_package/interface_package/msg/detail/robot_log__rosidl_typesupport_fastrtps_cpp.hpp
[4.191s] -- Up-to-date: /home/pi/workspace/ControlTower/install/interface_package/include/interface_package/interface_package/msg/rosidl_typesupport_fastrtps_cpp__visibility_control.h
[4.192s] -- Up-to-date: /home/pi/workspace/ControlTower/install/interface_package/lib/libinterface_package__rosidl_typesupport_fastrtps_cpp.so
[4.193s] -- Up-to-date: /home/pi/workspace/ControlTower/install/interface_package/include/interface_package/interface_package
[4.193s] -- Up-to-date: /home/pi/workspace/ControlTower/install/interface_package/include/interface_package/interface_package/srv
[4.194s] -- Up-to-date: /home/pi/workspace/ControlTower/install/interface_package/include/interface_package/interface_package/srv/detail
[4.195s] -- Up-to-date: /home/pi/workspace/ControlTower/install/interface_package/include/interface_package/interface_package/srv/detail/node_num__rosidl_typesupport_introspection_c.h
[4.195s] -- Up-to-date: /home/pi/workspace/ControlTower/install/interface_package/include/interface_package/interface_package/srv/detail/trash_info__type_support.c
[4.196s] -- Up-to-date: /home/pi/workspace/ControlTower/install/interface_package/include/interface_package/interface_package/srv/detail/node_num__type_support.c
[4.196s] -- Up-to-date: /home/pi/workspace/ControlTower/install/interface_package/include/interface_package/interface_package/srv/detail/trash_info__rosidl_typesupport_introspection_c.h
[4.197s] -- Up-to-date: /home/pi/workspace/ControlTower/install/interface_package/include/interface_package/interface_package/msg
[4.198s] -- Up-to-date: /home/pi/workspace/ControlTower/install/interface_package/include/interface_package/interface_package/msg/detail
[4.198s] -- Up-to-date: /home/pi/workspace/ControlTower/install/interface_package/include/interface_package/interface_package/msg/detail/robot_log__type_support.c
[4.199s] -- Up-to-date: /home/pi/workspace/ControlTower/install/interface_package/include/interface_package/interface_package/msg/detail/robot_log__rosidl_typesupport_introspection_c.h
[4.199s] -- Up-to-date: /home/pi/workspace/ControlTower/install/interface_package/include/interface_package/interface_package/msg/rosidl_typesupport_introspection_c__visibility_control.h
[4.200s] -- Up-to-date: /home/pi/workspace/ControlTower/install/interface_package/lib/libinterface_package__rosidl_typesupport_introspection_c.so
[4.200s] -- Up-to-date: /home/pi/workspace/ControlTower/install/interface_package/lib/libinterface_package__rosidl_typesupport_c.so
[4.202s] -- Up-to-date: /home/pi/workspace/ControlTower/install/interface_package/include/interface_package/interface_package
[4.203s] -- Up-to-date: /home/pi/workspace/ControlTower/install/interface_package/include/interface_package/interface_package/srv
[4.203s] -- Up-to-date: /home/pi/workspace/ControlTower/install/interface_package/include/interface_package/interface_package/srv/detail
[4.204s] -- Up-to-date: /home/pi/workspace/ControlTower/install/interface_package/include/interface_package/interface_package/srv/detail/node_num__rosidl_typesupport_introspection_cpp.hpp
[4.204s] -- Up-to-date: /home/pi/workspace/ControlTower/install/interface_package/include/interface_package/interface_package/srv/detail/trash_info__type_support.cpp
[4.205s] -- Up-to-date: /home/pi/workspace/ControlTower/install/interface_package/include/interface_package/interface_package/srv/detail/trash_info__rosidl_typesupport_introspection_cpp.hpp
[4.206s] -- Up-to-date: /home/pi/workspace/ControlTower/install/interface_package/include/interface_package/interface_package/srv/detail/node_num__type_support.cpp
[4.207s] -- Up-to-date: /home/pi/workspace/ControlTower/install/interface_package/include/interface_package/interface_package/msg
[4.207s] -- Up-to-date: /home/pi/workspace/ControlTower/install/interface_package/include/interface_package/interface_package/msg/detail
[4.210s] -- Up-to-date: /home/pi/workspace/ControlTower/install/interface_package/include/interface_package/interface_package/msg/detail/robot_log__rosidl_typesupport_introspection_cpp.hpp
[4.210s] -- Up-to-date: /home/pi/workspace/ControlTower/install/interface_package/include/interface_package/interface_package/msg/detail/robot_log__type_support.cpp
[4.211s] -- Up-to-date: /home/pi/workspace/ControlTower/install/interface_package/lib/libinterface_package__rosidl_typesupport_introspection_cpp.so
[4.215s] -- Up-to-date: /home/pi/workspace/ControlTower/install/interface_package/lib/libinterface_package__rosidl_typesupport_cpp.so
[4.218s] -- Up-to-date: /home/pi/workspace/ControlTower/install/interface_package/share/interface_package/environment/pythonpath.sh
[4.219s] -- Up-to-date: /home/pi/workspace/ControlTower/install/interface_package/share/interface_package/environment/pythonpath.dsv
[4.221s] -- Up-to-date: /home/pi/workspace/ControlTower/install/interface_package/local/lib/python3.10/dist-packages/interface_package-0.0.0-py3.10.egg-info
[4.223s] -- Installing: /home/pi/workspace/ControlTower/install/interface_package/local/lib/python3.10/dist-packages/interface_package-0.0.0-py3.10.egg-info/dependency_links.txt
[4.226s] -- Installing: /home/pi/workspace/ControlTower/install/interface_package/local/lib/python3.10/dist-packages/interface_package-0.0.0-py3.10.egg-info/top_level.txt
[4.228s] -- Installing: /home/pi/workspace/ControlTower/install/interface_package/local/lib/python3.10/dist-packages/interface_package-0.0.0-py3.10.egg-info/SOURCES.txt
[4.231s] -- Installing: /home/pi/workspace/ControlTower/install/interface_package/local/lib/python3.10/dist-packages/interface_package-0.0.0-py3.10.egg-info/PKG-INFO
[4.234s] -- Up-to-date: /home/pi/workspace/ControlTower/install/interface_package/local/lib/python3.10/dist-packages/interface_package
[4.236s] -- Up-to-date: /home/pi/workspace/ControlTower/install/interface_package/local/lib/python3.10/dist-packages/interface_package/interface_package_s__rosidl_typesupport_introspection_c.cpython-310-aarch64-linux-gnu.so
[4.237s] -- Up-to-date: /home/pi/workspace/ControlTower/install/interface_package/local/lib/python3.10/dist-packages/interface_package/interface_package_s__rosidl_typesupport_c.cpython-310-aarch64-linux-gnu.so
[4.238s] -- Up-to-date: /home/pi/workspace/ControlTower/install/interface_package/local/lib/python3.10/dist-packages/interface_package/interface_package_s__rosidl_typesupport_fastrtps_c.cpython-310-aarch64-linux-gnu.so
[4.240s] -- Up-to-date: /home/pi/workspace/ControlTower/install/interface_package/local/lib/python3.10/dist-packages/interface_package/_interface_package_s.ep.rosidl_typesupport_c.c
[4.242s] -- Up-to-date: /home/pi/workspace/ControlTower/install/interface_package/local/lib/python3.10/dist-packages/interface_package/srv
[4.244s] -- Up-to-date: /home/pi/workspace/ControlTower/install/interface_package/local/lib/python3.10/dist-packages/interface_package/srv/_trash_info_s.c
[4.246s] -- Up-to-date: /home/pi/workspace/ControlTower/install/interface_package/local/lib/python3.10/dist-packages/interface_package/srv/_node_num.py
[4.248s] -- Up-to-date: /home/pi/workspace/ControlTower/install/interface_package/local/lib/python3.10/dist-packages/interface_package/srv/_trash_info.py
[4.249s] -- Up-to-date: /home/pi/workspace/ControlTower/install/interface_package/local/lib/python3.10/dist-packages/interface_package/srv/_node_num_s.c
[4.259s] -- Up-to-date: /home/pi/workspace/ControlTower/install/interface_package/local/lib/python3.10/dist-packages/interface_package/srv/__init__.py
[4.260s] -- Up-to-date: /home/pi/workspace/ControlTower/install/interface_package/local/lib/python3.10/dist-packages/interface_package/libinterface_package__rosidl_generator_py.so
[4.262s] -- Up-to-date: /home/pi/workspace/ControlTower/install/interface_package/local/lib/python3.10/dist-packages/interface_package/msg
[4.264s] -- Up-to-date: /home/pi/workspace/ControlTower/install/interface_package/local/lib/python3.10/dist-packages/interface_package/msg/_robot_log_s.c
[4.266s] -- Up-to-date: /home/pi/workspace/ControlTower/install/interface_package/local/lib/python3.10/dist-packages/interface_package/msg/_robot_log.py
[4.267s] -- Up-to-date: /home/pi/workspace/ControlTower/install/interface_package/local/lib/python3.10/dist-packages/interface_package/msg/__init__.py
[4.269s] -- Up-to-date: /home/pi/workspace/ControlTower/install/interface_package/local/lib/python3.10/dist-packages/interface_package/_interface_package_s.ep.rosidl_typesupport_introspection_c.c
[4.270s] -- Up-to-date: /home/pi/workspace/ControlTower/install/interface_package/local/lib/python3.10/dist-packages/interface_package/_interface_package_s.ep.rosidl_typesupport_fastrtps_c.c
[4.273s] -- Up-to-date: /home/pi/workspace/ControlTower/install/interface_package/local/lib/python3.10/dist-packages/interface_package/__init__.py
[4.442s] Listing '/home/pi/workspace/ControlTower/install/interface_package/local/lib/python3.10/dist-packages/interface_package'...
[4.443s] Listing '/home/pi/workspace/ControlTower/install/interface_package/local/lib/python3.10/dist-packages/interface_package/msg'...
[4.445s] Listing '/home/pi/workspace/ControlTower/install/interface_package/local/lib/python3.10/dist-packages/interface_package/srv'...
[4.468s] -- Up-to-date: /home/pi/workspace/ControlTower/install/interface_package/local/lib/python3.10/dist-packages/interface_package/interface_package_s__rosidl_typesupport_fastrtps_c.cpython-310-aarch64-linux-gnu.so
[4.476s] -- Up-to-date: /home/pi/workspace/ControlTower/install/interface_package/local/lib/python3.10/dist-packages/interface_package/interface_package_s__rosidl_typesupport_introspection_c.cpython-310-aarch64-linux-gnu.so
[4.480s] -- Up-to-date: /home/pi/workspace/ControlTower/install/interface_package/local/lib/python3.10/dist-packages/interface_package/interface_package_s__rosidl_typesupport_c.cpython-310-aarch64-linux-gnu.so
[4.480s] -- Up-to-date: /home/pi/workspace/ControlTower/install/interface_package/lib/libinterface_package__rosidl_generator_py.so
[4.481s] -- Up-to-date: /home/pi/workspace/ControlTower/install/interface_package/share/interface_package/msg/RobotLog.idl
[4.482s] -- Up-to-date: /home/pi/workspace/ControlTower/install/interface_package/share/interface_package/srv/NodeNum.idl
[4.482s] -- Up-to-date: /home/pi/workspace/ControlTower/install/interface_package/share/interface_package/srv/TrashInfo.idl
[4.483s] -- Up-to-date: /home/pi/workspace/ControlTower/install/interface_package/share/interface_package/msg/RobotLog.msg
[4.483s] -- Up-to-date: /home/pi/workspace/ControlTower/install/interface_package/share/interface_package/srv/NodeNum.srv
[4.488s] -- Up-to-date: /home/pi/workspace/ControlTower/install/interface_package/share/interface_package/srv/NodeNum_Request.msg
[4.488s] -- Up-to-date: /home/pi/workspace/ControlTower/install/interface_package/share/interface_package/srv/NodeNum_Response.msg
[4.489s] -- Up-to-date: /home/pi/workspace/ControlTower/install/interface_package/share/interface_package/srv/TrashInfo.srv
[4.493s] -- Up-to-date: /home/pi/workspace/ControlTower/install/interface_package/share/interface_package/srv/TrashInfo_Request.msg
[4.494s] -- Up-to-date: /home/pi/workspace/ControlTower/install/interface_package/share/interface_package/srv/TrashInfo_Response.msg
[4.497s] -- Up-to-date: /home/pi/workspace/ControlTower/install/interface_package/share/ament_index/resource_index/package_run_dependencies/interface_package
[4.497s] -- Up-to-date: /home/pi/workspace/ControlTower/install/interface_package/share/ament_index/resource_index/parent_prefix_path/interface_package
[4.498s] -- Up-to-date: /home/pi/workspace/ControlTower/install/interface_package/share/interface_package/environment/ament_prefix_path.sh
[4.499s] -- Up-to-date: /home/pi/workspace/ControlTower/install/interface_package/share/interface_package/environment/ament_prefix_path.dsv
[4.499s] -- Up-to-date: /home/pi/workspace/ControlTower/install/interface_package/share/interface_package/environment/path.sh
[4.500s] -- Up-to-date: /home/pi/workspace/ControlTower/install/interface_package/share/interface_package/environment/path.dsv
[4.501s] -- Up-to-date: /home/pi/workspace/ControlTower/install/interface_package/share/interface_package/local_setup.bash
[4.501s] -- Up-to-date: /home/pi/workspace/ControlTower/install/interface_package/share/interface_package/local_setup.sh
[4.502s] -- Up-to-date: /home/pi/workspace/ControlTower/install/interface_package/share/interface_package/local_setup.zsh
[4.503s] -- Up-to-date: /home/pi/workspace/ControlTower/install/interface_package/share/interface_package/local_setup.dsv
[4.503s] -- Installing: /home/pi/workspace/ControlTower/install/interface_package/share/interface_package/package.dsv
[4.507s] -- Up-to-date: /home/pi/workspace/ControlTower/install/interface_package/share/ament_index/resource_index/packages/interface_package
[4.511s] -- Up-to-date: /home/pi/workspace/ControlTower/install/interface_package/share/interface_package/cmake/export_interface_package__rosidl_generator_cExport.cmake
[4.520s] -- Up-to-date: /home/pi/workspace/ControlTower/install/interface_package/share/interface_package/cmake/export_interface_package__rosidl_generator_cExport-noconfig.cmake
[4.529s] -- Up-to-date: /home/pi/workspace/ControlTower/install/interface_package/share/interface_package/cmake/export_interface_package__rosidl_typesupport_fastrtps_cExport.cmake
[4.530s] -- Up-to-date: /home/pi/workspace/ControlTower/install/interface_package/share/interface_package/cmake/export_interface_package__rosidl_typesupport_fastrtps_cExport-noconfig.cmake
[4.530s] -- Up-to-date: /home/pi/workspace/ControlTower/install/interface_package/share/interface_package/cmake/export_interface_package__rosidl_generator_cppExport.cmake
[4.531s] -- Up-to-date: /home/pi/workspace/ControlTower/install/interface_package/share/interface_package/cmake/export_interface_package__rosidl_typesupport_fastrtps_cppExport.cmake
[4.532s] -- Up-to-date: /home/pi/workspace/ControlTower/install/interface_package/share/interface_package/cmake/export_interface_package__rosidl_typesupport_fastrtps_cppExport-noconfig.cmake
[4.532s] -- Up-to-date: /home/pi/workspace/ControlTower/install/interface_package/share/interface_package/cmake/interface_package__rosidl_typesupport_introspection_cExport.cmake
[4.534s] -- Up-to-date: /home/pi/workspace/ControlTower/install/interface_package/share/interface_package/cmake/interface_package__rosidl_typesupport_introspection_cExport-noconfig.cmake
[4.534s] -- Up-to-date: /home/pi/workspace/ControlTower/install/interface_package/share/interface_package/cmake/interface_package__rosidl_typesupport_cExport.cmake
[4.535s] -- Up-to-date: /home/pi/workspace/ControlTower/install/interface_package/share/interface_package/cmake/interface_package__rosidl_typesupport_cExport-noconfig.cmake
[4.536s] -- Up-to-date: /home/pi/workspace/ControlTower/install/interface_package/share/interface_package/cmake/interface_package__rosidl_typesupport_introspection_cppExport.cmake
[4.536s] -- Up-to-date: /home/pi/workspace/ControlTower/install/interface_package/share/interface_package/cmake/interface_package__rosidl_typesupport_introspection_cppExport-noconfig.cmake
[4.537s] -- Up-to-date: /home/pi/workspace/ControlTower/install/interface_package/share/interface_package/cmake/interface_package__rosidl_typesupport_cppExport.cmake
[4.542s] -- Up-to-date: /home/pi/workspace/ControlTower/install/interface_package/share/interface_package/cmake/interface_package__rosidl_typesupport_cppExport-noconfig.cmake
[4.543s] -- Up-to-date: /home/pi/workspace/ControlTower/install/interface_package/share/interface_package/cmake/export_interface_package__rosidl_generator_pyExport.cmake
[4.543s] -- Up-to-date: /home/pi/workspace/ControlTower/install/interface_package/share/interface_package/cmake/export_interface_package__rosidl_generator_pyExport-noconfig.cmake
[4.544s] -- Up-to-date: /home/pi/workspace/ControlTower/install/interface_package/share/interface_package/cmake/rosidl_cmake-extras.cmake
[4.545s] -- Up-to-date: /home/pi/workspace/ControlTower/install/interface_package/share/interface_package/cmake/ament_cmake_export_dependencies-extras.cmake
[4.545s] -- Up-to-date: /home/pi/workspace/ControlTower/install/interface_package/share/interface_package/cmake/ament_cmake_export_include_directories-extras.cmake
[4.563s] -- Up-to-date: /home/pi/workspace/ControlTower/install/interface_package/share/interface_package/cmake/ament_cmake_export_libraries-extras.cmake
[4.567s] -- Up-to-date: /home/pi/workspace/ControlTower/install/interface_package/share/interface_package/cmake/ament_cmake_export_targets-extras.cmake
[4.569s] -- Up-to-date: /home/pi/workspace/ControlTower/install/interface_package/share/interface_package/cmake/rosidl_cmake_export_typesupport_targets-extras.cmake
[4.570s] -- Up-to-date: /home/pi/workspace/ControlTower/install/interface_package/share/interface_package/cmake/rosidl_cmake_export_typesupport_libraries-extras.cmake
[4.571s] -- Up-to-date: /home/pi/workspace/ControlTower/install/interface_package/share/interface_package/cmake/interface_packageConfig.cmake
[4.571s] -- Up-to-date: /home/pi/workspace/ControlTower/install/interface_package/share/interface_package/cmake/interface_packageConfig-version.cmake
[4.572s] -- Up-to-date: /home/pi/workspace/ControlTower/install/interface_package/share/interface_package/package.xml
[4.573s] Invoked command in '/home/pi/workspace/ControlTower/build/interface_package' returned '0': CMAKE_PREFIX_PATH=${CMAKE_PREFIX_PATH}:/home/pi/workspace/ControlTower/install/ct_package:/opt/ros/humble /usr/bin/cmake --install /home/pi/workspace/ControlTower/build/interface_package
