[1.298s] Invoking command in '/home/pi/workspace/ControlTower/build/interface_package': CMAKE_PREFIX_PATH=${CMAKE_PREFIX_PATH}:/home/pi/workspace/ControlTower/install/ct_package:/opt/ros/humble /usr/bin/cmake --build /home/pi/workspace/ControlTower/build/interface_package -- -j4 -l4
[1.643s] [  2%] Built target interface_package__cpp
[1.644s] [ 12%] Built target interface_package__rosidl_generator_c
[1.783s] [ 23%] Built target interface_package__rosidl_typesupport_introspection_c
[1.803s] [ 34%] Built target interface_package__rosidl_typesupport_c
[1.834s] [ 34%] Built target ament_cmake_python_copy_interface_package
[1.872s] [ 44%] Built target interface_package__rosidl_typesupport_fastrtps_c
[1.983s] [ 61%] Built target interface_package__rosidl_typesupport_cpp
[1.986s] [ 65%] Built target interface_package__rosidl_typesupport_introspection_cpp
[2.031s] [ 76%] Built target interface_package__rosidl_typesupport_fastrtps_cpp
[2.142s] [ 76%] Built target interface_package
[2.250s] [ 78%] Built target interface_package__py
[2.376s] [ 87%] Built target interface_package__rosidl_generator_py
[2.556s] [ 91%] Built target interface_package__rosidl_typesupport_introspection_c__pyext
[2.561s] [ 95%] Built target interface_package__rosidl_typesupport_c__pyext
[2.579s] [100%] Built target interface_package__rosidl_typesupport_fastrtps_c__pyext
[3.531s] running egg_info
[3.537s] writing interface_package.egg-info/PKG-INFO
[3.542s] writing dependency_links to interface_package.egg-info/dependency_links.txt
[3.547s] writing top-level names to interface_package.egg-info/top_level.txt
[3.552s] reading manifest file 'interface_package.egg-info/SOURCES.txt'
[3.556s] writing manifest file 'interface_package.egg-info/SOURCES.txt'
[3.681s] [100%] Built target ament_cmake_python_build_interface_package_egg
[3.733s] Invoked command in '/home/pi/workspace/ControlTower/build/interface_package' returned '0': CMAKE_PREFIX_PATH=${CMAKE_PREFIX_PATH}:/home/pi/workspace/ControlTower/install/ct_package:/opt/ros/humble /usr/bin/cmake --build /home/pi/workspace/ControlTower/build/interface_package -- -j4 -l4
[4.390s] Invoking command in '/home/pi/workspace/ControlTower/build/interface_package': CMAKE_PREFIX_PATH=${CMAKE_PREFIX_PATH}:/home/pi/workspace/ControlTower/install/ct_package:/opt/ros/humble /usr/bin/cmake --install /home/pi/workspace/ControlTower/build/interface_package
[4.421s] -- Install configuration: ""
[4.449s] -- Up-to-date: /home/pi/workspace/ControlTower/install/interface_package/share/ament_index/resource_index/rosidl_interfaces/interface_package
[4.451s] -- Up-to-date: /home/pi/workspace/ControlTower/install/interface_package/include/interface_package/interface_package
[4.452s] -- Up-to-date: /home/pi/workspace/ControlTower/install/interface_package/include/interface_package/interface_package/srv
[4.456s] -- Up-to-date: /home/pi/workspace/ControlTower/install/interface_package/include/interface_package/interface_package/srv/detail
[4.458s] -- Up-to-date: /home/pi/workspace/ControlTower/install/interface_package/include/interface_package/interface_package/srv/detail/node_num__functions.h
[4.465s] -- Up-to-date: /home/pi/workspace/ControlTower/install/interface_package/include/interface_package/interface_package/srv/detail/node_num__struct.h
[4.468s] -- Up-to-date: /home/pi/workspace/ControlTower/install/interface_package/include/interface_package/interface_package/srv/detail/trash_info__functions.h
[4.468s] -- Up-to-date: /home/pi/workspace/ControlTower/install/interface_package/include/interface_package/interface_package/srv/detail/node_num__type_support.h
[4.469s] -- Up-to-date: /home/pi/workspace/ControlTower/install/interface_package/include/interface_package/interface_package/srv/detail/trash_info__struct.h
[4.469s] -- Up-to-date: /home/pi/workspace/ControlTower/install/interface_package/include/interface_package/interface_package/srv/detail/trash_info__functions.c
[4.487s] -- Up-to-date: /home/pi/workspace/ControlTower/install/interface_package/include/interface_package/interface_package/srv/detail/trash_info__type_support.h
[4.488s] -- Up-to-date: /home/pi/workspace/ControlTower/install/interface_package/include/interface_package/interface_package/srv/detail/node_num__functions.c
[4.488s] -- Up-to-date: /home/pi/workspace/ControlTower/install/interface_package/include/interface_package/interface_package/srv/trash_info.h
[4.489s] -- Up-to-date: /home/pi/workspace/ControlTower/install/interface_package/include/interface_package/interface_package/srv/node_num.h
[4.490s] -- Up-to-date: /home/pi/workspace/ControlTower/install/interface_package/include/interface_package/interface_package/msg
[4.490s] -- Up-to-date: /home/pi/workspace/ControlTower/install/interface_package/include/interface_package/interface_package/msg/detail
[4.491s] -- Up-to-date: /home/pi/workspace/ControlTower/install/interface_package/include/interface_package/interface_package/msg/detail/robot_log__struct.h
[4.491s] -- Up-to-date: /home/pi/workspace/ControlTower/install/interface_package/include/interface_package/interface_package/msg/detail/robot_log__functions.c
[4.492s] -- Up-to-date: /home/pi/workspace/ControlTower/install/interface_package/include/interface_package/interface_package/msg/detail/robot_log__type_support.h
[4.492s] -- Up-to-date: /home/pi/workspace/ControlTower/install/interface_package/include/interface_package/interface_package/msg/detail/robot_log__functions.h
[4.493s] -- Up-to-date: /home/pi/workspace/ControlTower/install/interface_package/include/interface_package/interface_package/msg/robot_log.h
[4.493s] -- Up-to-date: /home/pi/workspace/ControlTower/install/interface_package/include/interface_package/interface_package/msg/rosidl_generator_c__visibility_control.h
[4.494s] -- Up-to-date: /home/pi/workspace/ControlTower/install/interface_package/share/interface_package/environment/library_path.sh
[4.494s] -- Up-to-date: /home/pi/workspace/ControlTower/install/interface_package/share/interface_package/environment/library_path.dsv
[4.494s] -- Up-to-date: /home/pi/workspace/ControlTower/install/interface_package/lib/libinterface_package__rosidl_generator_c.so
[4.495s] -- Up-to-date: /home/pi/workspace/ControlTower/install/interface_package/include/interface_package/interface_package
[4.496s] -- Up-to-date: /home/pi/workspace/ControlTower/install/interface_package/include/interface_package/interface_package/srv
[4.496s] -- Up-to-date: /home/pi/workspace/ControlTower/install/interface_package/include/interface_package/interface_package/srv/detail
[4.497s] -- Up-to-date: /home/pi/workspace/ControlTower/install/interface_package/include/interface_package/interface_package/srv/detail/trash_info__rosidl_typesupport_fastrtps_c.h
[4.497s] -- Up-to-date: /home/pi/workspace/ControlTower/install/interface_package/include/interface_package/interface_package/srv/detail/node_num__rosidl_typesupport_fastrtps_c.h
[4.497s] -- Up-to-date: /home/pi/workspace/ControlTower/install/interface_package/include/interface_package/interface_package/msg
[4.498s] -- Up-to-date: /home/pi/workspace/ControlTower/install/interface_package/include/interface_package/interface_package/msg/detail
[4.498s] -- Up-to-date: /home/pi/workspace/ControlTower/install/interface_package/include/interface_package/interface_package/msg/detail/robot_log__rosidl_typesupport_fastrtps_c.h
[4.499s] -- Up-to-date: /home/pi/workspace/ControlTower/install/interface_package/include/interface_package/interface_package/msg/rosidl_typesupport_fastrtps_c__visibility_control.h
[4.499s] -- Up-to-date: /home/pi/workspace/ControlTower/install/interface_package/lib/libinterface_package__rosidl_typesupport_fastrtps_c.so
[4.500s] -- Up-to-date: /home/pi/workspace/ControlTower/install/interface_package/include/interface_package/interface_package
[4.500s] -- Up-to-date: /home/pi/workspace/ControlTower/install/interface_package/include/interface_package/interface_package/srv
[4.501s] -- Up-to-date: /home/pi/workspace/ControlTower/install/interface_package/include/interface_package/interface_package/srv/detail
[4.501s] -- Up-to-date: /home/pi/workspace/ControlTower/install/interface_package/include/interface_package/interface_package/srv/detail/node_num__struct.hpp
[4.502s] -- Up-to-date: /home/pi/workspace/ControlTower/install/interface_package/include/interface_package/interface_package/srv/detail/trash_info__struct.hpp
[4.502s] -- Up-to-date: /home/pi/workspace/ControlTower/install/interface_package/include/interface_package/interface_package/srv/detail/node_num__builder.hpp
[4.503s] -- Up-to-date: /home/pi/workspace/ControlTower/install/interface_package/include/interface_package/interface_package/srv/detail/trash_info__traits.hpp
[4.503s] -- Up-to-date: /home/pi/workspace/ControlTower/install/interface_package/include/interface_package/interface_package/srv/detail/node_num__traits.hpp
[4.504s] -- Up-to-date: /home/pi/workspace/ControlTower/install/interface_package/include/interface_package/interface_package/srv/detail/trash_info__builder.hpp
[4.505s] -- Up-to-date: /home/pi/workspace/ControlTower/install/interface_package/include/interface_package/interface_package/srv/node_num.hpp
[4.505s] -- Up-to-date: /home/pi/workspace/ControlTower/install/interface_package/include/interface_package/interface_package/srv/trash_info.hpp
[4.506s] -- Up-to-date: /home/pi/workspace/ControlTower/install/interface_package/include/interface_package/interface_package/msg
[4.507s] -- Up-to-date: /home/pi/workspace/ControlTower/install/interface_package/include/interface_package/interface_package/msg/detail
[4.508s] -- Up-to-date: /home/pi/workspace/ControlTower/install/interface_package/include/interface_package/interface_package/msg/detail/robot_log__struct.hpp
[4.509s] -- Up-to-date: /home/pi/workspace/ControlTower/install/interface_package/include/interface_package/interface_package/msg/detail/robot_log__builder.hpp
[4.509s] -- Up-to-date: /home/pi/workspace/ControlTower/install/interface_package/include/interface_package/interface_package/msg/detail/robot_log__traits.hpp
[4.510s] -- Up-to-date: /home/pi/workspace/ControlTower/install/interface_package/include/interface_package/interface_package/msg/robot_log.hpp
[4.510s] -- Up-to-date: /home/pi/workspace/ControlTower/install/interface_package/include/interface_package/interface_package
[4.511s] -- Up-to-date: /home/pi/workspace/ControlTower/install/interface_package/include/interface_package/interface_package/srv
[4.511s] -- Up-to-date: /home/pi/workspace/ControlTower/install/interface_package/include/interface_package/interface_package/srv/detail
[4.512s] -- Up-to-date: /home/pi/workspace/ControlTower/install/interface_package/include/interface_package/interface_package/srv/detail/dds_fastrtps
[4.512s] -- Up-to-date: /home/pi/workspace/ControlTower/install/interface_package/include/interface_package/interface_package/srv/detail/node_num__rosidl_typesupport_fastrtps_cpp.hpp
[4.513s] -- Up-to-date: /home/pi/workspace/ControlTower/install/interface_package/include/interface_package/interface_package/srv/detail/trash_info__rosidl_typesupport_fastrtps_cpp.hpp
[4.513s] -- Up-to-date: /home/pi/workspace/ControlTower/install/interface_package/include/interface_package/interface_package/msg
[4.514s] -- Up-to-date: /home/pi/workspace/ControlTower/install/interface_package/include/interface_package/interface_package/msg/detail
[4.514s] -- Up-to-date: /home/pi/workspace/ControlTower/install/interface_package/include/interface_package/interface_package/msg/detail/dds_fastrtps
[4.515s] -- Up-to-date: /home/pi/workspace/ControlTower/install/interface_package/include/interface_package/interface_package/msg/detail/robot_log__rosidl_typesupport_fastrtps_cpp.hpp
[4.515s] -- Up-to-date: /home/pi/workspace/ControlTower/install/interface_package/include/interface_package/interface_package/msg/rosidl_typesupport_fastrtps_cpp__visibility_control.h
[4.516s] -- Up-to-date: /home/pi/workspace/ControlTower/install/interface_package/lib/libinterface_package__rosidl_typesupport_fastrtps_cpp.so
[4.517s] -- Up-to-date: /home/pi/workspace/ControlTower/install/interface_package/include/interface_package/interface_package
[4.517s] -- Up-to-date: /home/pi/workspace/ControlTower/install/interface_package/include/interface_package/interface_package/srv
[4.518s] -- Up-to-date: /home/pi/workspace/ControlTower/install/interface_package/include/interface_package/interface_package/srv/detail
[4.519s] -- Up-to-date: /home/pi/workspace/ControlTower/install/interface_package/include/interface_package/interface_package/srv/detail/node_num__rosidl_typesupport_introspection_c.h
[4.519s] -- Up-to-date: /home/pi/workspace/ControlTower/install/interface_package/include/interface_package/interface_package/srv/detail/trash_info__type_support.c
[4.520s] -- Up-to-date: /home/pi/workspace/ControlTower/install/interface_package/include/interface_package/interface_package/srv/detail/node_num__type_support.c
[4.520s] -- Up-to-date: /home/pi/workspace/ControlTower/install/interface_package/include/interface_package/interface_package/srv/detail/trash_info__rosidl_typesupport_introspection_c.h
[4.521s] -- Up-to-date: /home/pi/workspace/ControlTower/install/interface_package/include/interface_package/interface_package/msg
[4.521s] -- Up-to-date: /home/pi/workspace/ControlTower/install/interface_package/include/interface_package/interface_package/msg/detail
[4.522s] -- Up-to-date: /home/pi/workspace/ControlTower/install/interface_package/include/interface_package/interface_package/msg/detail/robot_log__type_support.c
[4.522s] -- Up-to-date: /home/pi/workspace/ControlTower/install/interface_package/include/interface_package/interface_package/msg/detail/robot_log__rosidl_typesupport_introspection_c.h
[4.523s] -- Up-to-date: /home/pi/workspace/ControlTower/install/interface_package/include/interface_package/interface_package/msg/rosidl_typesupport_introspection_c__visibility_control.h
[4.523s] -- Up-to-date: /home/pi/workspace/ControlTower/install/interface_package/lib/libinterface_package__rosidl_typesupport_introspection_c.so
[4.524s] -- Up-to-date: /home/pi/workspace/ControlTower/install/interface_package/lib/libinterface_package__rosidl_typesupport_c.so
[4.524s] -- Up-to-date: /home/pi/workspace/ControlTower/install/interface_package/include/interface_package/interface_package
[4.525s] -- Up-to-date: /home/pi/workspace/ControlTower/install/interface_package/include/interface_package/interface_package/srv
[4.525s] -- Up-to-date: /home/pi/workspace/ControlTower/install/interface_package/include/interface_package/interface_package/srv/detail
[4.526s] -- Up-to-date: /home/pi/workspace/ControlTower/install/interface_package/include/interface_package/interface_package/srv/detail/node_num__rosidl_typesupport_introspection_cpp.hpp
[4.526s] -- Up-to-date: /home/pi/workspace/ControlTower/install/interface_package/include/interface_package/interface_package/srv/detail/trash_info__type_support.cpp
[4.526s] -- Up-to-date: /home/pi/workspace/ControlTower/install/interface_package/include/interface_package/interface_package/srv/detail/trash_info__rosidl_typesupport_introspection_cpp.hpp
[4.527s] -- Up-to-date: /home/pi/workspace/ControlTower/install/interface_package/include/interface_package/interface_package/srv/detail/node_num__type_support.cpp
[4.527s] -- Up-to-date: /home/pi/workspace/ControlTower/install/interface_package/include/interface_package/interface_package/msg
[4.528s] -- Up-to-date: /home/pi/workspace/ControlTower/install/interface_package/include/interface_package/interface_package/msg/detail
[4.528s] -- Up-to-date: /home/pi/workspace/ControlTower/install/interface_package/include/interface_package/interface_package/msg/detail/robot_log__rosidl_typesupport_introspection_cpp.hpp
[4.528s] -- Up-to-date: /home/pi/workspace/ControlTower/install/interface_package/include/interface_package/interface_package/msg/detail/robot_log__type_support.cpp
[4.529s] -- Up-to-date: /home/pi/workspace/ControlTower/install/interface_package/lib/libinterface_package__rosidl_typesupport_introspection_cpp.so
[4.529s] -- Up-to-date: /home/pi/workspace/ControlTower/install/interface_package/lib/libinterface_package__rosidl_typesupport_cpp.so
[4.530s] -- Up-to-date: /home/pi/workspace/ControlTower/install/interface_package/share/interface_package/environment/pythonpath.sh
[4.530s] -- Up-to-date: /home/pi/workspace/ControlTower/install/interface_package/share/interface_package/environment/pythonpath.dsv
[4.531s] -- Up-to-date: /home/pi/workspace/ControlTower/install/interface_package/local/lib/python3.10/dist-packages/interface_package-0.0.0-py3.10.egg-info
[4.531s] -- Installing: /home/pi/workspace/ControlTower/install/interface_package/local/lib/python3.10/dist-packages/interface_package-0.0.0-py3.10.egg-info/dependency_links.txt
[4.532s] -- Installing: /home/pi/workspace/ControlTower/install/interface_package/local/lib/python3.10/dist-packages/interface_package-0.0.0-py3.10.egg-info/top_level.txt
[4.532s] -- Installing: /home/pi/workspace/ControlTower/install/interface_package/local/lib/python3.10/dist-packages/interface_package-0.0.0-py3.10.egg-info/SOURCES.txt
[4.533s] -- Installing: /home/pi/workspace/ControlTower/install/interface_package/local/lib/python3.10/dist-packages/interface_package-0.0.0-py3.10.egg-info/PKG-INFO
[4.533s] -- Up-to-date: /home/pi/workspace/ControlTower/install/interface_package/local/lib/python3.10/dist-packages/interface_package
[4.534s] -- Up-to-date: /home/pi/workspace/ControlTower/install/interface_package/local/lib/python3.10/dist-packages/interface_package/interface_package_s__rosidl_typesupport_introspection_c.cpython-310-aarch64-linux-gnu.so
[4.534s] -- Up-to-date: /home/pi/workspace/ControlTower/install/interface_package/local/lib/python3.10/dist-packages/interface_package/interface_package_s__rosidl_typesupport_c.cpython-310-aarch64-linux-gnu.so
[4.535s] -- Up-to-date: /home/pi/workspace/ControlTower/install/interface_package/local/lib/python3.10/dist-packages/interface_package/interface_package_s__rosidl_typesupport_fastrtps_c.cpython-310-aarch64-linux-gnu.so
[4.535s] -- Up-to-date: /home/pi/workspace/ControlTower/install/interface_package/local/lib/python3.10/dist-packages/interface_package/_interface_package_s.ep.rosidl_typesupport_c.c
[4.536s] -- Up-to-date: /home/pi/workspace/ControlTower/install/interface_package/local/lib/python3.10/dist-packages/interface_package/srv
[4.537s] -- Up-to-date: /home/pi/workspace/ControlTower/install/interface_package/local/lib/python3.10/dist-packages/interface_package/srv/_trash_info_s.c
[4.538s] -- Up-to-date: /home/pi/workspace/ControlTower/install/interface_package/local/lib/python3.10/dist-packages/interface_package/srv/_node_num.py
[4.539s] -- Up-to-date: /home/pi/workspace/ControlTower/install/interface_package/local/lib/python3.10/dist-packages/interface_package/srv/_trash_info.py
[4.542s] -- Up-to-date: /home/pi/workspace/ControlTower/install/interface_package/local/lib/python3.10/dist-packages/interface_package/srv/_node_num_s.c
[4.543s] -- Up-to-date: /home/pi/workspace/ControlTower/install/interface_package/local/lib/python3.10/dist-packages/interface_package/srv/__init__.py
[4.543s] -- Up-to-date: /home/pi/workspace/ControlTower/install/interface_package/local/lib/python3.10/dist-packages/interface_package/libinterface_package__rosidl_generator_py.so
[4.544s] -- Up-to-date: /home/pi/workspace/ControlTower/install/interface_package/local/lib/python3.10/dist-packages/interface_package/msg
[4.545s] -- Up-to-date: /home/pi/workspace/ControlTower/install/interface_package/local/lib/python3.10/dist-packages/interface_package/msg/_robot_log_s.c
[4.546s] -- Up-to-date: /home/pi/workspace/ControlTower/install/interface_package/local/lib/python3.10/dist-packages/interface_package/msg/_robot_log.py
[4.547s] -- Up-to-date: /home/pi/workspace/ControlTower/install/interface_package/local/lib/python3.10/dist-packages/interface_package/msg/__init__.py
[4.547s] -- Up-to-date: /home/pi/workspace/ControlTower/install/interface_package/local/lib/python3.10/dist-packages/interface_package/_interface_package_s.ep.rosidl_typesupport_introspection_c.c
[4.548s] -- Up-to-date: /home/pi/workspace/ControlTower/install/interface_package/local/lib/python3.10/dist-packages/interface_package/_interface_package_s.ep.rosidl_typesupport_fastrtps_c.c
[4.548s] -- Up-to-date: /home/pi/workspace/ControlTower/install/interface_package/local/lib/python3.10/dist-packages/interface_package/__init__.py
[4.714s] Listing '/home/pi/workspace/ControlTower/install/interface_package/local/lib/python3.10/dist-packages/interface_package'...
[4.718s] Listing '/home/pi/workspace/ControlTower/install/interface_package/local/lib/python3.10/dist-packages/interface_package/msg'...
[4.720s] Listing '/home/pi/workspace/ControlTower/install/interface_package/local/lib/python3.10/dist-packages/interface_package/srv'...
[4.744s] -- Up-to-date: /home/pi/workspace/ControlTower/install/interface_package/local/lib/python3.10/dist-packages/interface_package/interface_package_s__rosidl_typesupport_fastrtps_c.cpython-310-aarch64-linux-gnu.so
[4.753s] -- Up-to-date: /home/pi/workspace/ControlTower/install/interface_package/local/lib/python3.10/dist-packages/interface_package/interface_package_s__rosidl_typesupport_introspection_c.cpython-310-aarch64-linux-gnu.so
[4.759s] -- Up-to-date: /home/pi/workspace/ControlTower/install/interface_package/local/lib/python3.10/dist-packages/interface_package/interface_package_s__rosidl_typesupport_c.cpython-310-aarch64-linux-gnu.so
[4.762s] -- Up-to-date: /home/pi/workspace/ControlTower/install/interface_package/lib/libinterface_package__rosidl_generator_py.so
[4.766s] -- Up-to-date: /home/pi/workspace/ControlTower/install/interface_package/share/interface_package/msg/RobotLog.idl
[4.771s] -- Up-to-date: /home/pi/workspace/ControlTower/install/interface_package/share/interface_package/srv/NodeNum.idl
[4.771s] -- Up-to-date: /home/pi/workspace/ControlTower/install/interface_package/share/interface_package/srv/TrashInfo.idl
[4.772s] -- Up-to-date: /home/pi/workspace/ControlTower/install/interface_package/share/interface_package/msg/RobotLog.msg
[4.780s] -- Up-to-date: /home/pi/workspace/ControlTower/install/interface_package/share/interface_package/srv/NodeNum.srv
[4.784s] -- Up-to-date: /home/pi/workspace/ControlTower/install/interface_package/share/interface_package/srv/NodeNum_Request.msg
[4.785s] -- Up-to-date: /home/pi/workspace/ControlTower/install/interface_package/share/interface_package/srv/NodeNum_Response.msg
[4.785s] -- Up-to-date: /home/pi/workspace/ControlTower/install/interface_package/share/interface_package/srv/TrashInfo.srv
[4.786s] -- Up-to-date: /home/pi/workspace/ControlTower/install/interface_package/share/interface_package/srv/TrashInfo_Request.msg
[4.787s] -- Up-to-date: /home/pi/workspace/ControlTower/install/interface_package/share/interface_package/srv/TrashInfo_Response.msg
[4.788s] -- Up-to-date: /home/pi/workspace/ControlTower/install/interface_package/share/ament_index/resource_index/package_run_dependencies/interface_package
[4.788s] -- Up-to-date: /home/pi/workspace/ControlTower/install/interface_package/share/ament_index/resource_index/parent_prefix_path/interface_package
[4.789s] -- Up-to-date: /home/pi/workspace/ControlTower/install/interface_package/share/interface_package/environment/ament_prefix_path.sh
[4.789s] -- Up-to-date: /home/pi/workspace/ControlTower/install/interface_package/share/interface_package/environment/ament_prefix_path.dsv
[4.790s] -- Up-to-date: /home/pi/workspace/ControlTower/install/interface_package/share/interface_package/environment/path.sh
[4.791s] -- Up-to-date: /home/pi/workspace/ControlTower/install/interface_package/share/interface_package/environment/path.dsv
[4.796s] -- Up-to-date: /home/pi/workspace/ControlTower/install/interface_package/share/interface_package/local_setup.bash
[4.796s] -- Up-to-date: /home/pi/workspace/ControlTower/install/interface_package/share/interface_package/local_setup.sh
[4.797s] -- Up-to-date: /home/pi/workspace/ControlTower/install/interface_package/share/interface_package/local_setup.zsh
[4.797s] -- Up-to-date: /home/pi/workspace/ControlTower/install/interface_package/share/interface_package/local_setup.dsv
[4.798s] -- Installing: /home/pi/workspace/ControlTower/install/interface_package/share/interface_package/package.dsv
[4.798s] -- Up-to-date: /home/pi/workspace/ControlTower/install/interface_package/share/ament_index/resource_index/packages/interface_package
[4.814s] -- Up-to-date: /home/pi/workspace/ControlTower/install/interface_package/share/interface_package/cmake/export_interface_package__rosidl_generator_cExport.cmake
[4.816s] -- Up-to-date: /home/pi/workspace/ControlTower/install/interface_package/share/interface_package/cmake/export_interface_package__rosidl_generator_cExport-noconfig.cmake
[4.817s] -- Up-to-date: /home/pi/workspace/ControlTower/install/interface_package/share/interface_package/cmake/export_interface_package__rosidl_typesupport_fastrtps_cExport.cmake
[4.817s] -- Up-to-date: /home/pi/workspace/ControlTower/install/interface_package/share/interface_package/cmake/export_interface_package__rosidl_typesupport_fastrtps_cExport-noconfig.cmake
[4.818s] -- Up-to-date: /home/pi/workspace/ControlTower/install/interface_package/share/interface_package/cmake/export_interface_package__rosidl_generator_cppExport.cmake
[4.818s] -- Up-to-date: /home/pi/workspace/ControlTower/install/interface_package/share/interface_package/cmake/export_interface_package__rosidl_typesupport_fastrtps_cppExport.cmake
[4.819s] -- Up-to-date: /home/pi/workspace/ControlTower/install/interface_package/share/interface_package/cmake/export_interface_package__rosidl_typesupport_fastrtps_cppExport-noconfig.cmake
[4.819s] -- Up-to-date: /home/pi/workspace/ControlTower/install/interface_package/share/interface_package/cmake/interface_package__rosidl_typesupport_introspection_cExport.cmake
[4.820s] -- Up-to-date: /home/pi/workspace/ControlTower/install/interface_package/share/interface_package/cmake/interface_package__rosidl_typesupport_introspection_cExport-noconfig.cmake
[4.828s] -- Up-to-date: /home/pi/workspace/ControlTower/install/interface_package/share/interface_package/cmake/interface_package__rosidl_typesupport_cExport.cmake
[4.829s] -- Up-to-date: /home/pi/workspace/ControlTower/install/interface_package/share/interface_package/cmake/interface_package__rosidl_typesupport_cExport-noconfig.cmake
[4.829s] -- Up-to-date: /home/pi/workspace/ControlTower/install/interface_package/share/interface_package/cmake/interface_package__rosidl_typesupport_introspection_cppExport.cmake
[4.830s] -- Up-to-date: /home/pi/workspace/ControlTower/install/interface_package/share/interface_package/cmake/interface_package__rosidl_typesupport_introspection_cppExport-noconfig.cmake
[4.830s] -- Up-to-date: /home/pi/workspace/ControlTower/install/interface_package/share/interface_package/cmake/interface_package__rosidl_typesupport_cppExport.cmake
[4.831s] -- Up-to-date: /home/pi/workspace/ControlTower/install/interface_package/share/interface_package/cmake/interface_package__rosidl_typesupport_cppExport-noconfig.cmake
[4.831s] -- Up-to-date: /home/pi/workspace/ControlTower/install/interface_package/share/interface_package/cmake/export_interface_package__rosidl_generator_pyExport.cmake
[4.839s] -- Up-to-date: /home/pi/workspace/ControlTower/install/interface_package/share/interface_package/cmake/export_interface_package__rosidl_generator_pyExport-noconfig.cmake
[4.840s] -- Up-to-date: /home/pi/workspace/ControlTower/install/interface_package/share/interface_package/cmake/rosidl_cmake-extras.cmake
[4.841s] -- Up-to-date: /home/pi/workspace/ControlTower/install/interface_package/share/interface_package/cmake/ament_cmake_export_dependencies-extras.cmake
[4.841s] -- Up-to-date: /home/pi/workspace/ControlTower/install/interface_package/share/interface_package/cmake/ament_cmake_export_include_directories-extras.cmake
[4.842s] -- Up-to-date: /home/pi/workspace/ControlTower/install/interface_package/share/interface_package/cmake/ament_cmake_export_libraries-extras.cmake
[4.842s] -- Up-to-date: /home/pi/workspace/ControlTower/install/interface_package/share/interface_package/cmake/ament_cmake_export_targets-extras.cmake
[4.843s] -- Up-to-date: /home/pi/workspace/ControlTower/install/interface_package/share/interface_package/cmake/rosidl_cmake_export_typesupport_targets-extras.cmake
[4.843s] -- Up-to-date: /home/pi/workspace/ControlTower/install/interface_package/share/interface_package/cmake/rosidl_cmake_export_typesupport_libraries-extras.cmake
[4.852s] -- Up-to-date: /home/pi/workspace/ControlTower/install/interface_package/share/interface_package/cmake/interface_packageConfig.cmake
[4.853s] -- Up-to-date: /home/pi/workspace/ControlTower/install/interface_package/share/interface_package/cmake/interface_packageConfig-version.cmake
[4.853s] -- Up-to-date: /home/pi/workspace/ControlTower/install/interface_package/share/interface_package/package.xml
[4.872s] Invoked command in '/home/pi/workspace/ControlTower/build/interface_package' returned '0': CMAKE_PREFIX_PATH=${CMAKE_PREFIX_PATH}:/home/pi/workspace/ControlTower/install/ct_package:/opt/ros/humble /usr/bin/cmake --install /home/pi/workspace/ControlTower/build/interface_package
