[3.518s] Invoking command in '/home/pi/workspace/ControlTower/src/ct_package': PYTHONPATH=/home/pi/workspace/ControlTower/build/ct_package/prefix_override:/usr/lib/python3/dist-packages/colcon_core/task/python/colcon_distutils_commands:/home/pi/workspace/ControlTower/install/ct_package/lib/python3.10/site-packages:${PYTHONPATH} /usr/bin/python3 -W ignore:setup.py install is deprecated setup.py egg_info --egg-base ../../build/ct_package build --build-base /home/pi/workspace/ControlTower/build/ct_package/build install --record /home/pi/workspace/ControlTower/build/ct_package/install.log --single-version-externally-managed install_data
[4.960s] running egg_info
[4.963s] writing ../../build/ct_package/ct_package.egg-info/PKG-INFO
[4.966s] writing dependency_links to ../../build/ct_package/ct_package.egg-info/dependency_links.txt
[4.967s] writing entry points to ../../build/ct_package/ct_package.egg-info/entry_points.txt
[4.967s] writing requirements to ../../build/ct_package/ct_package.egg-info/requires.txt
[4.968s] writing top-level names to ../../build/ct_package/ct_package.egg-info/top_level.txt
[4.977s] reading manifest file '../../build/ct_package/ct_package.egg-info/SOURCES.txt'
[4.982s] writing manifest file '../../build/ct_package/ct_package.egg-info/SOURCES.txt'
[4.984s] running build
[4.984s] running build_py
[4.985s] copying ct_package/command_line_utils.py -> /home/pi/workspace/ControlTower/build/ct_package/build/lib/ct_package
[4.987s] copying ct_package/mqtt_communication.py -> /home/pi/workspace/ControlTower/build/ct_package/build/lib/ct_package
[4.992s] running install
[4.992s] running install_lib
[4.996s] copying /home/pi/workspace/ControlTower/build/ct_package/build/lib/ct_package/command_line_utils.py -> /home/pi/workspace/ControlTower/install/ct_package/lib/python3.10/site-packages/ct_package
[4.999s] copying /home/pi/workspace/ControlTower/build/ct_package/build/lib/ct_package/mqtt_communication.py -> /home/pi/workspace/ControlTower/install/ct_package/lib/python3.10/site-packages/ct_package
[5.002s] byte-compiling /home/pi/workspace/ControlTower/install/ct_package/lib/python3.10/site-packages/ct_package/command_line_utils.py to command_line_utils.cpython-310.pyc
[5.033s] byte-compiling /home/pi/workspace/ControlTower/install/ct_package/lib/python3.10/site-packages/ct_package/mqtt_communication.py to mqtt_communication.cpython-310.pyc
[5.039s] running install_data
[5.043s] copying launch/mqtt_communication.launch.py -> /home/pi/workspace/ControlTower/install/ct_package/share/ct_package/launch
[5.044s] copying params/mqtt_param.yaml -> /home/pi/workspace/ControlTower/install/ct_package/share/ct_package/params
[5.044s] running install_egg_info
[5.051s] removing '/home/pi/workspace/ControlTower/install/ct_package/lib/python3.10/site-packages/ct_package-0.0.0-py3.10.egg-info' (and everything under it)
[5.057s] Copying ../../build/ct_package/ct_package.egg-info to /home/pi/workspace/ControlTower/install/ct_package/lib/python3.10/site-packages/ct_package-0.0.0-py3.10.egg-info
[5.064s] running install_scripts
[5.151s] Installing arm_planner script to /home/pi/workspace/ControlTower/install/ct_package/lib/ct_package
[5.152s] Installing cam_coord_transform script to /home/pi/workspace/ControlTower/install/ct_package/lib/ct_package
[5.153s] Installing camera_calibration script to /home/pi/workspace/ControlTower/install/ct_package/lib/ct_package
[5.159s] Installing camera_subscriber script to /home/pi/workspace/ControlTower/install/ct_package/lib/ct_package
[5.160s] Installing data_publisher script to /home/pi/workspace/ControlTower/install/ct_package/lib/ct_package
[5.161s] Installing mqtt_communication script to /home/pi/workspace/ControlTower/install/ct_package/lib/ct_package
[5.162s] Installing trash_detector script to /home/pi/workspace/ControlTower/install/ct_package/lib/ct_package
[5.168s] writing list of installed files to '/home/pi/workspace/ControlTower/build/ct_package/install.log'
[5.303s] Invoked command in '/home/pi/workspace/ControlTower/src/ct_package' returned '0': PYTHONPATH=/home/pi/workspace/ControlTower/build/ct_package/prefix_override:/usr/lib/python3/dist-packages/colcon_core/task/python/colcon_distutils_commands:/home/pi/workspace/ControlTower/install/ct_package/lib/python3.10/site-packages:${PYTHONPATH} /usr/bin/python3 -W ignore:setup.py install is deprecated setup.py egg_info --egg-base ../../build/ct_package build --build-base /home/pi/workspace/ControlTower/build/ct_package/build install --record /home/pi/workspace/ControlTower/build/ct_package/install.log --single-version-externally-managed install_data
