[2.793s] Invoking command in '/home/pi/workspace/ControlTower/src/ct_package': PYTHONPATH=/home/pi/workspace/ControlTower/build/ct_package/prefix_override:/usr/lib/python3/dist-packages/colcon_core/task/python/colcon_distutils_commands:/home/pi/workspace/ControlTower/install/ct_package/lib/python3.10/site-packages:${PYTHONPATH} /usr/bin/python3 -W ignore:setup.py install is deprecated setup.py egg_info --egg-base ../../build/ct_package build --build-base /home/pi/workspace/ControlTower/build/ct_package/build install --record /home/pi/workspace/ControlTower/build/ct_package/install.log --single-version-externally-managed install_data
[3.948s] running egg_info
[3.952s] writing ../../build/ct_package/ct_package.egg-info/PKG-INFO
[3.957s] writing dependency_links to ../../build/ct_package/ct_package.egg-info/dependency_links.txt
[3.958s] writing entry points to ../../build/ct_package/ct_package.egg-info/entry_points.txt
[3.958s] writing requirements to ../../build/ct_package/ct_package.egg-info/requires.txt
[3.959s] writing top-level names to ../../build/ct_package/ct_package.egg-info/top_level.txt
[3.967s] reading manifest file '../../build/ct_package/ct_package.egg-info/SOURCES.txt'
[3.973s] writing manifest file '../../build/ct_package/ct_package.egg-info/SOURCES.txt'
[3.973s] running build
[3.976s] running build_py
[3.978s] copying ct_package/mqtt_communication.py -> /home/pi/workspace/ControlTower/build/ct_package/build/lib/ct_package
[3.981s] running install
[3.983s] running install_lib
[3.989s] copying /home/pi/workspace/ControlTower/build/ct_package/build/lib/ct_package/mqtt_communication.py -> /home/pi/workspace/ControlTower/install/ct_package/lib/python3.10/site-packages/ct_package
[3.994s] byte-compiling /home/pi/workspace/ControlTower/install/ct_package/lib/python3.10/site-packages/ct_package/mqtt_communication.py to mqtt_communication.cpython-310.pyc
[4.001s] running install_data
[4.002s] running install_egg_info
[4.009s] removing '/home/pi/workspace/ControlTower/install/ct_package/lib/python3.10/site-packages/ct_package-0.0.0-py3.10.egg-info' (and everything under it)
[4.010s] Copying ../../build/ct_package/ct_package.egg-info to /home/pi/workspace/ControlTower/install/ct_package/lib/python3.10/site-packages/ct_package-0.0.0-py3.10.egg-info
[4.018s] running install_scripts
[4.098s] Installing arm_planner script to /home/pi/workspace/ControlTower/install/ct_package/lib/ct_package
[4.099s] Installing cam_coord_transform script to /home/pi/workspace/ControlTower/install/ct_package/lib/ct_package
[4.100s] Installing camera_calibration script to /home/pi/workspace/ControlTower/install/ct_package/lib/ct_package
[4.101s] Installing camera_subscriber script to /home/pi/workspace/ControlTower/install/ct_package/lib/ct_package
[4.102s] Installing data_publisher script to /home/pi/workspace/ControlTower/install/ct_package/lib/ct_package
[4.103s] Installing mqtt_communication script to /home/pi/workspace/ControlTower/install/ct_package/lib/ct_package
[4.104s] Installing trash_detector script to /home/pi/workspace/ControlTower/install/ct_package/lib/ct_package
[4.107s] writing list of installed files to '/home/pi/workspace/ControlTower/build/ct_package/install.log'
[4.233s] Invoked command in '/home/pi/workspace/ControlTower/src/ct_package' returned '0': PYTHONPATH=/home/pi/workspace/ControlTower/build/ct_package/prefix_override:/usr/lib/python3/dist-packages/colcon_core/task/python/colcon_distutils_commands:/home/pi/workspace/ControlTower/install/ct_package/lib/python3.10/site-packages:${PYTHONPATH} /usr/bin/python3 -W ignore:setup.py install is deprecated setup.py egg_info --egg-base ../../build/ct_package build --build-base /home/pi/workspace/ControlTower/build/ct_package/build install --record /home/pi/workspace/ControlTower/build/ct_package/install.log --single-version-externally-managed install_data
