[2.818s] Invoking command in '/home/pi/workspace/ControlTower/src/ct_package': PYTHONPATH=/home/pi/workspace/ControlTower/build/ct_package/prefix_override:/usr/lib/python3/dist-packages/colcon_core/task/python/colcon_distutils_commands:/home/pi/workspace/ControlTower/install/ct_package/lib/python3.10/site-packages:${PYTHONPATH} /usr/bin/python3 -W ignore:setup.py install is deprecated setup.py egg_info --egg-base ../../build/ct_package build --build-base /home/pi/workspace/ControlTower/build/ct_package/build install --record /home/pi/workspace/ControlTower/build/ct_package/install.log --single-version-externally-managed install_data
[4.256s] running egg_info
[4.257s] writing ../../build/ct_package/ct_package.egg-info/PKG-INFO
[4.258s] writing dependency_links to ../../build/ct_package/ct_package.egg-info/dependency_links.txt
[4.260s] writing entry points to ../../build/ct_package/ct_package.egg-info/entry_points.txt
[4.262s] writing requirements to ../../build/ct_package/ct_package.egg-info/requires.txt
[4.264s] writing top-level names to ../../build/ct_package/ct_package.egg-info/top_level.txt
[4.273s] reading manifest file '../../build/ct_package/ct_package.egg-info/SOURCES.txt'
[4.279s] writing manifest file '../../build/ct_package/ct_package.egg-info/SOURCES.txt'
[4.281s] running build
[4.282s] running build_py
[4.286s] copying ct_package/mqtt_communication.py -> /home/pi/workspace/ControlTower/build/ct_package/build/lib/ct_package
[4.289s] running install
[4.291s] running install_lib
[4.298s] copying /home/pi/workspace/ControlTower/build/ct_package/build/lib/ct_package/mqtt_communication.py -> /home/pi/workspace/ControlTower/install/ct_package/lib/python3.10/site-packages/ct_package
[4.304s] byte-compiling /home/pi/workspace/ControlTower/install/ct_package/lib/python3.10/site-packages/ct_package/mqtt_communication.py to mqtt_communication.cpython-310.pyc
[4.315s] running install_data
[4.318s] copying launch/mqtt_communication.launch.py -> /home/pi/workspace/ControlTower/install/ct_package/share/ct_package/launch
[4.320s] copying params/mqtt_param.yaml -> /home/pi/workspace/ControlTower/install/ct_package/share/ct_package/params
[4.321s] running install_egg_info
[4.330s] removing '/home/pi/workspace/ControlTower/install/ct_package/lib/python3.10/site-packages/ct_package-0.0.0-py3.10.egg-info' (and everything under it)
[4.332s] Copying ../../build/ct_package/ct_package.egg-info to /home/pi/workspace/ControlTower/install/ct_package/lib/python3.10/site-packages/ct_package-0.0.0-py3.10.egg-info
[4.341s] running install_scripts
[4.437s] Installing arm_planner script to /home/pi/workspace/ControlTower/install/ct_package/lib/ct_package
[4.438s] Installing cam_coord_transform script to /home/pi/workspace/ControlTower/install/ct_package/lib/ct_package
[4.439s] Installing camera_calibration script to /home/pi/workspace/ControlTower/install/ct_package/lib/ct_package
[4.440s] Installing camera_subscriber script to /home/pi/workspace/ControlTower/install/ct_package/lib/ct_package
[4.441s] Installing data_publisher script to /home/pi/workspace/ControlTower/install/ct_package/lib/ct_package
[4.442s] Installing mqtt_communication script to /home/pi/workspace/ControlTower/install/ct_package/lib/ct_package
[4.443s] Installing trash_detector script to /home/pi/workspace/ControlTower/install/ct_package/lib/ct_package
[4.447s] writing list of installed files to '/home/pi/workspace/ControlTower/build/ct_package/install.log'
[4.602s] Invoked command in '/home/pi/workspace/ControlTower/src/ct_package' returned '0': PYTHONPATH=/home/pi/workspace/ControlTower/build/ct_package/prefix_override:/usr/lib/python3/dist-packages/colcon_core/task/python/colcon_distutils_commands:/home/pi/workspace/ControlTower/install/ct_package/lib/python3.10/site-packages:${PYTHONPATH} /usr/bin/python3 -W ignore:setup.py install is deprecated setup.py egg_info --egg-base ../../build/ct_package build --build-base /home/pi/workspace/ControlTower/build/ct_package/build install --record /home/pi/workspace/ControlTower/build/ct_package/install.log --single-version-externally-managed install_data
