[3.573s] Invoking command in '/home/pi/workspace/ControlTower/src/ct_package': PYTHONPATH=/home/pi/workspace/ControlTower/build/ct_package/prefix_override:/usr/lib/python3/dist-packages/colcon_core/task/python/colcon_distutils_commands:/home/pi/workspace/ControlTower/install/ct_package/lib/python3.10/site-packages:${PYTHONPATH} /usr/bin/python3 -W ignore:setup.py install is deprecated setup.py egg_info --egg-base ../../build/ct_package build --build-base /home/pi/workspace/ControlTower/build/ct_package/build install --record /home/pi/workspace/ControlTower/build/ct_package/install.log --single-version-externally-managed install_data
[5.085s] running egg_info
[5.086s] writing ../../build/ct_package/ct_package.egg-info/PKG-INFO
[5.087s] writing dependency_links to ../../build/ct_package/ct_package.egg-info/dependency_links.txt
[5.099s] writing entry points to ../../build/ct_package/ct_package.egg-info/entry_points.txt
[5.105s] writing requirements to ../../build/ct_package/ct_package.egg-info/requires.txt
[5.109s] writing top-level names to ../../build/ct_package/ct_package.egg-info/top_level.txt
[5.115s] reading manifest file '../../build/ct_package/ct_package.egg-info/SOURCES.txt'
[5.122s] writing manifest file '../../build/ct_package/ct_package.egg-info/SOURCES.txt'
[5.127s] running build
[5.136s] running build_py
[5.146s] copying ct_package/mqtt_communication.py -> /home/pi/workspace/ControlTower/build/ct_package/build/lib/ct_package
[5.152s] running install
[5.159s] running install_lib
[5.161s] copying /home/pi/workspace/ControlTower/build/ct_package/build/lib/ct_package/mqtt_communication.py -> /home/pi/workspace/ControlTower/install/ct_package/lib/python3.10/site-packages/ct_package
[5.162s] byte-compiling /home/pi/workspace/ControlTower/install/ct_package/lib/python3.10/site-packages/ct_package/mqtt_communication.py to mqtt_communication.cpython-310.pyc
[5.162s] running install_data
[5.163s] running install_egg_info
[5.163s] removing '/home/pi/workspace/ControlTower/install/ct_package/lib/python3.10/site-packages/ct_package-0.0.0-py3.10.egg-info' (and everything under it)
[5.165s] Copying ../../build/ct_package/ct_package.egg-info to /home/pi/workspace/ControlTower/install/ct_package/lib/python3.10/site-packages/ct_package-0.0.0-py3.10.egg-info
[5.173s] running install_scripts
[5.273s] Installing arm_planner script to /home/pi/workspace/ControlTower/install/ct_package/lib/ct_package
[5.273s] Installing cam_coord_transform script to /home/pi/workspace/ControlTower/install/ct_package/lib/ct_package
[5.274s] Installing camera_calibration script to /home/pi/workspace/ControlTower/install/ct_package/lib/ct_package
[5.275s] Installing camera_subscriber script to /home/pi/workspace/ControlTower/install/ct_package/lib/ct_package
[5.276s] Installing data_publisher script to /home/pi/workspace/ControlTower/install/ct_package/lib/ct_package
[5.281s] Installing mqtt_communication script to /home/pi/workspace/ControlTower/install/ct_package/lib/ct_package
[5.284s] Installing trash_detector script to /home/pi/workspace/ControlTower/install/ct_package/lib/ct_package
[5.285s] writing list of installed files to '/home/pi/workspace/ControlTower/build/ct_package/install.log'
[5.410s] Invoked command in '/home/pi/workspace/ControlTower/src/ct_package' returned '0': PYTHONPATH=/home/pi/workspace/ControlTower/build/ct_package/prefix_override:/usr/lib/python3/dist-packages/colcon_core/task/python/colcon_distutils_commands:/home/pi/workspace/ControlTower/install/ct_package/lib/python3.10/site-packages:${PYTHONPATH} /usr/bin/python3 -W ignore:setup.py install is deprecated setup.py egg_info --egg-base ../../build/ct_package build --build-base /home/pi/workspace/ControlTower/build/ct_package/build install --record /home/pi/workspace/ControlTower/build/ct_package/install.log --single-version-externally-managed install_data
