[0.468s] DEBUG:colcon:Command line arguments: ['/usr/bin/colcon', 'build', '--packages-select', 'ct_package']
[0.468s] DEBUG:colcon:Parsed command line arguments: Namespace(log_base=None, log_level=None, verb_name='build', build_base='build', install_base='install', merge_install=False, symlink_install=False, test_result_base=None, continue_on_error=False, executor='parallel', parallel_workers=4, event_handlers=None, ignore_user_meta=False, metas=['./colcon.meta'], base_paths=['.'], packages_ignore=None, packages_ignore_regex=None, paths=None, packages_up_to=None, packages_up_to_regex=None, packages_above=None, packages_above_and_dependencies=None, packages_above_depth=None, packages_select_by_dep=None, packages_skip_by_dep=None, packages_skip_up_to=None, packages_select_build_failed=False, packages_skip_build_finished=False, packages_select_test_failures=False, packages_skip_test_passed=False, packages_select=['ct_package'], packages_skip=None, packages_select_regex=None, packages_skip_regex=None, packages_start=None, packages_end=None, allow_overriding=[], cmake_args=None, cmake_target=None, cmake_target_skip_unavailable=False, cmake_clean_cache=False, cmake_clean_first=False, cmake_force_configure=False, ament_cmake_args=None, catkin_cmake_args=None, catkin_skip_building_tests=False, mixin_files=None, mixin=None, verb_parser=<colcon_mixin.mixin.mixin_argument.MixinArgumentDecorator object at 0xffff833aa1d0>, verb_extension=<colcon_core.verb.build.BuildVerb object at 0xffff834c6800>, main=<bound method BuildVerb.main of <colcon_core.verb.build.BuildVerb object at 0xffff834c6800>>, mixin_verb=('build',))
[1.298s] Level 1:colcon.colcon_core.package_discovery:discover_packages(colcon_meta) check parameters
[1.298s] Level 1:colcon.colcon_core.package_discovery:discover_packages(recursive) check parameters
[1.298s] Level 1:colcon.colcon_core.package_discovery:discover_packages(ignore) check parameters
[1.299s] Level 1:colcon.colcon_core.package_discovery:discover_packages(path) check parameters
[1.299s] Level 1:colcon.colcon_core.package_discovery:discover_packages(colcon_meta) discover
[1.299s] Level 1:colcon.colcon_core.package_discovery:discover_packages(recursive) discover
[1.299s] INFO:colcon.colcon_core.package_discovery:Crawling recursively for packages in '/home/pi/workspace/ControlTower'
[1.300s] Level 1:colcon.colcon_core.package_identification:_identify(.) by extensions ['ignore', 'ignore_ament_install']
[1.300s] Level 1:colcon.colcon_core.package_identification:_identify(.) by extension 'ignore'
[1.301s] Level 1:colcon.colcon_core.package_identification:_identify(.) by extension 'ignore_ament_install'
[1.301s] Level 1:colcon.colcon_core.package_identification:_identify(.) by extensions ['colcon_pkg']
[1.301s] Level 1:colcon.colcon_core.package_identification:_identify(.) by extension 'colcon_pkg'
[1.302s] Level 1:colcon.colcon_core.package_identification:_identify(.) by extensions ['colcon_meta']
[1.302s] Level 1:colcon.colcon_core.package_identification:_identify(.) by extension 'colcon_meta'
[1.302s] Level 1:colcon.colcon_core.package_identification:_identify(.) by extensions ['ros']
[1.302s] Level 1:colcon.colcon_core.package_identification:_identify(.) by extension 'ros'
[1.350s] Level 1:colcon.colcon_core.package_identification:_identify(.) by extensions ['cmake', 'python']
[1.351s] Level 1:colcon.colcon_core.package_identification:_identify(.) by extension 'cmake'
[1.351s] Level 1:colcon.colcon_core.package_identification:_identify(.) by extension 'python'
[1.351s] Level 1:colcon.colcon_core.package_identification:_identify(.) by extensions ['python_setup_py']
[1.351s] Level 1:colcon.colcon_core.package_identification:_identify(.) by extension 'python_setup_py'
[1.352s] Level 1:colcon.colcon_core.package_identification:_identify(build) by extensions ['ignore', 'ignore_ament_install']
[1.352s] Level 1:colcon.colcon_core.package_identification:_identify(build) by extension 'ignore'
[1.353s] Level 1:colcon.colcon_core.package_identification:_identify(build) ignored
[1.353s] Level 1:colcon.colcon_core.package_identification:_identify(install) by extensions ['ignore', 'ignore_ament_install']
[1.354s] Level 1:colcon.colcon_core.package_identification:_identify(install) by extension 'ignore'
[1.354s] Level 1:colcon.colcon_core.package_identification:_identify(install) ignored
[1.355s] Level 1:colcon.colcon_core.package_identification:_identify(log) by extensions ['ignore', 'ignore_ament_install']
[1.355s] Level 1:colcon.colcon_core.package_identification:_identify(log) by extension 'ignore'
[1.355s] Level 1:colcon.colcon_core.package_identification:_identify(log) ignored
[1.356s] Level 1:colcon.colcon_core.package_identification:_identify(src) by extensions ['ignore', 'ignore_ament_install']
[1.356s] Level 1:colcon.colcon_core.package_identification:_identify(src) by extension 'ignore'
[1.357s] Level 1:colcon.colcon_core.package_identification:_identify(src) by extension 'ignore_ament_install'
[1.357s] Level 1:colcon.colcon_core.package_identification:_identify(src) by extensions ['colcon_pkg']
[1.357s] Level 1:colcon.colcon_core.package_identification:_identify(src) by extension 'colcon_pkg'
[1.357s] Level 1:colcon.colcon_core.package_identification:_identify(src) by extensions ['colcon_meta']
[1.357s] Level 1:colcon.colcon_core.package_identification:_identify(src) by extension 'colcon_meta'
[1.358s] Level 1:colcon.colcon_core.package_identification:_identify(src) by extensions ['ros']
[1.358s] Level 1:colcon.colcon_core.package_identification:_identify(src) by extension 'ros'
[1.358s] Level 1:colcon.colcon_core.package_identification:_identify(src) by extensions ['cmake', 'python']
[1.358s] Level 1:colcon.colcon_core.package_identification:_identify(src) by extension 'cmake'
[1.359s] Level 1:colcon.colcon_core.package_identification:_identify(src) by extension 'python'
[1.359s] Level 1:colcon.colcon_core.package_identification:_identify(src) by extensions ['python_setup_py']
[1.359s] Level 1:colcon.colcon_core.package_identification:_identify(src) by extension 'python_setup_py'
[1.360s] Level 1:colcon.colcon_core.package_identification:_identify(src/ct_package) by extensions ['ignore', 'ignore_ament_install']
[1.360s] Level 1:colcon.colcon_core.package_identification:_identify(src/ct_package) by extension 'ignore'
[1.361s] Level 1:colcon.colcon_core.package_identification:_identify(src/ct_package) by extension 'ignore_ament_install'
[1.361s] Level 1:colcon.colcon_core.package_identification:_identify(src/ct_package) by extensions ['colcon_pkg']
[1.361s] Level 1:colcon.colcon_core.package_identification:_identify(src/ct_package) by extension 'colcon_pkg'
[1.362s] Level 1:colcon.colcon_core.package_identification:_identify(src/ct_package) by extensions ['colcon_meta']
[1.362s] Level 1:colcon.colcon_core.package_identification:_identify(src/ct_package) by extension 'colcon_meta'
[1.362s] Level 1:colcon.colcon_core.package_identification:_identify(src/ct_package) by extensions ['ros']
[1.362s] Level 1:colcon.colcon_core.package_identification:_identify(src/ct_package) by extension 'ros'
[1.372s] DEBUG:colcon.colcon_core.package_identification:Package 'src/ct_package' with type 'ros.ament_python' and name 'ct_package'
[1.372s] Level 1:colcon.colcon_core.package_identification:_identify(src/interface_package) by extensions ['ignore', 'ignore_ament_install']
[1.373s] Level 1:colcon.colcon_core.package_identification:_identify(src/interface_package) by extension 'ignore'
[1.373s] Level 1:colcon.colcon_core.package_identification:_identify(src/interface_package) by extension 'ignore_ament_install'
[1.374s] Level 1:colcon.colcon_core.package_identification:_identify(src/interface_package) by extensions ['colcon_pkg']
[1.374s] Level 1:colcon.colcon_core.package_identification:_identify(src/interface_package) by extension 'colcon_pkg'
[1.374s] Level 1:colcon.colcon_core.package_identification:_identify(src/interface_package) by extensions ['colcon_meta']
[1.375s] Level 1:colcon.colcon_core.package_identification:_identify(src/interface_package) by extension 'colcon_meta'
[1.375s] Level 1:colcon.colcon_core.package_identification:_identify(src/interface_package) by extensions ['ros']
[1.375s] Level 1:colcon.colcon_core.package_identification:_identify(src/interface_package) by extension 'ros'
[1.378s] DEBUG:colcon.colcon_core.package_identification:Package 'src/interface_package' with type 'ros.ament_cmake' and name 'interface_package'
[1.379s] Level 1:colcon.colcon_core.package_discovery:discover_packages(recursive) using defaults
[1.379s] Level 1:colcon.colcon_core.package_discovery:discover_packages(ignore) discover
[1.379s] Level 1:colcon.colcon_core.package_discovery:discover_packages(ignore) using defaults
[1.379s] Level 1:colcon.colcon_core.package_discovery:discover_packages(path) discover
[1.379s] Level 1:colcon.colcon_core.package_discovery:discover_packages(path) using defaults
[1.456s] INFO:colcon.colcon_core.package_selection:Skipping not selected package 'interface_package' in 'src/interface_package'
[1.458s] Level 1:colcon.colcon_core.package_discovery:discover_packages(prefix_path) check parameters
[1.458s] Level 1:colcon.colcon_core.package_discovery:discover_packages(prefix_path) discover
[1.466s] DEBUG:colcon.colcon_installed_package_information.package_discovery:Found 2 installed packages in /home/pi/workspace/ControlTower/install
[1.475s] DEBUG:colcon.colcon_installed_package_information.package_discovery:Found 270 installed packages in /opt/ros/humble
[1.485s] Level 1:colcon.colcon_core.package_discovery:discover_packages(prefix_path) using defaults
[1.689s] Level 5:colcon.colcon_core.verb:set package 'ct_package' build argument 'cmake_args' from command line to 'None'
[1.689s] Level 5:colcon.colcon_core.verb:set package 'ct_package' build argument 'cmake_target' from command line to 'None'
[1.689s] Level 5:colcon.colcon_core.verb:set package 'ct_package' build argument 'cmake_target_skip_unavailable' from command line to 'False'
[1.689s] Level 5:colcon.colcon_core.verb:set package 'ct_package' build argument 'cmake_clean_cache' from command line to 'False'
[1.689s] Level 5:colcon.colcon_core.verb:set package 'ct_package' build argument 'cmake_clean_first' from command line to 'False'
[1.689s] Level 5:colcon.colcon_core.verb:set package 'ct_package' build argument 'cmake_force_configure' from command line to 'False'
[1.690s] Level 5:colcon.colcon_core.verb:set package 'ct_package' build argument 'ament_cmake_args' from command line to 'None'
[1.690s] Level 5:colcon.colcon_core.verb:set package 'ct_package' build argument 'catkin_cmake_args' from command line to 'None'
[1.690s] Level 5:colcon.colcon_core.verb:set package 'ct_package' build argument 'catkin_skip_building_tests' from command line to 'False'
[1.690s] DEBUG:colcon.colcon_core.verb:Building package 'ct_package' with the following arguments: {'ament_cmake_args': None, 'build_base': '/home/pi/workspace/ControlTower/build/ct_package', 'catkin_cmake_args': None, 'catkin_skip_building_tests': False, 'cmake_args': None, 'cmake_clean_cache': False, 'cmake_clean_first': False, 'cmake_force_configure': False, 'cmake_target': None, 'cmake_target_skip_unavailable': False, 'install_base': '/home/pi/workspace/ControlTower/install/ct_package', 'merge_install': False, 'path': '/home/pi/workspace/ControlTower/src/ct_package', 'symlink_install': False, 'test_result_base': None}
[1.691s] INFO:colcon.colcon_core.executor:Executing jobs using 'parallel' executor
[1.694s] DEBUG:colcon.colcon_parallel_executor.executor.parallel:run_until_complete
[1.695s] INFO:colcon.colcon_ros.task.ament_python.build:Building ROS package in '/home/pi/workspace/ControlTower/src/ct_package' with build type 'ament_python'
[1.696s] Level 1:colcon.colcon_core.shell:create_environment_hook('ct_package', 'ament_prefix_path')
[1.706s] INFO:colcon.colcon_core.plugin_system:Skipping extension 'colcon_core.shell.bat': Not used on non-Windows systems
[1.707s] INFO:colcon.colcon_core.shell:Creating environment hook '/home/pi/workspace/ControlTower/install/ct_package/share/ct_package/hook/ament_prefix_path.ps1'
[1.710s] INFO:colcon.colcon_core.shell:Creating environment descriptor '/home/pi/workspace/ControlTower/install/ct_package/share/ct_package/hook/ament_prefix_path.dsv'
[1.713s] INFO:colcon.colcon_core.shell:Creating environment hook '/home/pi/workspace/ControlTower/install/ct_package/share/ct_package/hook/ament_prefix_path.sh'
[1.717s] INFO:colcon.colcon_core.shell:Skip shell extension 'powershell' for command environment: Not usable outside of PowerShell
[1.717s] DEBUG:colcon.colcon_core.shell:Skip shell extension 'dsv' for command environment
[2.978s] INFO:colcon.colcon_core.task.python.build:Building Python package in '/home/pi/workspace/ControlTower/src/ct_package'
[2.979s] INFO:colcon.colcon_core.shell:Skip shell extension 'powershell' for command environment: Not usable outside of PowerShell
[2.979s] DEBUG:colcon.colcon_core.shell:Skip shell extension 'dsv' for command environment
[4.526s] DEBUG:colcon.colcon_core.event_handler.log_command:Invoking command in '/home/pi/workspace/ControlTower/src/ct_package': PYTHONPATH=/home/pi/workspace/ControlTower/build/ct_package/prefix_override:/usr/lib/python3/dist-packages/colcon_core/task/python/colcon_distutils_commands:/home/pi/workspace/ControlTower/install/ct_package/lib/python3.10/site-packages:${PYTHONPATH} /usr/bin/python3 -W ignore:setup.py install is deprecated setup.py egg_info --egg-base ../../build/ct_package build --build-base /home/pi/workspace/ControlTower/build/ct_package/build install --record /home/pi/workspace/ControlTower/build/ct_package/install.log --single-version-externally-managed install_data
[5.935s] DEBUG:colcon.colcon_core.event_handler.log_command:Invoked command in '/home/pi/workspace/ControlTower/src/ct_package' returned '0': PYTHONPATH=/home/pi/workspace/ControlTower/build/ct_package/prefix_override:/usr/lib/python3/dist-packages/colcon_core/task/python/colcon_distutils_commands:/home/pi/workspace/ControlTower/install/ct_package/lib/python3.10/site-packages:${PYTHONPATH} /usr/bin/python3 -W ignore:setup.py install is deprecated setup.py egg_info --egg-base ../../build/ct_package build --build-base /home/pi/workspace/ControlTower/build/ct_package/build install --record /home/pi/workspace/ControlTower/build/ct_package/install.log --single-version-externally-managed install_data
[5.946s] Level 1:colcon.colcon_core.environment:checking '/home/pi/workspace/ControlTower/install/ct_package' for CMake module files
[5.950s] Level 1:colcon.colcon_core.environment:checking '/home/pi/workspace/ControlTower/install/ct_package' for CMake config files
[5.956s] Level 1:colcon.colcon_core.environment:checking '/home/pi/workspace/ControlTower/install/ct_package/lib'
[5.957s] Level 1:colcon.colcon_core.environment:checking '/home/pi/workspace/ControlTower/install/ct_package/bin'
[5.957s] Level 1:colcon.colcon_core.environment:checking '/home/pi/workspace/ControlTower/install/ct_package/lib/pkgconfig/ct_package.pc'
[5.958s] Level 1:colcon.colcon_core.environment:checking '/home/pi/workspace/ControlTower/install/ct_package/lib/python3.10/site-packages'
[5.959s] Level 1:colcon.colcon_core.shell:create_environment_hook('ct_package', 'pythonpath')
[5.960s] INFO:colcon.colcon_core.shell:Creating environment hook '/home/pi/workspace/ControlTower/install/ct_package/share/ct_package/hook/pythonpath.ps1'
[5.962s] INFO:colcon.colcon_core.shell:Creating environment descriptor '/home/pi/workspace/ControlTower/install/ct_package/share/ct_package/hook/pythonpath.dsv'
[5.963s] INFO:colcon.colcon_core.shell:Creating environment hook '/home/pi/workspace/ControlTower/install/ct_package/share/ct_package/hook/pythonpath.sh'
[5.966s] Level 1:colcon.colcon_core.environment:checking '/home/pi/workspace/ControlTower/install/ct_package/bin'
[5.967s] Level 1:colcon.colcon_core.environment:create_environment_scripts_only(ct_package)
[5.968s] INFO:colcon.colcon_core.shell:Creating package script '/home/pi/workspace/ControlTower/install/ct_package/share/ct_package/package.ps1'
[5.972s] INFO:colcon.colcon_core.shell:Creating package descriptor '/home/pi/workspace/ControlTower/install/ct_package/share/ct_package/package.dsv'
[5.975s] INFO:colcon.colcon_core.shell:Creating package script '/home/pi/workspace/ControlTower/install/ct_package/share/ct_package/package.sh'
[5.979s] INFO:colcon.colcon_core.shell:Creating package script '/home/pi/workspace/ControlTower/install/ct_package/share/ct_package/package.bash'
[5.983s] INFO:colcon.colcon_core.shell:Creating package script '/home/pi/workspace/ControlTower/install/ct_package/share/ct_package/package.zsh'
[5.986s] Level 1:colcon.colcon_core.environment:create_file_with_runtime_dependencies(/home/pi/workspace/ControlTower/install/ct_package/share/colcon-core/packages/ct_package)
[5.988s] DEBUG:colcon.colcon_parallel_executor.executor.parallel:closing loop
[5.989s] DEBUG:colcon.colcon_parallel_executor.executor.parallel:loop closed
[5.990s] DEBUG:colcon.colcon_parallel_executor.executor.parallel:run_until_complete finished with '0'
[5.990s] DEBUG:colcon.colcon_core.event_reactor:joining thread
[6.013s] INFO:colcon.colcon_core.plugin_system:Skipping extension 'colcon_notification.desktop_notification.terminal_notifier': Not used on non-Darwin systems
[6.013s] INFO:colcon.colcon_core.plugin_system:Skipping extension 'colcon_notification.desktop_notification.win32': Not used on non-Windows systems
[6.014s] INFO:colcon.colcon_notification.desktop_notification:Sending desktop notification using 'notify2'
[6.052s] DEBUG:colcon.colcon_core.event_reactor:joined thread
[6.053s] INFO:colcon.colcon_core.shell:Creating prefix script '/home/pi/workspace/ControlTower/install/local_setup.ps1'
[6.057s] INFO:colcon.colcon_core.shell:Creating prefix util module '/home/pi/workspace/ControlTower/install/_local_setup_util_ps1.py'
[6.064s] INFO:colcon.colcon_core.shell:Creating prefix chain script '/home/pi/workspace/ControlTower/install/setup.ps1'
[6.069s] INFO:colcon.colcon_core.shell:Creating prefix script '/home/pi/workspace/ControlTower/install/local_setup.sh'
[6.074s] INFO:colcon.colcon_core.shell:Creating prefix util module '/home/pi/workspace/ControlTower/install/_local_setup_util_sh.py'
[6.076s] INFO:colcon.colcon_core.shell:Creating prefix chain script '/home/pi/workspace/ControlTower/install/setup.sh'
[6.081s] INFO:colcon.colcon_core.shell:Creating prefix script '/home/pi/workspace/ControlTower/install/local_setup.bash'
[6.083s] INFO:colcon.colcon_core.shell:Creating prefix chain script '/home/pi/workspace/ControlTower/install/setup.bash'
[6.088s] INFO:colcon.colcon_core.shell:Creating prefix script '/home/pi/workspace/ControlTower/install/local_setup.zsh'
[6.091s] INFO:colcon.colcon_core.shell:Creating prefix chain script '/home/pi/workspace/ControlTower/install/setup.zsh'
