[3.563s] Invoking command in '/home/pi/workspace/ControlTower/src/ct_package': PYTHONPATH=/home/pi/workspace/ControlTower/build/ct_package/prefix_override:/usr/lib/python3/dist-packages/colcon_core/task/python/colcon_distutils_commands:/home/pi/workspace/ControlTower/install/ct_package/lib/python3.10/site-packages:${PYTHONPATH} /usr/bin/python3 -W ignore:setup.py install is deprecated setup.py egg_info --egg-base ../../build/ct_package build --build-base /home/pi/workspace/ControlTower/build/ct_package/build install --record /home/pi/workspace/ControlTower/build/ct_package/install.log --single-version-externally-managed install_data
[5.021s] running egg_info
[5.025s] writing ../../build/ct_package/ct_package.egg-info/PKG-INFO
[5.030s] writing dependency_links to ../../build/ct_package/ct_package.egg-info/dependency_links.txt
[5.033s] writing entry points to ../../build/ct_package/ct_package.egg-info/entry_points.txt
[5.036s] writing requirements to ../../build/ct_package/ct_package.egg-info/requires.txt
[5.039s] writing top-level names to ../../build/ct_package/ct_package.egg-info/top_level.txt
[5.043s] reading manifest file '../../build/ct_package/ct_package.egg-info/SOURCES.txt'
[5.049s] writing manifest file '../../build/ct_package/ct_package.egg-info/SOURCES.txt'
[5.053s] running build
[5.058s] running build_py
[5.061s] copying ct_package/data_publisher.py -> /home/pi/workspace/ControlTower/build/ct_package/build/lib/ct_package
[5.065s] running install
[5.068s] running install_lib
[5.073s] copying /home/pi/workspace/ControlTower/build/ct_package/build/lib/ct_package/data_publisher.py -> /home/pi/workspace/ControlTower/install/ct_package/lib/python3.10/site-packages/ct_package
[5.075s] byte-compiling /home/pi/workspace/ControlTower/install/ct_package/lib/python3.10/site-packages/ct_package/data_publisher.py to data_publisher.cpython-310.pyc
[5.079s] running install_data
[5.092s] running install_egg_info
[5.095s] removing '/home/pi/workspace/ControlTower/install/ct_package/lib/python3.10/site-packages/ct_package-0.0.0-py3.10.egg-info' (and everything under it)
[5.098s] Copying ../../build/ct_package/ct_package.egg-info to /home/pi/workspace/ControlTower/install/ct_package/lib/python3.10/site-packages/ct_package-0.0.0-py3.10.egg-info
[5.101s] running install_scripts
[5.197s] Installing arm_planner script to /home/pi/workspace/ControlTower/install/ct_package/lib/ct_package
[5.202s] Installing cam_coord_transform script to /home/pi/workspace/ControlTower/install/ct_package/lib/ct_package
[5.203s] Installing camera_calibration script to /home/pi/workspace/ControlTower/install/ct_package/lib/ct_package
[5.203s] Installing camera_subscriber script to /home/pi/workspace/ControlTower/install/ct_package/lib/ct_package
[5.204s] Installing data_publisher script to /home/pi/workspace/ControlTower/install/ct_package/lib/ct_package
[5.205s] Installing mqtt_communication script to /home/pi/workspace/ControlTower/install/ct_package/lib/ct_package
[5.206s] Installing trash_detector script to /home/pi/workspace/ControlTower/install/ct_package/lib/ct_package
[5.208s] writing list of installed files to '/home/pi/workspace/ControlTower/build/ct_package/install.log'
[5.347s] Invoked command in '/home/pi/workspace/ControlTower/src/ct_package' returned '0': PYTHONPATH=/home/pi/workspace/ControlTower/build/ct_package/prefix_override:/usr/lib/python3/dist-packages/colcon_core/task/python/colcon_distutils_commands:/home/pi/workspace/ControlTower/install/ct_package/lib/python3.10/site-packages:${PYTHONPATH} /usr/bin/python3 -W ignore:setup.py install is deprecated setup.py egg_info --egg-base ../../build/ct_package build --build-base /home/pi/workspace/ControlTower/build/ct_package/build install --record /home/pi/workspace/ControlTower/build/ct_package/install.log --single-version-externally-managed install_data
