[3.170s] Invoking command in '/home/pi/workspace/ControlTower/src/ct_package': PYTHONPATH=/home/pi/workspace/ControlTower/build/ct_package/prefix_override:/usr/lib/python3/dist-packages/colcon_core/task/python/colcon_distutils_commands:/home/pi/workspace/ControlTower/install/ct_package/lib/python3.10/site-packages:${PYTHONPATH} /usr/bin/python3 -W ignore:setup.py install is deprecated setup.py egg_info --egg-base ../../build/ct_package build --build-base /home/pi/workspace/ControlTower/build/ct_package/build install --record /home/pi/workspace/ControlTower/build/ct_package/install.log --single-version-externally-managed install_data
[4.627s] running egg_info
[4.630s] writing ../../build/ct_package/ct_package.egg-info/PKG-INFO
[4.631s] writing dependency_links to ../../build/ct_package/ct_package.egg-info/dependency_links.txt
[4.634s] writing entry points to ../../build/ct_package/ct_package.egg-info/entry_points.txt
[4.635s] writing requirements to ../../build/ct_package/ct_package.egg-info/requires.txt
[4.636s] writing top-level names to ../../build/ct_package/ct_package.egg-info/top_level.txt
[4.646s] reading manifest file '../../build/ct_package/ct_package.egg-info/SOURCES.txt'
[4.654s] writing manifest file '../../build/ct_package/ct_package.egg-info/SOURCES.txt'
[4.655s] running build
[4.656s] running build_py
[4.661s] copying ct_package/mqtt_communication.py -> /home/pi/workspace/ControlTower/build/ct_package/build/lib/ct_package
[4.673s] running install
[4.673s] running install_lib
[4.674s] copying /home/pi/workspace/ControlTower/build/ct_package/build/lib/ct_package/mqtt_communication.py -> /home/pi/workspace/ControlTower/install/ct_package/lib/python3.10/site-packages/ct_package
[4.678s] byte-compiling /home/pi/workspace/ControlTower/install/ct_package/lib/python3.10/site-packages/ct_package/mqtt_communication.py to mqtt_communication.cpython-310.pyc
[4.689s] running install_data
[4.692s] running install_egg_info
[4.703s] removing '/home/pi/workspace/ControlTower/install/ct_package/lib/python3.10/site-packages/ct_package-0.0.0-py3.10.egg-info' (and everything under it)
[4.709s] Copying ../../build/ct_package/ct_package.egg-info to /home/pi/workspace/ControlTower/install/ct_package/lib/python3.10/site-packages/ct_package-0.0.0-py3.10.egg-info
[4.711s] running install_scripts
[4.803s] Installing arm_planner script to /home/pi/workspace/ControlTower/install/ct_package/lib/ct_package
[4.804s] Installing cam_coord_transform script to /home/pi/workspace/ControlTower/install/ct_package/lib/ct_package
[4.805s] Installing camera_calibration script to /home/pi/workspace/ControlTower/install/ct_package/lib/ct_package
[4.806s] Installing camera_subscriber script to /home/pi/workspace/ControlTower/install/ct_package/lib/ct_package
[4.807s] Installing data_publisher script to /home/pi/workspace/ControlTower/install/ct_package/lib/ct_package
[4.809s] Installing mqtt_communication script to /home/pi/workspace/ControlTower/install/ct_package/lib/ct_package
[4.810s] Installing trash_detector script to /home/pi/workspace/ControlTower/install/ct_package/lib/ct_package
[4.811s] writing list of installed files to '/home/pi/workspace/ControlTower/build/ct_package/install.log'
[4.950s] Invoked command in '/home/pi/workspace/ControlTower/src/ct_package' returned '0': PYTHONPATH=/home/pi/workspace/ControlTower/build/ct_package/prefix_override:/usr/lib/python3/dist-packages/colcon_core/task/python/colcon_distutils_commands:/home/pi/workspace/ControlTower/install/ct_package/lib/python3.10/site-packages:${PYTHONPATH} /usr/bin/python3 -W ignore:setup.py install is deprecated setup.py egg_info --egg-base ../../build/ct_package build --build-base /home/pi/workspace/ControlTower/build/ct_package/build install --record /home/pi/workspace/ControlTower/build/ct_package/install.log --single-version-externally-managed install_data
