[0.465s] DEBUG:colcon:Command line arguments: ['/usr/bin/colcon', 'build']
[0.466s] DEBUG:colcon:Parsed command line arguments: Namespace(log_base=None, log_level=None, verb_name='build', build_base='build', install_base='install', merge_install=False, symlink_install=False, test_result_base=None, continue_on_error=False, executor='parallel', parallel_workers=4, event_handlers=None, ignore_user_meta=False, metas=['./colcon.meta'], base_paths=['.'], packages_ignore=None, packages_ignore_regex=None, paths=None, packages_up_to=None, packages_up_to_regex=None, packages_above=None, packages_above_and_dependencies=None, packages_above_depth=None, packages_select_by_dep=None, packages_skip_by_dep=None, packages_skip_up_to=None, packages_select_build_failed=False, packages_skip_build_finished=False, packages_select_test_failures=False, packages_skip_test_passed=False, packages_select=None, packages_skip=None, packages_select_regex=None, packages_skip_regex=None, packages_start=None, packages_end=None, allow_overriding=[], cmake_args=None, cmake_target=None, cmake_target_skip_unavailable=False, cmake_clean_cache=False, cmake_clean_first=False, cmake_force_configure=False, ament_cmake_args=None, catkin_cmake_args=None, catkin_skip_building_tests=False, mixin_files=None, mixin=None, verb_parser=<colcon_mixin.mixin.mixin_argument.MixinArgumentDecorator object at 0xffff9878a1a0>, verb_extension=<colcon_core.verb.build.BuildVerb object at 0xffff988a67d0>, main=<bound method BuildVerb.main of <colcon_core.verb.build.BuildVerb object at 0xffff988a67d0>>, mixin_verb=('build',))
[1.319s] Level 1:colcon.colcon_core.package_discovery:discover_packages(colcon_meta) check parameters
[1.320s] Level 1:colcon.colcon_core.package_discovery:discover_packages(recursive) check parameters
[1.320s] Level 1:colcon.colcon_core.package_discovery:discover_packages(ignore) check parameters
[1.320s] Level 1:colcon.colcon_core.package_discovery:discover_packages(path) check parameters
[1.320s] Level 1:colcon.colcon_core.package_discovery:discover_packages(colcon_meta) discover
[1.321s] Level 1:colcon.colcon_core.package_discovery:discover_packages(recursive) discover
[1.321s] INFO:colcon.colcon_core.package_discovery:Crawling recursively for packages in '/home/pi/workspace/ControlTower'
[1.321s] Level 1:colcon.colcon_core.package_identification:_identify(.) by extensions ['ignore', 'ignore_ament_install']
[1.322s] Level 1:colcon.colcon_core.package_identification:_identify(.) by extension 'ignore'
[1.322s] Level 1:colcon.colcon_core.package_identification:_identify(.) by extension 'ignore_ament_install'
[1.322s] Level 1:colcon.colcon_core.package_identification:_identify(.) by extensions ['colcon_pkg']
[1.323s] Level 1:colcon.colcon_core.package_identification:_identify(.) by extension 'colcon_pkg'
[1.323s] Level 1:colcon.colcon_core.package_identification:_identify(.) by extensions ['colcon_meta']
[1.323s] Level 1:colcon.colcon_core.package_identification:_identify(.) by extension 'colcon_meta'
[1.323s] Level 1:colcon.colcon_core.package_identification:_identify(.) by extensions ['ros']
[1.323s] Level 1:colcon.colcon_core.package_identification:_identify(.) by extension 'ros'
[1.371s] Level 1:colcon.colcon_core.package_identification:_identify(.) by extensions ['cmake', 'python']
[1.371s] Level 1:colcon.colcon_core.package_identification:_identify(.) by extension 'cmake'
[1.372s] Level 1:colcon.colcon_core.package_identification:_identify(.) by extension 'python'
[1.372s] Level 1:colcon.colcon_core.package_identification:_identify(.) by extensions ['python_setup_py']
[1.372s] Level 1:colcon.colcon_core.package_identification:_identify(.) by extension 'python_setup_py'
[1.372s] Level 1:colcon.colcon_core.package_identification:_identify(build) by extensions ['ignore', 'ignore_ament_install']
[1.373s] Level 1:colcon.colcon_core.package_identification:_identify(build) by extension 'ignore'
[1.373s] Level 1:colcon.colcon_core.package_identification:_identify(build) ignored
[1.374s] Level 1:colcon.colcon_core.package_identification:_identify(install) by extensions ['ignore', 'ignore_ament_install']
[1.374s] Level 1:colcon.colcon_core.package_identification:_identify(install) by extension 'ignore'
[1.375s] Level 1:colcon.colcon_core.package_identification:_identify(install) ignored
[1.375s] Level 1:colcon.colcon_core.package_identification:_identify(log) by extensions ['ignore', 'ignore_ament_install']
[1.376s] Level 1:colcon.colcon_core.package_identification:_identify(log) by extension 'ignore'
[1.376s] Level 1:colcon.colcon_core.package_identification:_identify(log) ignored
[1.376s] Level 1:colcon.colcon_core.package_identification:_identify(src) by extensions ['ignore', 'ignore_ament_install']
[1.377s] Level 1:colcon.colcon_core.package_identification:_identify(src) by extension 'ignore'
[1.377s] Level 1:colcon.colcon_core.package_identification:_identify(src) by extension 'ignore_ament_install'
[1.377s] Level 1:colcon.colcon_core.package_identification:_identify(src) by extensions ['colcon_pkg']
[1.378s] Level 1:colcon.colcon_core.package_identification:_identify(src) by extension 'colcon_pkg'
[1.378s] Level 1:colcon.colcon_core.package_identification:_identify(src) by extensions ['colcon_meta']
[1.378s] Level 1:colcon.colcon_core.package_identification:_identify(src) by extension 'colcon_meta'
[1.378s] Level 1:colcon.colcon_core.package_identification:_identify(src) by extensions ['ros']
[1.378s] Level 1:colcon.colcon_core.package_identification:_identify(src) by extension 'ros'
[1.379s] Level 1:colcon.colcon_core.package_identification:_identify(src) by extensions ['cmake', 'python']
[1.379s] Level 1:colcon.colcon_core.package_identification:_identify(src) by extension 'cmake'
[1.379s] Level 1:colcon.colcon_core.package_identification:_identify(src) by extension 'python'
[1.379s] Level 1:colcon.colcon_core.package_identification:_identify(src) by extensions ['python_setup_py']
[1.380s] Level 1:colcon.colcon_core.package_identification:_identify(src) by extension 'python_setup_py'
[1.380s] Level 1:colcon.colcon_core.package_identification:_identify(src/ct_package) by extensions ['ignore', 'ignore_ament_install']
[1.381s] Level 1:colcon.colcon_core.package_identification:_identify(src/ct_package) by extension 'ignore'
[1.381s] Level 1:colcon.colcon_core.package_identification:_identify(src/ct_package) by extension 'ignore_ament_install'
[1.381s] Level 1:colcon.colcon_core.package_identification:_identify(src/ct_package) by extensions ['colcon_pkg']
[1.381s] Level 1:colcon.colcon_core.package_identification:_identify(src/ct_package) by extension 'colcon_pkg'
[1.381s] Level 1:colcon.colcon_core.package_identification:_identify(src/ct_package) by extensions ['colcon_meta']
[1.382s] Level 1:colcon.colcon_core.package_identification:_identify(src/ct_package) by extension 'colcon_meta'
[1.382s] Level 1:colcon.colcon_core.package_identification:_identify(src/ct_package) by extensions ['ros']
[1.382s] Level 1:colcon.colcon_core.package_identification:_identify(src/ct_package) by extension 'ros'
[1.392s] DEBUG:colcon.colcon_core.package_identification:Package 'src/ct_package' with type 'ros.ament_python' and name 'ct_package'
[1.393s] Level 1:colcon.colcon_core.package_identification:_identify(src/interface_package) by extensions ['ignore', 'ignore_ament_install']
[1.393s] Level 1:colcon.colcon_core.package_identification:_identify(src/interface_package) by extension 'ignore'
[1.394s] Level 1:colcon.colcon_core.package_identification:_identify(src/interface_package) by extension 'ignore_ament_install'
[1.394s] Level 1:colcon.colcon_core.package_identification:_identify(src/interface_package) by extensions ['colcon_pkg']
[1.394s] Level 1:colcon.colcon_core.package_identification:_identify(src/interface_package) by extension 'colcon_pkg'
[1.394s] Level 1:colcon.colcon_core.package_identification:_identify(src/interface_package) by extensions ['colcon_meta']
[1.395s] Level 1:colcon.colcon_core.package_identification:_identify(src/interface_package) by extension 'colcon_meta'
[1.395s] Level 1:colcon.colcon_core.package_identification:_identify(src/interface_package) by extensions ['ros']
[1.395s] Level 1:colcon.colcon_core.package_identification:_identify(src/interface_package) by extension 'ros'
[1.398s] DEBUG:colcon.colcon_core.package_identification:Package 'src/interface_package' with type 'ros.ament_cmake' and name 'interface_package'
[1.398s] Level 1:colcon.colcon_core.package_discovery:discover_packages(recursive) using defaults
[1.399s] Level 1:colcon.colcon_core.package_discovery:discover_packages(ignore) discover
[1.399s] Level 1:colcon.colcon_core.package_discovery:discover_packages(ignore) using defaults
[1.399s] Level 1:colcon.colcon_core.package_discovery:discover_packages(path) discover
[1.399s] Level 1:colcon.colcon_core.package_discovery:discover_packages(path) using defaults
[1.477s] Level 1:colcon.colcon_core.package_discovery:discover_packages(prefix_path) check parameters
[1.478s] Level 1:colcon.colcon_core.package_discovery:discover_packages(prefix_path) discover
[1.487s] DEBUG:colcon.colcon_installed_package_information.package_discovery:Found 2 installed packages in /home/pi/workspace/ControlTower/install
[1.496s] DEBUG:colcon.colcon_installed_package_information.package_discovery:Found 270 installed packages in /opt/ros/humble
[1.506s] Level 1:colcon.colcon_core.package_discovery:discover_packages(prefix_path) using defaults
[1.714s] Level 5:colcon.colcon_core.verb:set package 'ct_package' build argument 'cmake_args' from command line to 'None'
[1.714s] Level 5:colcon.colcon_core.verb:set package 'ct_package' build argument 'cmake_target' from command line to 'None'
[1.714s] Level 5:colcon.colcon_core.verb:set package 'ct_package' build argument 'cmake_target_skip_unavailable' from command line to 'False'
[1.714s] Level 5:colcon.colcon_core.verb:set package 'ct_package' build argument 'cmake_clean_cache' from command line to 'False'
[1.714s] Level 5:colcon.colcon_core.verb:set package 'ct_package' build argument 'cmake_clean_first' from command line to 'False'
[1.715s] Level 5:colcon.colcon_core.verb:set package 'ct_package' build argument 'cmake_force_configure' from command line to 'False'
[1.715s] Level 5:colcon.colcon_core.verb:set package 'ct_package' build argument 'ament_cmake_args' from command line to 'None'
[1.715s] Level 5:colcon.colcon_core.verb:set package 'ct_package' build argument 'catkin_cmake_args' from command line to 'None'
[1.715s] Level 5:colcon.colcon_core.verb:set package 'ct_package' build argument 'catkin_skip_building_tests' from command line to 'False'
[1.715s] DEBUG:colcon.colcon_core.verb:Building package 'ct_package' with the following arguments: {'ament_cmake_args': None, 'build_base': '/home/pi/workspace/ControlTower/build/ct_package', 'catkin_cmake_args': None, 'catkin_skip_building_tests': False, 'cmake_args': None, 'cmake_clean_cache': False, 'cmake_clean_first': False, 'cmake_force_configure': False, 'cmake_target': None, 'cmake_target_skip_unavailable': False, 'install_base': '/home/pi/workspace/ControlTower/install/ct_package', 'merge_install': False, 'path': '/home/pi/workspace/ControlTower/src/ct_package', 'symlink_install': False, 'test_result_base': None}
[1.717s] Level 5:colcon.colcon_core.verb:set package 'interface_package' build argument 'cmake_args' from command line to 'None'
[1.717s] Level 5:colcon.colcon_core.verb:set package 'interface_package' build argument 'cmake_target' from command line to 'None'
[1.717s] Level 5:colcon.colcon_core.verb:set package 'interface_package' build argument 'cmake_target_skip_unavailable' from command line to 'False'
[1.717s] Level 5:colcon.colcon_core.verb:set package 'interface_package' build argument 'cmake_clean_cache' from command line to 'False'
[1.717s] Level 5:colcon.colcon_core.verb:set package 'interface_package' build argument 'cmake_clean_first' from command line to 'False'
[1.717s] Level 5:colcon.colcon_core.verb:set package 'interface_package' build argument 'cmake_force_configure' from command line to 'False'
[1.718s] Level 5:colcon.colcon_core.verb:set package 'interface_package' build argument 'ament_cmake_args' from command line to 'None'
[1.718s] Level 5:colcon.colcon_core.verb:set package 'interface_package' build argument 'catkin_cmake_args' from command line to 'None'
[1.718s] Level 5:colcon.colcon_core.verb:set package 'interface_package' build argument 'catkin_skip_building_tests' from command line to 'False'
[1.718s] DEBUG:colcon.colcon_core.verb:Building package 'interface_package' with the following arguments: {'ament_cmake_args': None, 'build_base': '/home/pi/workspace/ControlTower/build/interface_package', 'catkin_cmake_args': None, 'catkin_skip_building_tests': False, 'cmake_args': None, 'cmake_clean_cache': False, 'cmake_clean_first': False, 'cmake_force_configure': False, 'cmake_target': None, 'cmake_target_skip_unavailable': False, 'install_base': '/home/pi/workspace/ControlTower/install/interface_package', 'merge_install': False, 'path': '/home/pi/workspace/ControlTower/src/interface_package', 'symlink_install': False, 'test_result_base': None}
[1.719s] INFO:colcon.colcon_core.executor:Executing jobs using 'parallel' executor
[1.722s] DEBUG:colcon.colcon_parallel_executor.executor.parallel:run_until_complete
[1.724s] INFO:colcon.colcon_ros.task.ament_python.build:Building ROS package in '/home/pi/workspace/ControlTower/src/ct_package' with build type 'ament_python'
[1.724s] Level 1:colcon.colcon_core.shell:create_environment_hook('ct_package', 'ament_prefix_path')
[1.734s] INFO:colcon.colcon_core.plugin_system:Skipping extension 'colcon_core.shell.bat': Not used on non-Windows systems
[1.735s] INFO:colcon.colcon_core.shell:Creating environment hook '/home/pi/workspace/ControlTower/install/ct_package/share/ct_package/hook/ament_prefix_path.ps1'
[1.738s] INFO:colcon.colcon_core.shell:Creating environment descriptor '/home/pi/workspace/ControlTower/install/ct_package/share/ct_package/hook/ament_prefix_path.dsv'
[1.740s] INFO:colcon.colcon_core.shell:Creating environment hook '/home/pi/workspace/ControlTower/install/ct_package/share/ct_package/hook/ament_prefix_path.sh'
[1.744s] INFO:colcon.colcon_core.shell:Skip shell extension 'powershell' for command environment: Not usable outside of PowerShell
[1.745s] DEBUG:colcon.colcon_core.shell:Skip shell extension 'dsv' for command environment
[1.762s] INFO:colcon.colcon_ros.task.ament_cmake.build:Building ROS package in '/home/pi/workspace/ControlTower/src/interface_package' with build type 'ament_cmake'
[1.763s] INFO:colcon.colcon_cmake.task.cmake.build:Building CMake package in '/home/pi/workspace/ControlTower/src/interface_package'
[1.764s] INFO:colcon.colcon_core.shell:Skip shell extension 'powershell' for command environment: Not usable outside of PowerShell
[1.765s] DEBUG:colcon.colcon_core.shell:Skip shell extension 'dsv' for command environment
[3.023s] INFO:colcon.colcon_core.task.python.build:Building Python package in '/home/pi/workspace/ControlTower/src/ct_package'
[3.024s] INFO:colcon.colcon_core.shell:Skip shell extension 'powershell' for command environment: Not usable outside of PowerShell
[3.025s] DEBUG:colcon.colcon_core.shell:Skip shell extension 'dsv' for command environment
[3.062s] DEBUG:colcon.colcon_core.event_handler.log_command:Invoking command in '/home/pi/workspace/ControlTower/build/interface_package': CMAKE_PREFIX_PATH=${CMAKE_PREFIX_PATH}:/home/pi/workspace/ControlTower/install/ct_package:/opt/ros/humble /usr/bin/cmake --build /home/pi/workspace/ControlTower/build/interface_package -- -j4 -l4
[5.289s] DEBUG:colcon.colcon_core.event_handler.log_command:Invoking command in '/home/pi/workspace/ControlTower/src/ct_package': PYTHONPATH=/home/pi/workspace/ControlTower/build/ct_package/prefix_override:/usr/lib/python3/dist-packages/colcon_core/task/python/colcon_distutils_commands:/home/pi/workspace/ControlTower/install/ct_package/lib/python3.10/site-packages:${PYTHONPATH} /usr/bin/python3 -W ignore:setup.py install is deprecated setup.py egg_info --egg-base ../../build/ct_package build --build-base /home/pi/workspace/ControlTower/build/ct_package/build install --record /home/pi/workspace/ControlTower/build/ct_package/install.log --single-version-externally-managed install_data
[5.497s] DEBUG:colcon.colcon_core.event_handler.log_command:Invoked command in '/home/pi/workspace/ControlTower/build/interface_package' returned '0': CMAKE_PREFIX_PATH=${CMAKE_PREFIX_PATH}:/home/pi/workspace/ControlTower/install/ct_package:/opt/ros/humble /usr/bin/cmake --build /home/pi/workspace/ControlTower/build/interface_package -- -j4 -l4
[6.154s] DEBUG:colcon.colcon_core.event_handler.log_command:Invoking command in '/home/pi/workspace/ControlTower/build/interface_package': CMAKE_PREFIX_PATH=${CMAKE_PREFIX_PATH}:/home/pi/workspace/ControlTower/install/ct_package:/opt/ros/humble /usr/bin/cmake --install /home/pi/workspace/ControlTower/build/interface_package
[6.622s] Level 1:colcon.colcon_core.environment:create_environment_scripts_only(interface_package)
[6.634s] Level 1:colcon.colcon_core.environment:checking '/home/pi/workspace/ControlTower/install/interface_package' for CMake module files
[6.636s] DEBUG:colcon.colcon_core.event_handler.log_command:Invoked command in '/home/pi/workspace/ControlTower/build/interface_package' returned '0': CMAKE_PREFIX_PATH=${CMAKE_PREFIX_PATH}:/home/pi/workspace/ControlTower/install/ct_package:/opt/ros/humble /usr/bin/cmake --install /home/pi/workspace/ControlTower/build/interface_package
[6.640s] Level 1:colcon.colcon_core.environment:checking '/home/pi/workspace/ControlTower/install/interface_package' for CMake config files
[6.643s] Level 1:colcon.colcon_core.shell:create_environment_hook('interface_package', 'cmake_prefix_path')
[6.644s] INFO:colcon.colcon_core.shell:Creating environment hook '/home/pi/workspace/ControlTower/install/interface_package/share/interface_package/hook/cmake_prefix_path.ps1'
[6.646s] INFO:colcon.colcon_core.shell:Creating environment descriptor '/home/pi/workspace/ControlTower/install/interface_package/share/interface_package/hook/cmake_prefix_path.dsv'
[6.648s] INFO:colcon.colcon_core.shell:Creating environment hook '/home/pi/workspace/ControlTower/install/interface_package/share/interface_package/hook/cmake_prefix_path.sh'
[6.652s] Level 1:colcon.colcon_core.environment:checking '/home/pi/workspace/ControlTower/install/interface_package/lib'
[6.653s] Level 1:colcon.colcon_core.shell:create_environment_hook('interface_package', 'ld_library_path_lib')
[6.654s] INFO:colcon.colcon_core.shell:Creating environment hook '/home/pi/workspace/ControlTower/install/interface_package/share/interface_package/hook/ld_library_path_lib.ps1'
[6.657s] INFO:colcon.colcon_core.shell:Creating environment descriptor '/home/pi/workspace/ControlTower/install/interface_package/share/interface_package/hook/ld_library_path_lib.dsv'
[6.659s] INFO:colcon.colcon_core.shell:Creating environment hook '/home/pi/workspace/ControlTower/install/interface_package/share/interface_package/hook/ld_library_path_lib.sh'
[6.661s] Level 1:colcon.colcon_core.environment:checking '/home/pi/workspace/ControlTower/install/interface_package/bin'
[6.662s] Level 1:colcon.colcon_core.environment:checking '/home/pi/workspace/ControlTower/install/interface_package/lib/pkgconfig/interface_package.pc'
[6.663s] Level 1:colcon.colcon_core.environment:checking '/home/pi/workspace/ControlTower/install/interface_package/lib/python3.10/site-packages'
[6.664s] Level 1:colcon.colcon_core.environment:checking '/home/pi/workspace/ControlTower/install/interface_package/bin'
[6.666s] INFO:colcon.colcon_core.shell:Creating package script '/home/pi/workspace/ControlTower/install/interface_package/share/interface_package/package.ps1'
[6.670s] INFO:colcon.colcon_core.shell:Creating package descriptor '/home/pi/workspace/ControlTower/install/interface_package/share/interface_package/package.dsv'
[6.673s] INFO:colcon.colcon_core.shell:Creating package script '/home/pi/workspace/ControlTower/install/interface_package/share/interface_package/package.sh'
[6.677s] INFO:colcon.colcon_core.shell:Creating package script '/home/pi/workspace/ControlTower/install/interface_package/share/interface_package/package.bash'
[6.682s] INFO:colcon.colcon_core.shell:Creating package script '/home/pi/workspace/ControlTower/install/interface_package/share/interface_package/package.zsh'
[6.685s] Level 1:colcon.colcon_core.environment:create_file_with_runtime_dependencies(/home/pi/workspace/ControlTower/install/interface_package/share/colcon-core/packages/interface_package)
[7.071s] Level 1:colcon.colcon_core.environment:checking '/home/pi/workspace/ControlTower/install/ct_package' for CMake module files
[7.072s] DEBUG:colcon.colcon_core.event_handler.log_command:Invoked command in '/home/pi/workspace/ControlTower/src/ct_package' returned '0': PYTHONPATH=/home/pi/workspace/ControlTower/build/ct_package/prefix_override:/usr/lib/python3/dist-packages/colcon_core/task/python/colcon_distutils_commands:/home/pi/workspace/ControlTower/install/ct_package/lib/python3.10/site-packages:${PYTHONPATH} /usr/bin/python3 -W ignore:setup.py install is deprecated setup.py egg_info --egg-base ../../build/ct_package build --build-base /home/pi/workspace/ControlTower/build/ct_package/build install --record /home/pi/workspace/ControlTower/build/ct_package/install.log --single-version-externally-managed install_data
[7.076s] Level 1:colcon.colcon_core.environment:checking '/home/pi/workspace/ControlTower/install/ct_package' for CMake config files
[7.081s] Level 1:colcon.colcon_core.environment:checking '/home/pi/workspace/ControlTower/install/ct_package/lib'
[7.082s] Level 1:colcon.colcon_core.environment:checking '/home/pi/workspace/ControlTower/install/ct_package/bin'
[7.082s] Level 1:colcon.colcon_core.environment:checking '/home/pi/workspace/ControlTower/install/ct_package/lib/pkgconfig/ct_package.pc'
[7.084s] Level 1:colcon.colcon_core.environment:checking '/home/pi/workspace/ControlTower/install/ct_package/lib/python3.10/site-packages'
[7.084s] Level 1:colcon.colcon_core.shell:create_environment_hook('ct_package', 'pythonpath')
[7.085s] INFO:colcon.colcon_core.shell:Creating environment hook '/home/pi/workspace/ControlTower/install/ct_package/share/ct_package/hook/pythonpath.ps1'
[7.088s] INFO:colcon.colcon_core.shell:Creating environment descriptor '/home/pi/workspace/ControlTower/install/ct_package/share/ct_package/hook/pythonpath.dsv'
[7.091s] INFO:colcon.colcon_core.shell:Creating environment hook '/home/pi/workspace/ControlTower/install/ct_package/share/ct_package/hook/pythonpath.sh'
[7.094s] Level 1:colcon.colcon_core.environment:checking '/home/pi/workspace/ControlTower/install/ct_package/bin'
[7.095s] Level 1:colcon.colcon_core.environment:create_environment_scripts_only(ct_package)
[7.096s] INFO:colcon.colcon_core.shell:Creating package script '/home/pi/workspace/ControlTower/install/ct_package/share/ct_package/package.ps1'
[7.099s] INFO:colcon.colcon_core.shell:Creating package descriptor '/home/pi/workspace/ControlTower/install/ct_package/share/ct_package/package.dsv'
[7.101s] INFO:colcon.colcon_core.shell:Creating package script '/home/pi/workspace/ControlTower/install/ct_package/share/ct_package/package.sh'
[7.104s] INFO:colcon.colcon_core.shell:Creating package script '/home/pi/workspace/ControlTower/install/ct_package/share/ct_package/package.bash'
[7.106s] INFO:colcon.colcon_core.shell:Creating package script '/home/pi/workspace/ControlTower/install/ct_package/share/ct_package/package.zsh'
[7.109s] Level 1:colcon.colcon_core.environment:create_file_with_runtime_dependencies(/home/pi/workspace/ControlTower/install/ct_package/share/colcon-core/packages/ct_package)
[7.366s] Level 1:colcon.colcon_core.environment:create_environment_scripts_only(interface_package)
[7.367s] Level 1:colcon.colcon_core.environment:checking '/home/pi/workspace/ControlTower/install/interface_package' for CMake module files
[7.371s] Level 1:colcon.colcon_core.environment:checking '/home/pi/workspace/ControlTower/install/interface_package' for CMake config files
[7.375s] Level 1:colcon.colcon_core.shell:create_environment_hook('interface_package', 'cmake_prefix_path')
[7.376s] INFO:colcon.colcon_core.shell:Creating environment hook '/home/pi/workspace/ControlTower/install/interface_package/share/interface_package/hook/cmake_prefix_path.ps1'
[7.379s] INFO:colcon.colcon_core.shell:Creating environment descriptor '/home/pi/workspace/ControlTower/install/interface_package/share/interface_package/hook/cmake_prefix_path.dsv'
[7.381s] INFO:colcon.colcon_core.shell:Creating environment hook '/home/pi/workspace/ControlTower/install/interface_package/share/interface_package/hook/cmake_prefix_path.sh'
[7.385s] Level 1:colcon.colcon_core.environment:checking '/home/pi/workspace/ControlTower/install/interface_package/lib'
[7.386s] Level 1:colcon.colcon_core.shell:create_environment_hook('interface_package', 'ld_library_path_lib')
[7.387s] INFO:colcon.colcon_core.shell:Creating environment hook '/home/pi/workspace/ControlTower/install/interface_package/share/interface_package/hook/ld_library_path_lib.ps1'
[7.389s] INFO:colcon.colcon_core.shell:Creating environment descriptor '/home/pi/workspace/ControlTower/install/interface_package/share/interface_package/hook/ld_library_path_lib.dsv'
[7.391s] INFO:colcon.colcon_core.shell:Creating environment hook '/home/pi/workspace/ControlTower/install/interface_package/share/interface_package/hook/ld_library_path_lib.sh'
[7.394s] Level 1:colcon.colcon_core.environment:checking '/home/pi/workspace/ControlTower/install/interface_package/bin'
[7.394s] Level 1:colcon.colcon_core.environment:checking '/home/pi/workspace/ControlTower/install/interface_package/lib/pkgconfig/interface_package.pc'
[7.395s] Level 1:colcon.colcon_core.environment:checking '/home/pi/workspace/ControlTower/install/interface_package/lib/python3.10/site-packages'
[7.396s] Level 1:colcon.colcon_core.environment:checking '/home/pi/workspace/ControlTower/install/interface_package/bin'
[7.398s] INFO:colcon.colcon_core.shell:Creating package script '/home/pi/workspace/ControlTower/install/interface_package/share/interface_package/package.ps1'
[7.401s] INFO:colcon.colcon_core.shell:Creating package descriptor '/home/pi/workspace/ControlTower/install/interface_package/share/interface_package/package.dsv'
[7.403s] INFO:colcon.colcon_core.shell:Creating package script '/home/pi/workspace/ControlTower/install/interface_package/share/interface_package/package.sh'
[7.406s] INFO:colcon.colcon_core.shell:Creating package script '/home/pi/workspace/ControlTower/install/interface_package/share/interface_package/package.bash'
[7.408s] INFO:colcon.colcon_core.shell:Creating package script '/home/pi/workspace/ControlTower/install/interface_package/share/interface_package/package.zsh'
[7.411s] Level 1:colcon.colcon_core.environment:create_file_with_runtime_dependencies(/home/pi/workspace/ControlTower/install/interface_package/share/colcon-core/packages/interface_package)
[7.413s] DEBUG:colcon.colcon_parallel_executor.executor.parallel:closing loop
[7.414s] DEBUG:colcon.colcon_parallel_executor.executor.parallel:loop closed
[7.415s] DEBUG:colcon.colcon_parallel_executor.executor.parallel:run_until_complete finished with '0'
[7.415s] DEBUG:colcon.colcon_core.event_reactor:joining thread
[7.441s] INFO:colcon.colcon_core.plugin_system:Skipping extension 'colcon_notification.desktop_notification.terminal_notifier': Not used on non-Darwin systems
[7.441s] INFO:colcon.colcon_core.plugin_system:Skipping extension 'colcon_notification.desktop_notification.win32': Not used on non-Windows systems
[7.441s] INFO:colcon.colcon_notification.desktop_notification:Sending desktop notification using 'notify2'
[7.478s] DEBUG:colcon.colcon_core.event_reactor:joined thread
[7.479s] INFO:colcon.colcon_core.shell:Creating prefix script '/home/pi/workspace/ControlTower/install/local_setup.ps1'
[7.483s] INFO:colcon.colcon_core.shell:Creating prefix util module '/home/pi/workspace/ControlTower/install/_local_setup_util_ps1.py'
[7.488s] INFO:colcon.colcon_core.shell:Creating prefix chain script '/home/pi/workspace/ControlTower/install/setup.ps1'
[7.493s] INFO:colcon.colcon_core.shell:Creating prefix script '/home/pi/workspace/ControlTower/install/local_setup.sh'
[7.496s] INFO:colcon.colcon_core.shell:Creating prefix util module '/home/pi/workspace/ControlTower/install/_local_setup_util_sh.py'
[7.498s] INFO:colcon.colcon_core.shell:Creating prefix chain script '/home/pi/workspace/ControlTower/install/setup.sh'
[7.503s] INFO:colcon.colcon_core.shell:Creating prefix script '/home/pi/workspace/ControlTower/install/local_setup.bash'
[7.506s] INFO:colcon.colcon_core.shell:Creating prefix chain script '/home/pi/workspace/ControlTower/install/setup.bash'
[7.511s] INFO:colcon.colcon_core.shell:Creating prefix script '/home/pi/workspace/ControlTower/install/local_setup.zsh'
[7.514s] INFO:colcon.colcon_core.shell:Creating prefix chain script '/home/pi/workspace/ControlTower/install/setup.zsh'
