running egg_info
creating ../../build/ct_package/ct_package.egg-info
writing ../../build/ct_package/ct_package.egg-info/PKG-INFO
writing dependency_links to ../../build/ct_package/ct_package.egg-info/dependency_links.txt
writing entry points to ../../build/ct_package/ct_package.egg-info/entry_points.txt
writing requirements to ../../build/ct_package/ct_package.egg-info/requires.txt
writing top-level names to ../../build/ct_package/ct_package.egg-info/top_level.txt
writing manifest file '../../build/ct_package/ct_package.egg-info/SOURCES.txt'
reading manifest file '../../build/ct_package/ct_package.egg-info/SOURCES.txt'
writing manifest file '../../build/ct_package/ct_package.egg-info/SOURCES.txt'
running build
running build_py
creating /home/pi/workspace/ControlTower/build/ct_package/build
creating /home/pi/workspace/ControlTower/build/ct_package/build/lib
creating /home/pi/workspace/ControlTower/build/ct_package/build/lib/ct_package
copying ct_package/trash_detector.py -> /home/pi/workspace/ControlTower/build/ct_package/build/lib/ct_package
copying ct_package/camera_subscriber.py -> /home/pi/workspace/ControlTower/build/ct_package/build/lib/ct_package
copying ct_package/robot_coord_transform.py -> /home/pi/workspace/ControlTower/build/ct_package/build/lib/ct_package
copying ct_package/cam_coord_transform.py -> /home/pi/workspace/ControlTower/build/ct_package/build/lib/ct_package
copying ct_package/arm_planner.py -> /home/pi/workspace/ControlTower/build/ct_package/build/lib/ct_package
copying ct_package/data_publisher.py -> /home/pi/workspace/ControlTower/build/ct_package/build/lib/ct_package
copying ct_package/path_planner.py -> /home/pi/workspace/ControlTower/build/ct_package/build/lib/ct_package
copying ct_package/__init__.py -> /home/pi/workspace/ControlTower/build/ct_package/build/lib/ct_package
copying ct_package/camera_calibration.py -> /home/pi/workspace/ControlTower/build/ct_package/build/lib/ct_package
copying ct_package/mqtt_communication.py -> /home/pi/workspace/ControlTower/build/ct_package/build/lib/ct_package
running install
running install_lib
creating /home/pi/workspace/ControlTower/install/ct_package/lib/python3.10/site-packages/ct_package
copying /home/pi/workspace/ControlTower/build/ct_package/build/lib/ct_package/trash_detector.py -> /home/pi/workspace/ControlTower/install/ct_package/lib/python3.10/site-packages/ct_package
copying /home/pi/workspace/ControlTower/build/ct_package/build/lib/ct_package/camera_subscriber.py -> /home/pi/workspace/ControlTower/install/ct_package/lib/python3.10/site-packages/ct_package
copying /home/pi/workspace/ControlTower/build/ct_package/build/lib/ct_package/robot_coord_transform.py -> /home/pi/workspace/ControlTower/install/ct_package/lib/python3.10/site-packages/ct_package
copying /home/pi/workspace/ControlTower/build/ct_package/build/lib/ct_package/cam_coord_transform.py -> /home/pi/workspace/ControlTower/install/ct_package/lib/python3.10/site-packages/ct_package
copying /home/pi/workspace/ControlTower/build/ct_package/build/lib/ct_package/arm_planner.py -> /home/pi/workspace/ControlTower/install/ct_package/lib/python3.10/site-packages/ct_package
copying /home/pi/workspace/ControlTower/build/ct_package/build/lib/ct_package/data_publisher.py -> /home/pi/workspace/ControlTower/install/ct_package/lib/python3.10/site-packages/ct_package
copying /home/pi/workspace/ControlTower/build/ct_package/build/lib/ct_package/path_planner.py -> /home/pi/workspace/ControlTower/install/ct_package/lib/python3.10/site-packages/ct_package
copying /home/pi/workspace/ControlTower/build/ct_package/build/lib/ct_package/__init__.py -> /home/pi/workspace/ControlTower/install/ct_package/lib/python3.10/site-packages/ct_package
copying /home/pi/workspace/ControlTower/build/ct_package/build/lib/ct_package/camera_calibration.py -> /home/pi/workspace/ControlTower/install/ct_package/lib/python3.10/site-packages/ct_package
copying /home/pi/workspace/ControlTower/build/ct_package/build/lib/ct_package/mqtt_communication.py -> /home/pi/workspace/ControlTower/install/ct_package/lib/python3.10/site-packages/ct_package
byte-compiling /home/pi/workspace/ControlTower/install/ct_package/lib/python3.10/site-packages/ct_package/trash_detector.py to trash_detector.cpython-310.pyc
byte-compiling /home/pi/workspace/ControlTower/install/ct_package/lib/python3.10/site-packages/ct_package/camera_subscriber.py to camera_subscriber.cpython-310.pyc
byte-compiling /home/pi/workspace/ControlTower/install/ct_package/lib/python3.10/site-packages/ct_package/robot_coord_transform.py to robot_coord_transform.cpython-310.pyc
byte-compiling /home/pi/workspace/ControlTower/install/ct_package/lib/python3.10/site-packages/ct_package/cam_coord_transform.py to cam_coord_transform.cpython-310.pyc
byte-compiling /home/pi/workspace/ControlTower/install/ct_package/lib/python3.10/site-packages/ct_package/arm_planner.py to arm_planner.cpython-310.pyc
byte-compiling /home/pi/workspace/ControlTower/install/ct_package/lib/python3.10/site-packages/ct_package/data_publisher.py to data_publisher.cpython-310.pyc
byte-compiling /home/pi/workspace/ControlTower/install/ct_package/lib/python3.10/site-packages/ct_package/path_planner.py to path_planner.cpython-310.pyc
byte-compiling /home/pi/workspace/ControlTower/install/ct_package/lib/python3.10/site-packages/ct_package/__init__.py to __init__.cpython-310.pyc
byte-compiling /home/pi/workspace/ControlTower/install/ct_package/lib/python3.10/site-packages/ct_package/camera_calibration.py to camera_calibration.cpython-310.pyc
byte-compiling /home/pi/workspace/ControlTower/install/ct_package/lib/python3.10/site-packages/ct_package/mqtt_communication.py to mqtt_communication.cpython-310.pyc
running install_data
creating /home/pi/workspace/ControlTower/install/ct_package/share/ament_index
creating /home/pi/workspace/ControlTower/install/ct_package/share/ament_index/resource_index
creating /home/pi/workspace/ControlTower/install/ct_package/share/ament_index/resource_index/packages
copying resource/ct_package -> /home/pi/workspace/ControlTower/install/ct_package/share/ament_index/resource_index/packages
copying package.xml -> /home/pi/workspace/ControlTower/install/ct_package/share/ct_package
creating /home/pi/workspace/ControlTower/install/ct_package/share/ct_package/launch
copying launch/map_server.launch.py -> /home/pi/workspace/ControlTower/install/ct_package/share/ct_package/launch
copying launch/robot_arm.launch.py -> /home/pi/workspace/ControlTower/install/ct_package/share/ct_package/launch
creating /home/pi/workspace/ControlTower/install/ct_package/share/ct_package/params
running install_egg_info
Copying ../../build/ct_package/ct_package.egg-info to /home/pi/workspace/ControlTower/install/ct_package/lib/python3.10/site-packages/ct_package-0.0.0-py3.10.egg-info
running install_scripts
Installing arm_planner script to /home/pi/workspace/ControlTower/install/ct_package/lib/ct_package
Installing cam_coord_transform script to /home/pi/workspace/ControlTower/install/ct_package/lib/ct_package
Installing camera_calibration script to /home/pi/workspace/ControlTower/install/ct_package/lib/ct_package
Installing camera_subscriber script to /home/pi/workspace/ControlTower/install/ct_package/lib/ct_package
Installing data_publisher script to /home/pi/workspace/ControlTower/install/ct_package/lib/ct_package
Installing mqtt_communication script to /home/pi/workspace/ControlTower/install/ct_package/lib/ct_package
Installing trash_detector script to /home/pi/workspace/ControlTower/install/ct_package/lib/ct_package
writing list of installed files to '/home/pi/workspace/ControlTower/build/ct_package/install.log'
