[3.361s] Invoking command in '/home/pi/workspace/ControlTower/src/ct_package': PYTHONPATH=/home/pi/workspace/ControlTower/build/ct_package/prefix_override:/usr/lib/python3/dist-packages/colcon_core/task/python/colcon_distutils_commands:/home/pi/workspace/ControlTower/install/ct_package/lib/python3.10/site-packages:${PYTHONPATH} /usr/bin/python3 -W ignore:setup.py install is deprecated setup.py egg_info --egg-base ../../build/ct_package build --build-base /home/pi/workspace/ControlTower/build/ct_package/build install --record /home/pi/workspace/ControlTower/build/ct_package/install.log --single-version-externally-managed install_data
[4.874s] running egg_info
[4.882s] writing ../../build/ct_package/ct_package.egg-info/PKG-INFO
[4.892s] writing dependency_links to ../../build/ct_package/ct_package.egg-info/dependency_links.txt
[4.894s] writing entry points to ../../build/ct_package/ct_package.egg-info/entry_points.txt
[4.897s] writing requirements to ../../build/ct_package/ct_package.egg-info/requires.txt
[4.899s] writing top-level names to ../../build/ct_package/ct_package.egg-info/top_level.txt
[4.918s] reading manifest file '../../build/ct_package/ct_package.egg-info/SOURCES.txt'
[4.925s] writing manifest file '../../build/ct_package/ct_package.egg-info/SOURCES.txt'
[4.930s] running build
[4.933s] running build_py
[4.938s] copying ct_package/data_publisher.py -> /home/pi/workspace/ControlTower/build/ct_package/build/lib/ct_package
[4.942s] running install
[4.944s] running install_lib
[4.952s] copying /home/pi/workspace/ControlTower/build/ct_package/build/lib/ct_package/data_publisher.py -> /home/pi/workspace/ControlTower/install/ct_package/lib/python3.10/site-packages/ct_package
[4.960s] byte-compiling /home/pi/workspace/ControlTower/install/ct_package/lib/python3.10/site-packages/ct_package/data_publisher.py to data_publisher.cpython-310.pyc
[4.967s] running install_data
[4.968s] running install_egg_info
[4.995s] removing '/home/pi/workspace/ControlTower/install/ct_package/lib/python3.10/site-packages/ct_package-0.0.0-py3.10.egg-info' (and everything under it)
[4.996s] Copying ../../build/ct_package/ct_package.egg-info to /home/pi/workspace/ControlTower/install/ct_package/lib/python3.10/site-packages/ct_package-0.0.0-py3.10.egg-info
[4.996s] running install_scripts
[5.121s] Installing arm_planner script to /home/pi/workspace/ControlTower/install/ct_package/lib/ct_package
[5.133s] Installing cam_coord_transform script to /home/pi/workspace/ControlTower/install/ct_package/lib/ct_package
[5.135s] Installing camera_calibration script to /home/pi/workspace/ControlTower/install/ct_package/lib/ct_package
[5.137s] Installing camera_subscriber script to /home/pi/workspace/ControlTower/install/ct_package/lib/ct_package
[5.148s] Installing data_publisher script to /home/pi/workspace/ControlTower/install/ct_package/lib/ct_package
[5.149s] Installing mqtt_communication script to /home/pi/workspace/ControlTower/install/ct_package/lib/ct_package
[5.159s] Installing trash_detector script to /home/pi/workspace/ControlTower/install/ct_package/lib/ct_package
[5.160s] writing list of installed files to '/home/pi/workspace/ControlTower/build/ct_package/install.log'
[5.318s] Invoked command in '/home/pi/workspace/ControlTower/src/ct_package' returned '0': PYTHONPATH=/home/pi/workspace/ControlTower/build/ct_package/prefix_override:/usr/lib/python3/dist-packages/colcon_core/task/python/colcon_distutils_commands:/home/pi/workspace/ControlTower/install/ct_package/lib/python3.10/site-packages:${PYTHONPATH} /usr/bin/python3 -W ignore:setup.py install is deprecated setup.py egg_info --egg-base ../../build/ct_package build --build-base /home/pi/workspace/ControlTower/build/ct_package/build install --record /home/pi/workspace/ControlTower/build/ct_package/install.log --single-version-externally-managed install_data
