[3.005s] Invoking command in '/home/pi/workspace/ControlTower/src/ct_package': PYTHONPATH=/home/pi/workspace/ControlTower/build/ct_package/prefix_override:/usr/lib/python3/dist-packages/colcon_core/task/python/colcon_distutils_commands:/home/pi/workspace/ControlTower/install/ct_package/lib/python3.10/site-packages:${PYTHONPATH} /usr/bin/python3 -W ignore:setup.py install is deprecated setup.py egg_info --egg-base ../../build/ct_package build --build-base /home/pi/workspace/ControlTower/build/ct_package/build install --record /home/pi/workspace/ControlTower/build/ct_package/install.log --single-version-externally-managed install_data
[4.154s] running egg_info
[4.157s] writing ../../build/ct_package/ct_package.egg-info/PKG-INFO
[4.159s] writing dependency_links to ../../build/ct_package/ct_package.egg-info/dependency_links.txt
[4.160s] writing entry points to ../../build/ct_package/ct_package.egg-info/entry_points.txt
[4.161s] writing requirements to ../../build/ct_package/ct_package.egg-info/requires.txt
[4.162s] writing top-level names to ../../build/ct_package/ct_package.egg-info/top_level.txt
[4.172s] reading manifest file '../../build/ct_package/ct_package.egg-info/SOURCES.txt'
[4.178s] writing manifest file '../../build/ct_package/ct_package.egg-info/SOURCES.txt'
[4.179s] running build
[4.179s] running build_py
[4.185s] running install
[4.186s] running install_lib
[4.195s] running install_data
[4.196s] copying params/mqtt_param.yaml -> /home/pi/workspace/ControlTower/install/ct_package/share/ct_package/params
[4.197s] running install_egg_info
[4.204s] removing '/home/pi/workspace/ControlTower/install/ct_package/lib/python3.10/site-packages/ct_package-0.0.0-py3.10.egg-info' (and everything under it)
[4.206s] Copying ../../build/ct_package/ct_package.egg-info to /home/pi/workspace/ControlTower/install/ct_package/lib/python3.10/site-packages/ct_package-0.0.0-py3.10.egg-info
[4.213s] running install_scripts
[4.295s] Installing arm_planner script to /home/pi/workspace/ControlTower/install/ct_package/lib/ct_package
[4.296s] Installing cam_coord_transform script to /home/pi/workspace/ControlTower/install/ct_package/lib/ct_package
[4.297s] Installing camera_calibration script to /home/pi/workspace/ControlTower/install/ct_package/lib/ct_package
[4.298s] Installing camera_subscriber script to /home/pi/workspace/ControlTower/install/ct_package/lib/ct_package
[4.299s] Installing data_publisher script to /home/pi/workspace/ControlTower/install/ct_package/lib/ct_package
[4.300s] Installing mqtt_communication script to /home/pi/workspace/ControlTower/install/ct_package/lib/ct_package
[4.301s] Installing trash_detector script to /home/pi/workspace/ControlTower/install/ct_package/lib/ct_package
[4.303s] writing list of installed files to '/home/pi/workspace/ControlTower/build/ct_package/install.log'
[4.426s] Invoked command in '/home/pi/workspace/ControlTower/src/ct_package' returned '0': PYTHONPATH=/home/pi/workspace/ControlTower/build/ct_package/prefix_override:/usr/lib/python3/dist-packages/colcon_core/task/python/colcon_distutils_commands:/home/pi/workspace/ControlTower/install/ct_package/lib/python3.10/site-packages:${PYTHONPATH} /usr/bin/python3 -W ignore:setup.py install is deprecated setup.py egg_info --egg-base ../../build/ct_package build --build-base /home/pi/workspace/ControlTower/build/ct_package/build install --record /home/pi/workspace/ControlTower/build/ct_package/install.log --single-version-externally-managed install_data
