running egg_info
writing ../../build/ct_package/ct_package.egg-info/PKG-INFO
writing dependency_links to ../../build/ct_package/ct_package.egg-info/dependency_links.txt
writing entry points to ../../build/ct_package/ct_package.egg-info/entry_points.txt
writing requirements to ../../build/ct_package/ct_package.egg-info/requires.txt
writing top-level names to ../../build/ct_package/ct_package.egg-info/top_level.txt
reading manifest file '../../build/ct_package/ct_package.egg-info/SOURCES.txt'
writing manifest file '../../build/ct_package/ct_package.egg-info/SOURCES.txt'
running build
running build_py
running install
running install_lib
running install_data
running install_egg_info
removing '/home/pi/workspace/ControlTower/install/ct_package/lib/python3.10/site-packages/ct_package-0.0.0-py3.10.egg-info' (and everything under it)
Copying ../../build/ct_package/ct_package.egg-info to /home/pi/workspace/ControlTower/install/ct_package/lib/python3.10/site-packages/ct_package-0.0.0-py3.10.egg-info
running install_scripts
Installing arm_planner script to /home/pi/workspace/ControlTower/install/ct_package/lib/ct_package
Installing cam_coord_transform script to /home/pi/workspace/ControlTower/install/ct_package/lib/ct_package
Installing camera_calibration script to /home/pi/workspace/ControlTower/install/ct_package/lib/ct_package
Installing camera_subscriber script to /home/pi/workspace/ControlTower/install/ct_package/lib/ct_package
Installing data_publisher script to /home/pi/workspace/ControlTower/install/ct_package/lib/ct_package
Installing mqtt_communication script to /home/pi/workspace/ControlTower/install/ct_package/lib/ct_package
Installing trash_detector script to /home/pi/workspace/ControlTower/install/ct_package/lib/ct_package
writing list of installed files to '/home/pi/workspace/ControlTower/build/ct_package/install.log'
