[4.093s] Invoking command in '/home/pi/workspace/ControlTower/src/ct_package': PYTHONPATH=/home/pi/workspace/ControlTower/build/ct_package/prefix_override:/usr/lib/python3/dist-packages/colcon_core/task/python/colcon_distutils_commands:/home/pi/workspace/ControlTower/install/ct_package/lib/python3.10/site-packages:${PYTHONPATH} /usr/bin/python3 -W ignore:setup.py install is deprecated setup.py egg_info --egg-base ../../build/ct_package build --build-base /home/pi/workspace/ControlTower/build/ct_package/build install --record /home/pi/workspace/ControlTower/build/ct_package/install.log --single-version-externally-managed install_data
[6.490s] running egg_info
[6.494s] writing ../../build/ct_package/ct_package.egg-info/PKG-INFO
[6.496s] writing dependency_links to ../../build/ct_package/ct_package.egg-info/dependency_links.txt
[6.500s] writing entry points to ../../build/ct_package/ct_package.egg-info/entry_points.txt
[6.501s] writing requirements to ../../build/ct_package/ct_package.egg-info/requires.txt
[6.502s] writing top-level names to ../../build/ct_package/ct_package.egg-info/top_level.txt
[6.513s] reading manifest file '../../build/ct_package/ct_package.egg-info/SOURCES.txt'
[6.515s] writing manifest file '../../build/ct_package/ct_package.egg-info/SOURCES.txt'
[6.519s] running build
[6.520s] running build_py
[6.525s] running install
[6.530s] running install_lib
[6.537s] running install_data
[6.540s] running install_egg_info
[6.550s] removing '/home/pi/workspace/ControlTower/install/ct_package/lib/python3.10/site-packages/ct_package-0.0.0-py3.10.egg-info' (and everything under it)
[6.554s] Copying ../../build/ct_package/ct_package.egg-info to /home/pi/workspace/ControlTower/install/ct_package/lib/python3.10/site-packages/ct_package-0.0.0-py3.10.egg-info
[6.573s] running install_scripts
[6.714s] Installing arm_planner script to /home/pi/workspace/ControlTower/install/ct_package/lib/ct_package
[6.719s] Installing cam_coord_transform script to /home/pi/workspace/ControlTower/install/ct_package/lib/ct_package
[6.720s] Installing camera_calibration script to /home/pi/workspace/ControlTower/install/ct_package/lib/ct_package
[6.729s] Installing camera_subscriber script to /home/pi/workspace/ControlTower/install/ct_package/lib/ct_package
[6.734s] Installing data_publisher script to /home/pi/workspace/ControlTower/install/ct_package/lib/ct_package
[6.734s] Installing mqtt_communication script to /home/pi/workspace/ControlTower/install/ct_package/lib/ct_package
[6.735s] Installing trash_detector script to /home/pi/workspace/ControlTower/install/ct_package/lib/ct_package
[6.746s] writing list of installed files to '/home/pi/workspace/ControlTower/build/ct_package/install.log'
[7.010s] Invoked command in '/home/pi/workspace/ControlTower/src/ct_package' returned '0': PYTHONPATH=/home/pi/workspace/ControlTower/build/ct_package/prefix_override:/usr/lib/python3/dist-packages/colcon_core/task/python/colcon_distutils_commands:/home/pi/workspace/ControlTower/install/ct_package/lib/python3.10/site-packages:${PYTHONPATH} /usr/bin/python3 -W ignore:setup.py install is deprecated setup.py egg_info --egg-base ../../build/ct_package build --build-base /home/pi/workspace/ControlTower/build/ct_package/build install --record /home/pi/workspace/ControlTower/build/ct_package/install.log --single-version-externally-managed install_data
