[0.620s] DEBUG:colcon:Command line arguments: ['/usr/bin/colcon', 'build']
[0.621s] DEBUG:colcon:Parsed command line arguments: Namespace(log_base=None, log_level=None, verb_name='build', build_base='build', install_base='install', merge_install=False, symlink_install=False, test_result_base=None, continue_on_error=False, executor='parallel', parallel_workers=4, event_handlers=None, ignore_user_meta=False, metas=['./colcon.meta'], base_paths=['.'], packages_ignore=None, packages_ignore_regex=None, paths=None, packages_up_to=None, packages_up_to_regex=None, packages_above=None, packages_above_and_dependencies=None, packages_above_depth=None, packages_select_by_dep=None, packages_skip_by_dep=None, packages_skip_up_to=None, packages_select_build_failed=False, packages_skip_build_finished=False, packages_select_test_failures=False, packages_skip_test_passed=False, packages_select=None, packages_skip=None, packages_select_regex=None, packages_skip_regex=None, packages_start=None, packages_end=None, allow_overriding=[], cmake_args=None, cmake_target=None, cmake_target_skip_unavailable=False, cmake_clean_cache=False, cmake_clean_first=False, cmake_force_configure=False, ament_cmake_args=None, catkin_cmake_args=None, catkin_skip_building_tests=False, mixin_files=None, mixin=None, verb_parser=<colcon_mixin.mixin.mixin_argument.MixinArgumentDecorator object at 0xffffaa6fdc60>, verb_extension=<colcon_core.verb.build.BuildVerb object at 0xffffaa8163b0>, main=<bound method BuildVerb.main of <colcon_core.verb.build.BuildVerb object at 0xffffaa8163b0>>, mixin_verb=('build',))
[1.623s] Level 1:colcon.colcon_core.package_discovery:discover_packages(colcon_meta) check parameters
[1.624s] Level 1:colcon.colcon_core.package_discovery:discover_packages(recursive) check parameters
[1.624s] Level 1:colcon.colcon_core.package_discovery:discover_packages(ignore) check parameters
[1.624s] Level 1:colcon.colcon_core.package_discovery:discover_packages(path) check parameters
[1.624s] Level 1:colcon.colcon_core.package_discovery:discover_packages(colcon_meta) discover
[1.624s] Level 1:colcon.colcon_core.package_discovery:discover_packages(recursive) discover
[1.624s] INFO:colcon.colcon_core.package_discovery:Crawling recursively for packages in '/home/pi/workspace/ControlTower'
[1.625s] Level 1:colcon.colcon_core.package_identification:_identify(.) by extensions ['ignore', 'ignore_ament_install']
[1.625s] Level 1:colcon.colcon_core.package_identification:_identify(.) by extension 'ignore'
[1.625s] Level 1:colcon.colcon_core.package_identification:_identify(.) by extension 'ignore_ament_install'
[1.626s] Level 1:colcon.colcon_core.package_identification:_identify(.) by extensions ['colcon_pkg']
[1.626s] Level 1:colcon.colcon_core.package_identification:_identify(.) by extension 'colcon_pkg'
[1.626s] Level 1:colcon.colcon_core.package_identification:_identify(.) by extensions ['colcon_meta']
[1.626s] Level 1:colcon.colcon_core.package_identification:_identify(.) by extension 'colcon_meta'
[1.626s] Level 1:colcon.colcon_core.package_identification:_identify(.) by extensions ['ros']
[1.626s] Level 1:colcon.colcon_core.package_identification:_identify(.) by extension 'ros'
[1.699s] Level 1:colcon.colcon_core.package_identification:_identify(.) by extensions ['cmake', 'python']
[1.699s] Level 1:colcon.colcon_core.package_identification:_identify(.) by extension 'cmake'
[1.700s] Level 1:colcon.colcon_core.package_identification:_identify(.) by extension 'python'
[1.700s] Level 1:colcon.colcon_core.package_identification:_identify(.) by extensions ['python_setup_py']
[1.700s] Level 1:colcon.colcon_core.package_identification:_identify(.) by extension 'python_setup_py'
[1.701s] Level 1:colcon.colcon_core.package_identification:_identify(build) by extensions ['ignore', 'ignore_ament_install']
[1.701s] Level 1:colcon.colcon_core.package_identification:_identify(build) by extension 'ignore'
[1.701s] Level 1:colcon.colcon_core.package_identification:_identify(build) ignored
[1.702s] Level 1:colcon.colcon_core.package_identification:_identify(install) by extensions ['ignore', 'ignore_ament_install']
[1.702s] Level 1:colcon.colcon_core.package_identification:_identify(install) by extension 'ignore'
[1.702s] Level 1:colcon.colcon_core.package_identification:_identify(install) ignored
[1.703s] Level 1:colcon.colcon_core.package_identification:_identify(log) by extensions ['ignore', 'ignore_ament_install']
[1.703s] Level 1:colcon.colcon_core.package_identification:_identify(log) by extension 'ignore'
[1.703s] Level 1:colcon.colcon_core.package_identification:_identify(log) ignored
[1.703s] Level 1:colcon.colcon_core.package_identification:_identify(src) by extensions ['ignore', 'ignore_ament_install']
[1.704s] Level 1:colcon.colcon_core.package_identification:_identify(src) by extension 'ignore'
[1.704s] Level 1:colcon.colcon_core.package_identification:_identify(src) by extension 'ignore_ament_install'
[1.704s] Level 1:colcon.colcon_core.package_identification:_identify(src) by extensions ['colcon_pkg']
[1.704s] Level 1:colcon.colcon_core.package_identification:_identify(src) by extension 'colcon_pkg'
[1.705s] Level 1:colcon.colcon_core.package_identification:_identify(src) by extensions ['colcon_meta']
[1.705s] Level 1:colcon.colcon_core.package_identification:_identify(src) by extension 'colcon_meta'
[1.705s] Level 1:colcon.colcon_core.package_identification:_identify(src) by extensions ['ros']
[1.705s] Level 1:colcon.colcon_core.package_identification:_identify(src) by extension 'ros'
[1.705s] Level 1:colcon.colcon_core.package_identification:_identify(src) by extensions ['cmake', 'python']
[1.705s] Level 1:colcon.colcon_core.package_identification:_identify(src) by extension 'cmake'
[1.706s] Level 1:colcon.colcon_core.package_identification:_identify(src) by extension 'python'
[1.706s] Level 1:colcon.colcon_core.package_identification:_identify(src) by extensions ['python_setup_py']
[1.706s] Level 1:colcon.colcon_core.package_identification:_identify(src) by extension 'python_setup_py'
[1.707s] Level 1:colcon.colcon_core.package_identification:_identify(src/ct_package) by extensions ['ignore', 'ignore_ament_install']
[1.707s] Level 1:colcon.colcon_core.package_identification:_identify(src/ct_package) by extension 'ignore'
[1.707s] Level 1:colcon.colcon_core.package_identification:_identify(src/ct_package) by extension 'ignore_ament_install'
[1.708s] Level 1:colcon.colcon_core.package_identification:_identify(src/ct_package) by extensions ['colcon_pkg']
[1.708s] Level 1:colcon.colcon_core.package_identification:_identify(src/ct_package) by extension 'colcon_pkg'
[1.708s] Level 1:colcon.colcon_core.package_identification:_identify(src/ct_package) by extensions ['colcon_meta']
[1.708s] Level 1:colcon.colcon_core.package_identification:_identify(src/ct_package) by extension 'colcon_meta'
[1.708s] Level 1:colcon.colcon_core.package_identification:_identify(src/ct_package) by extensions ['ros']
[1.708s] Level 1:colcon.colcon_core.package_identification:_identify(src/ct_package) by extension 'ros'
[1.720s] DEBUG:colcon.colcon_core.package_identification:Package 'src/ct_package' with type 'ros.ament_python' and name 'ct_package'
[1.721s] Level 1:colcon.colcon_core.package_identification:_identify(src/interface_package) by extensions ['ignore', 'ignore_ament_install']
[1.721s] Level 1:colcon.colcon_core.package_identification:_identify(src/interface_package) by extension 'ignore'
[1.722s] Level 1:colcon.colcon_core.package_identification:_identify(src/interface_package) by extension 'ignore_ament_install'
[1.722s] Level 1:colcon.colcon_core.package_identification:_identify(src/interface_package) by extensions ['colcon_pkg']
[1.722s] Level 1:colcon.colcon_core.package_identification:_identify(src/interface_package) by extension 'colcon_pkg'
[1.722s] Level 1:colcon.colcon_core.package_identification:_identify(src/interface_package) by extensions ['colcon_meta']
[1.722s] Level 1:colcon.colcon_core.package_identification:_identify(src/interface_package) by extension 'colcon_meta'
[1.722s] Level 1:colcon.colcon_core.package_identification:_identify(src/interface_package) by extensions ['ros']
[1.723s] Level 1:colcon.colcon_core.package_identification:_identify(src/interface_package) by extension 'ros'
[1.725s] DEBUG:colcon.colcon_core.package_identification:Package 'src/interface_package' with type 'ros.ament_cmake' and name 'interface_package'
[1.725s] Level 1:colcon.colcon_core.package_discovery:discover_packages(recursive) using defaults
[1.726s] Level 1:colcon.colcon_core.package_discovery:discover_packages(ignore) discover
[1.726s] Level 1:colcon.colcon_core.package_discovery:discover_packages(ignore) using defaults
[1.726s] Level 1:colcon.colcon_core.package_discovery:discover_packages(path) discover
[1.726s] Level 1:colcon.colcon_core.package_discovery:discover_packages(path) using defaults
[1.834s] Level 1:colcon.colcon_core.package_discovery:discover_packages(prefix_path) check parameters
[1.835s] Level 1:colcon.colcon_core.package_discovery:discover_packages(prefix_path) discover
[1.850s] DEBUG:colcon.colcon_installed_package_information.package_discovery:Found 270 installed packages in /opt/ros/humble
[1.860s] Level 1:colcon.colcon_core.package_discovery:discover_packages(prefix_path) using defaults
[2.107s] Level 5:colcon.colcon_core.verb:set package 'ct_package' build argument 'cmake_args' from command line to 'None'
[2.107s] Level 5:colcon.colcon_core.verb:set package 'ct_package' build argument 'cmake_target' from command line to 'None'
[2.107s] Level 5:colcon.colcon_core.verb:set package 'ct_package' build argument 'cmake_target_skip_unavailable' from command line to 'False'
[2.107s] Level 5:colcon.colcon_core.verb:set package 'ct_package' build argument 'cmake_clean_cache' from command line to 'False'
[2.108s] Level 5:colcon.colcon_core.verb:set package 'ct_package' build argument 'cmake_clean_first' from command line to 'False'
[2.108s] Level 5:colcon.colcon_core.verb:set package 'ct_package' build argument 'cmake_force_configure' from command line to 'False'
[2.108s] Level 5:colcon.colcon_core.verb:set package 'ct_package' build argument 'ament_cmake_args' from command line to 'None'
[2.108s] Level 5:colcon.colcon_core.verb:set package 'ct_package' build argument 'catkin_cmake_args' from command line to 'None'
[2.108s] Level 5:colcon.colcon_core.verb:set package 'ct_package' build argument 'catkin_skip_building_tests' from command line to 'False'
[2.108s] DEBUG:colcon.colcon_core.verb:Building package 'ct_package' with the following arguments: {'ament_cmake_args': None, 'build_base': '/home/pi/workspace/ControlTower/build/ct_package', 'catkin_cmake_args': None, 'catkin_skip_building_tests': False, 'cmake_args': None, 'cmake_clean_cache': False, 'cmake_clean_first': False, 'cmake_force_configure': False, 'cmake_target': None, 'cmake_target_skip_unavailable': False, 'install_base': '/home/pi/workspace/ControlTower/install/ct_package', 'merge_install': False, 'path': '/home/pi/workspace/ControlTower/src/ct_package', 'symlink_install': False, 'test_result_base': None}
[2.110s] Level 5:colcon.colcon_core.verb:set package 'interface_package' build argument 'cmake_args' from command line to 'None'
[2.110s] Level 5:colcon.colcon_core.verb:set package 'interface_package' build argument 'cmake_target' from command line to 'None'
[2.110s] Level 5:colcon.colcon_core.verb:set package 'interface_package' build argument 'cmake_target_skip_unavailable' from command line to 'False'
[2.110s] Level 5:colcon.colcon_core.verb:set package 'interface_package' build argument 'cmake_clean_cache' from command line to 'False'
[2.111s] Level 5:colcon.colcon_core.verb:set package 'interface_package' build argument 'cmake_clean_first' from command line to 'False'
[2.111s] Level 5:colcon.colcon_core.verb:set package 'interface_package' build argument 'cmake_force_configure' from command line to 'False'
[2.111s] Level 5:colcon.colcon_core.verb:set package 'interface_package' build argument 'ament_cmake_args' from command line to 'None'
[2.111s] Level 5:colcon.colcon_core.verb:set package 'interface_package' build argument 'catkin_cmake_args' from command line to 'None'
[2.111s] Level 5:colcon.colcon_core.verb:set package 'interface_package' build argument 'catkin_skip_building_tests' from command line to 'False'
[2.111s] DEBUG:colcon.colcon_core.verb:Building package 'interface_package' with the following arguments: {'ament_cmake_args': None, 'build_base': '/home/pi/workspace/ControlTower/build/interface_package', 'catkin_cmake_args': None, 'catkin_skip_building_tests': False, 'cmake_args': None, 'cmake_clean_cache': False, 'cmake_clean_first': False, 'cmake_force_configure': False, 'cmake_target': None, 'cmake_target_skip_unavailable': False, 'install_base': '/home/pi/workspace/ControlTower/install/interface_package', 'merge_install': False, 'path': '/home/pi/workspace/ControlTower/src/interface_package', 'symlink_install': False, 'test_result_base': None}
[2.112s] INFO:colcon.colcon_core.executor:Executing jobs using 'parallel' executor
[2.117s] DEBUG:colcon.colcon_parallel_executor.executor.parallel:run_until_complete
[2.119s] INFO:colcon.colcon_ros.task.ament_python.build:Building ROS package in '/home/pi/workspace/ControlTower/src/ct_package' with build type 'ament_python'
[2.119s] Level 1:colcon.colcon_core.shell:create_environment_hook('ct_package', 'ament_prefix_path')
[2.130s] INFO:colcon.colcon_core.plugin_system:Skipping extension 'colcon_core.shell.bat': Not used on non-Windows systems
[2.132s] INFO:colcon.colcon_core.shell:Creating environment hook '/home/pi/workspace/ControlTower/install/ct_package/share/ct_package/hook/ament_prefix_path.ps1'
[2.137s] INFO:colcon.colcon_core.shell:Creating environment descriptor '/home/pi/workspace/ControlTower/install/ct_package/share/ct_package/hook/ament_prefix_path.dsv'
[2.139s] INFO:colcon.colcon_core.shell:Creating environment hook '/home/pi/workspace/ControlTower/install/ct_package/share/ct_package/hook/ament_prefix_path.sh'
[2.144s] INFO:colcon.colcon_core.shell:Skip shell extension 'powershell' for command environment: Not usable outside of PowerShell
[2.144s] DEBUG:colcon.colcon_core.shell:Skip shell extension 'dsv' for command environment
[2.162s] INFO:colcon.colcon_ros.task.ament_cmake.build:Building ROS package in '/home/pi/workspace/ControlTower/src/interface_package' with build type 'ament_cmake'
[2.163s] INFO:colcon.colcon_cmake.task.cmake.build:Building CMake package in '/home/pi/workspace/ControlTower/src/interface_package'
[2.165s] INFO:colcon.colcon_core.shell:Skip shell extension 'powershell' for command environment: Not usable outside of PowerShell
[2.166s] DEBUG:colcon.colcon_core.shell:Skip shell extension 'dsv' for command environment
[3.693s] INFO:colcon.colcon_core.task.python.build:Building Python package in '/home/pi/workspace/ControlTower/src/ct_package'
[3.694s] INFO:colcon.colcon_core.shell:Skip shell extension 'powershell' for command environment: Not usable outside of PowerShell
[3.694s] DEBUG:colcon.colcon_core.shell:Skip shell extension 'dsv' for command environment
[3.731s] DEBUG:colcon.colcon_core.event_handler.log_command:Invoking command in '/home/pi/workspace/ControlTower/build/interface_package': CMAKE_PREFIX_PATH=/opt/ros/humble /usr/bin/cmake /home/pi/workspace/ControlTower/src/interface_package -DCMAKE_INSTALL_PREFIX=/home/pi/workspace/ControlTower/install/interface_package
[5.855s] DEBUG:colcon.colcon_core.event_handler.log_command:Invoking command in '/home/pi/workspace/ControlTower/src/ct_package': PYTHONPATH=/home/pi/workspace/ControlTower/build/ct_package/prefix_override:/usr/lib/python3/dist-packages/colcon_core/task/python/colcon_distutils_commands:/home/pi/workspace/ControlTower/install/ct_package/lib/python3.10/site-packages:${PYTHONPATH} /usr/bin/python3 -W ignore:setup.py install is deprecated setup.py egg_info --egg-base ../../build/ct_package build --build-base /home/pi/workspace/ControlTower/build/ct_package/build install --record /home/pi/workspace/ControlTower/build/ct_package/install.log --single-version-externally-managed install_data
[8.092s] DEBUG:colcon.colcon_core.event_handler.log_command:Invoked command in '/home/pi/workspace/ControlTower/src/ct_package' returned '0': PYTHONPATH=/home/pi/workspace/ControlTower/build/ct_package/prefix_override:/usr/lib/python3/dist-packages/colcon_core/task/python/colcon_distutils_commands:/home/pi/workspace/ControlTower/install/ct_package/lib/python3.10/site-packages:${PYTHONPATH} /usr/bin/python3 -W ignore:setup.py install is deprecated setup.py egg_info --egg-base ../../build/ct_package build --build-base /home/pi/workspace/ControlTower/build/ct_package/build install --record /home/pi/workspace/ControlTower/build/ct_package/install.log --single-version-externally-managed install_data
[8.119s] Level 1:colcon.colcon_core.environment:checking '/home/pi/workspace/ControlTower/install/ct_package' for CMake module files
[8.122s] Level 1:colcon.colcon_core.environment:checking '/home/pi/workspace/ControlTower/install/ct_package' for CMake config files
[8.129s] Level 1:colcon.colcon_core.environment:checking '/home/pi/workspace/ControlTower/install/ct_package/lib'
[8.131s] Level 1:colcon.colcon_core.environment:checking '/home/pi/workspace/ControlTower/install/ct_package/bin'
[8.132s] Level 1:colcon.colcon_core.environment:checking '/home/pi/workspace/ControlTower/install/ct_package/lib/pkgconfig/ct_package.pc'
[8.133s] Level 1:colcon.colcon_core.environment:checking '/home/pi/workspace/ControlTower/install/ct_package/lib/python3.10/site-packages'
[8.134s] Level 1:colcon.colcon_core.shell:create_environment_hook('ct_package', 'pythonpath')
[8.135s] INFO:colcon.colcon_core.shell:Creating environment hook '/home/pi/workspace/ControlTower/install/ct_package/share/ct_package/hook/pythonpath.ps1'
[8.139s] INFO:colcon.colcon_core.shell:Creating environment descriptor '/home/pi/workspace/ControlTower/install/ct_package/share/ct_package/hook/pythonpath.dsv'
[8.141s] INFO:colcon.colcon_core.shell:Creating environment hook '/home/pi/workspace/ControlTower/install/ct_package/share/ct_package/hook/pythonpath.sh'
[8.144s] Level 1:colcon.colcon_core.environment:checking '/home/pi/workspace/ControlTower/install/ct_package/bin'
[8.145s] Level 1:colcon.colcon_core.environment:create_environment_scripts_only(ct_package)
[8.148s] INFO:colcon.colcon_core.shell:Creating package script '/home/pi/workspace/ControlTower/install/ct_package/share/ct_package/package.ps1'
[8.152s] INFO:colcon.colcon_core.shell:Creating package descriptor '/home/pi/workspace/ControlTower/install/ct_package/share/ct_package/package.dsv'
[8.155s] INFO:colcon.colcon_core.shell:Creating package script '/home/pi/workspace/ControlTower/install/ct_package/share/ct_package/package.sh'
[8.159s] INFO:colcon.colcon_core.shell:Creating package script '/home/pi/workspace/ControlTower/install/ct_package/share/ct_package/package.bash'
[8.163s] INFO:colcon.colcon_core.shell:Creating package script '/home/pi/workspace/ControlTower/install/ct_package/share/ct_package/package.zsh'
[8.168s] Level 1:colcon.colcon_core.environment:create_file_with_runtime_dependencies(/home/pi/workspace/ControlTower/install/ct_package/share/colcon-core/packages/ct_package)
[14.279s] DEBUG:colcon.colcon_core.event_handler.log_command:Invoked command in '/home/pi/workspace/ControlTower/build/interface_package' returned '0': CMAKE_PREFIX_PATH=/opt/ros/humble /usr/bin/cmake /home/pi/workspace/ControlTower/src/interface_package -DCMAKE_INSTALL_PREFIX=/home/pi/workspace/ControlTower/install/interface_package
[14.290s] DEBUG:colcon.colcon_core.event_handler.log_command:Invoking command in '/home/pi/workspace/ControlTower/build/interface_package': CMAKE_PREFIX_PATH=/opt/ros/humble /usr/bin/cmake --build /home/pi/workspace/ControlTower/build/interface_package -- -j4 -l4
[43.321s] DEBUG:colcon.colcon_core.event_handler.log_command:Invoked command in '/home/pi/workspace/ControlTower/build/interface_package' returned '0': CMAKE_PREFIX_PATH=/opt/ros/humble /usr/bin/cmake --build /home/pi/workspace/ControlTower/build/interface_package -- -j4 -l4
[44.023s] DEBUG:colcon.colcon_core.event_handler.log_command:Invoking command in '/home/pi/workspace/ControlTower/build/interface_package': CMAKE_PREFIX_PATH=/opt/ros/humble /usr/bin/cmake --install /home/pi/workspace/ControlTower/build/interface_package
[44.568s] Level 1:colcon.colcon_core.environment:create_environment_scripts_only(interface_package)
[44.569s] Level 1:colcon.colcon_core.environment:checking '/home/pi/workspace/ControlTower/install/interface_package' for CMake module files
[44.571s] DEBUG:colcon.colcon_core.event_handler.log_command:Invoked command in '/home/pi/workspace/ControlTower/build/interface_package' returned '0': CMAKE_PREFIX_PATH=/opt/ros/humble /usr/bin/cmake --install /home/pi/workspace/ControlTower/build/interface_package
[44.575s] Level 1:colcon.colcon_core.environment:checking '/home/pi/workspace/ControlTower/install/interface_package' for CMake config files
[44.579s] Level 1:colcon.colcon_core.shell:create_environment_hook('interface_package', 'cmake_prefix_path')
[44.582s] INFO:colcon.colcon_core.shell:Creating environment hook '/home/pi/workspace/ControlTower/install/interface_package/share/interface_package/hook/cmake_prefix_path.ps1'
[44.585s] INFO:colcon.colcon_core.shell:Creating environment descriptor '/home/pi/workspace/ControlTower/install/interface_package/share/interface_package/hook/cmake_prefix_path.dsv'
[44.586s] INFO:colcon.colcon_core.shell:Creating environment hook '/home/pi/workspace/ControlTower/install/interface_package/share/interface_package/hook/cmake_prefix_path.sh'
[44.589s] Level 1:colcon.colcon_core.environment:checking '/home/pi/workspace/ControlTower/install/interface_package/lib'
[44.590s] Level 1:colcon.colcon_core.shell:create_environment_hook('interface_package', 'ld_library_path_lib')
[44.591s] INFO:colcon.colcon_core.shell:Creating environment hook '/home/pi/workspace/ControlTower/install/interface_package/share/interface_package/hook/ld_library_path_lib.ps1'
[44.593s] INFO:colcon.colcon_core.shell:Creating environment descriptor '/home/pi/workspace/ControlTower/install/interface_package/share/interface_package/hook/ld_library_path_lib.dsv'
[44.595s] INFO:colcon.colcon_core.shell:Creating environment hook '/home/pi/workspace/ControlTower/install/interface_package/share/interface_package/hook/ld_library_path_lib.sh'
[44.598s] Level 1:colcon.colcon_core.environment:checking '/home/pi/workspace/ControlTower/install/interface_package/bin'
[44.599s] Level 1:colcon.colcon_core.environment:checking '/home/pi/workspace/ControlTower/install/interface_package/lib/pkgconfig/interface_package.pc'
[44.600s] Level 1:colcon.colcon_core.environment:checking '/home/pi/workspace/ControlTower/install/interface_package/lib/python3.10/site-packages'
[44.601s] Level 1:colcon.colcon_core.environment:checking '/home/pi/workspace/ControlTower/install/interface_package/bin'
[44.602s] INFO:colcon.colcon_core.shell:Creating package script '/home/pi/workspace/ControlTower/install/interface_package/share/interface_package/package.ps1'
[44.605s] INFO:colcon.colcon_core.shell:Creating package descriptor '/home/pi/workspace/ControlTower/install/interface_package/share/interface_package/package.dsv'
[44.607s] INFO:colcon.colcon_core.shell:Creating package script '/home/pi/workspace/ControlTower/install/interface_package/share/interface_package/package.sh'
[44.609s] INFO:colcon.colcon_core.shell:Creating package script '/home/pi/workspace/ControlTower/install/interface_package/share/interface_package/package.bash'
[44.612s] INFO:colcon.colcon_core.shell:Creating package script '/home/pi/workspace/ControlTower/install/interface_package/share/interface_package/package.zsh'
[44.615s] Level 1:colcon.colcon_core.environment:create_file_with_runtime_dependencies(/home/pi/workspace/ControlTower/install/interface_package/share/colcon-core/packages/interface_package)
[45.299s] Level 1:colcon.colcon_core.environment:create_environment_scripts_only(interface_package)
[45.300s] Level 1:colcon.colcon_core.environment:checking '/home/pi/workspace/ControlTower/install/interface_package' for CMake module files
[45.305s] Level 1:colcon.colcon_core.environment:checking '/home/pi/workspace/ControlTower/install/interface_package' for CMake config files
[45.308s] Level 1:colcon.colcon_core.shell:create_environment_hook('interface_package', 'cmake_prefix_path')
[45.309s] INFO:colcon.colcon_core.shell:Creating environment hook '/home/pi/workspace/ControlTower/install/interface_package/share/interface_package/hook/cmake_prefix_path.ps1'
[45.312s] INFO:colcon.colcon_core.shell:Creating environment descriptor '/home/pi/workspace/ControlTower/install/interface_package/share/interface_package/hook/cmake_prefix_path.dsv'
[45.315s] INFO:colcon.colcon_core.shell:Creating environment hook '/home/pi/workspace/ControlTower/install/interface_package/share/interface_package/hook/cmake_prefix_path.sh'
[45.318s] Level 1:colcon.colcon_core.environment:checking '/home/pi/workspace/ControlTower/install/interface_package/lib'
[45.319s] Level 1:colcon.colcon_core.shell:create_environment_hook('interface_package', 'ld_library_path_lib')
[45.320s] INFO:colcon.colcon_core.shell:Creating environment hook '/home/pi/workspace/ControlTower/install/interface_package/share/interface_package/hook/ld_library_path_lib.ps1'
[45.322s] INFO:colcon.colcon_core.shell:Creating environment descriptor '/home/pi/workspace/ControlTower/install/interface_package/share/interface_package/hook/ld_library_path_lib.dsv'
[45.324s] INFO:colcon.colcon_core.shell:Creating environment hook '/home/pi/workspace/ControlTower/install/interface_package/share/interface_package/hook/ld_library_path_lib.sh'
[45.327s] Level 1:colcon.colcon_core.environment:checking '/home/pi/workspace/ControlTower/install/interface_package/bin'
[45.328s] Level 1:colcon.colcon_core.environment:checking '/home/pi/workspace/ControlTower/install/interface_package/lib/pkgconfig/interface_package.pc'
[45.329s] Level 1:colcon.colcon_core.environment:checking '/home/pi/workspace/ControlTower/install/interface_package/lib/python3.10/site-packages'
[45.331s] Level 1:colcon.colcon_core.environment:checking '/home/pi/workspace/ControlTower/install/interface_package/bin'
[45.333s] INFO:colcon.colcon_core.shell:Creating package script '/home/pi/workspace/ControlTower/install/interface_package/share/interface_package/package.ps1'
[45.335s] INFO:colcon.colcon_core.shell:Creating package descriptor '/home/pi/workspace/ControlTower/install/interface_package/share/interface_package/package.dsv'
[45.338s] INFO:colcon.colcon_core.shell:Creating package script '/home/pi/workspace/ControlTower/install/interface_package/share/interface_package/package.sh'
[45.340s] INFO:colcon.colcon_core.shell:Creating package script '/home/pi/workspace/ControlTower/install/interface_package/share/interface_package/package.bash'
[45.343s] INFO:colcon.colcon_core.shell:Creating package script '/home/pi/workspace/ControlTower/install/interface_package/share/interface_package/package.zsh'
[45.346s] Level 1:colcon.colcon_core.environment:create_file_with_runtime_dependencies(/home/pi/workspace/ControlTower/install/interface_package/share/colcon-core/packages/interface_package)
[45.348s] DEBUG:colcon.colcon_parallel_executor.executor.parallel:closing loop
[45.350s] DEBUG:colcon.colcon_parallel_executor.executor.parallel:loop closed
[45.350s] DEBUG:colcon.colcon_parallel_executor.executor.parallel:run_until_complete finished with '0'
[45.350s] DEBUG:colcon.colcon_core.event_reactor:joining thread
[45.382s] INFO:colcon.colcon_core.plugin_system:Skipping extension 'colcon_notification.desktop_notification.terminal_notifier': Not used on non-Darwin systems
[45.383s] INFO:colcon.colcon_core.plugin_system:Skipping extension 'colcon_notification.desktop_notification.win32': Not used on non-Windows systems
[45.383s] INFO:colcon.colcon_notification.desktop_notification:Sending desktop notification using 'notify2'
[45.623s] DEBUG:colcon.colcon_core.event_reactor:joined thread
[45.625s] INFO:colcon.colcon_core.shell:Creating prefix script '/home/pi/workspace/ControlTower/install/local_setup.ps1'
[45.632s] INFO:colcon.colcon_core.shell:Creating prefix util module '/home/pi/workspace/ControlTower/install/_local_setup_util_ps1.py'
[45.640s] INFO:colcon.colcon_core.shell:Creating prefix chain script '/home/pi/workspace/ControlTower/install/setup.ps1'
[45.645s] INFO:colcon.colcon_core.shell:Creating prefix script '/home/pi/workspace/ControlTower/install/local_setup.sh'
[45.649s] INFO:colcon.colcon_core.shell:Creating prefix util module '/home/pi/workspace/ControlTower/install/_local_setup_util_sh.py'
[45.652s] INFO:colcon.colcon_core.shell:Creating prefix chain script '/home/pi/workspace/ControlTower/install/setup.sh'
[45.657s] INFO:colcon.colcon_core.shell:Creating prefix script '/home/pi/workspace/ControlTower/install/local_setup.bash'
[45.660s] INFO:colcon.colcon_core.shell:Creating prefix chain script '/home/pi/workspace/ControlTower/install/setup.bash'
[45.667s] INFO:colcon.colcon_core.shell:Creating prefix script '/home/pi/workspace/ControlTower/install/local_setup.zsh'
[45.671s] INFO:colcon.colcon_core.shell:Creating prefix chain script '/home/pi/workspace/ControlTower/install/setup.zsh'
